{"meta": {"format": 3, "version": "7.15.2", "timestamp": "2026-09-21T20:28:27.056999", "branch_coverage": true, "show_contexts": false}, "files": {"src\\dmf_pulse\\ingestion\\openfootball\\config.py": {"executed_lines": [3, 5, 6, 7, 8, 9, 10, 11, 13, 15, 16, 17, 19, 20, 21, 22, 23, 25, 26, 27, 30, 31, 34, 35, 36, 37, 39, 40, 41, 42, 43, 46, 47, 48, 49, 50, 52, 53, 54, 55, 56, 57, 59, 60, 61, 62, 63, 64, 66, 67, 68, 69, 70, 71, 74, 75, 76, 77, 78, 79, 80, 81, 82, 83, 84, 86, 87, 88, 89, 90, 91, 93, 94, 95, 96, 97, 98, 99, 100, 101, 102, 105, 106, 107, 108, 109, 110, 111, 112, 113, 114, 115, 116, 117, 118, 119, 120, 121, 122, 123, 124, 125, 126, 128, 129, 130, 131, 133, 135, 136, 137, 138, 140, 142, 143, 144, 145, 147, 149, 150, 151, 152, 153, 158, 159, 160, 162, 163, 164, 166, 167, 168, 169, 170, 173, 174, 175, 176, 177, 178, 179, 182, 183, 186, 187, 188, 189, 190, 191, 192, 193, 194, 195, 204, 205, 212, 213, 214, 221, 224, 225, 230, 231, 232, 239, 240, 241, 242, 243, 244, 250, 251, 254, 255, 259, 262, 265, 266, 267, 274, 275, 276, 277, 280, 281, 282, 289, 290, 291, 292, 295], "summary": {"covered_lines": 191, "num_statements": 201, "percent_covered": 93.92712550607287, "percent_covered_display": "94", "missing_lines": 10, "excluded_lines": 0, "percent_statements_covered": 95.02487562189054, "percent_statements_covered_display": "95", "num_branches": 46, "num_partial_branches": 5, "covered_branches": 41, "missing_branches": 5, "percent_branches_covered": 89.1304347826087, "percent_branches_covered_display": "89"}, "missing_lines": [132, 139, 146, 161, 196, 197, 198, 199, 200, 201], "excluded_lines": [], "executed_branches": [[41, 42], [41, 43], [55, 56], [55, 57], [62, 63], [62, 64], [69, 70], [69, 71], [89, 90], [89, 91], [96, 97], [96, 98], [98, 99], [98, 100], [100, 101], [100, 102], [131, 133], [138, 140], [145, 147], [151, 152], [151, 153], [153, 158], [153, 159], [160, 162], [162, 163], [162, 164], [168, 169], [168, 170], [175, 176], [175, 179], [176, 177], [176, 178], [187, 188], [187, 192], [193, 194], [239, 240], [239, 241], [242, 243], [242, 244], [255, 259], [255, 262]], "missing_branches": [[131, 132], [138, 139], [145, 146], [160, 161], [193, 198]], "functions": {"OpenFootballTimeouts.validate_budget": {"executed_lines": [41, 42, 43], "summary": {"covered_lines": 3, "num_statements": 3, "percent_covered": 100.0, "percent_covered_display": "100", "missing_lines": 0, "excluded_lines": 0, "percent_statements_covered": 100.0, "percent_statements_covered_display": "100", "num_branches": 2, "num_partial_branches": 0, "covered_branches": 2, "missing_branches": 0, "percent_branches_covered": 100.0, "percent_branches_covered_display": "100"}, "missing_lines": [], "excluded_lines": [], "start_line": 40, "executed_branches": [[41, 42], [41, 43]], "missing_branches": []}, "OpenFootballResourceConfig.validate_sha1": {"executed_lines": [55, 56, 57], "summary": {"covered_lines": 3, "num_statements": 3, "percent_covered": 100.0, "percent_covered_display": "100", "missing_lines": 0, "excluded_lines": 0, "percent_statements_covered": 100.0, "percent_statements_covered_display": "100", "num_branches": 2, "num_partial_branches": 0, "covered_branches": 2, "missing_branches": 0, "percent_branches_covered": 100.0, "percent_branches_covered_display": "100"}, "missing_lines": [], "excluded_lines": [], "start_line": 54, "executed_branches": [[55, 56], [55, 57]], "missing_branches": []}, "OpenFootballResourceConfig.validate_sha256": {"executed_lines": [62, 63, 64], "summary": {"covered_lines": 3, "num_statements": 3, "percent_covered": 100.0, "percent_covered_display": "100", "missing_lines": 0, "excluded_lines": 0, "percent_statements_covered": 100.0, "percent_statements_covered_display": "100", "num_branches": 2, "num_partial_branches": 0, "covered_branches": 2, "missing_branches": 0, "percent_branches_covered": 100.0, "percent_branches_covered_display": "100"}, "missing_lines": [], "excluded_lines": [], "start_line": 61, "executed_branches": [[62, 63], [62, 64]], "missing_branches": []}, "OpenFootballResourceConfig.validate_path": {"executed_lines": [69, 70, 71], "summary": {"covered_lines": 3, "num_statements": 3, "percent_covered": 100.0, "percent_covered_display": "100", "missing_lines": 0, "excluded_lines": 0, "percent_statements_covered": 100.0, "percent_statements_covered_display": "100", "num_branches": 2, "num_partial_branches": 0, "covered_branches": 2, "missing_branches": 0, "percent_branches_covered": 100.0, "percent_branches_covered_display": "100"}, "missing_lines": [], "excluded_lines": [], "start_line": 68, "executed_branches": [[69, 70], [69, 71]], "missing_branches": []}, "OpenFootballSeasonConfig.validate_season": {"executed_lines": [89, 90, 91], "summary": {"covered_lines": 3, "num_statements": 3, "percent_covered": 100.0, "percent_covered_display": "100", "missing_lines": 0, "excluded_lines": 0, "percent_statements_covered": 100.0, "percent_statements_covered_display": "100", "num_branches": 2, "num_partial_branches": 0, "covered_branches": 2, "missing_branches": 0, "percent_branches_covered": 100.0, "percent_branches_covered_display": "100"}, "missing_lines": [], "excluded_lines": [], "start_line": 88, "executed_branches": [[89, 90], [89, 91]], "missing_branches": []}, "OpenFootballSeasonConfig.validate_counts": {"executed_lines": [95, 96, 97, 98, 99, 100, 101, 102], "summary": {"covered_lines": 8, "num_statements": 8, "percent_covered": 100.0, "percent_covered_display": "100", "missing_lines": 0, "excluded_lines": 0, "percent_statements_covered": 100.0, "percent_statements_covered_display": "100", "num_branches": 6, "num_partial_branches": 0, "covered_branches": 6, "missing_branches": 0, "percent_branches_covered": 100.0, "percent_branches_covered_display": "100"}, "missing_lines": [], "excluded_lines": [], "start_line": 94, "executed_branches": [[96, 97], [96, 98], [98, 99], [98, 100], [100, 101], [100, 102]], "missing_branches": []}, "OpenFootballProviderConfig.normalize_commit_time": {"executed_lines": [131, 133], "summary": {"covered_lines": 2, "num_statements": 3, "percent_covered": 60.0, "percent_covered_display": "60", "missing_lines": 1, "excluded_lines": 0, "percent_statements_covered": 66.66666666666667, "percent_statements_covered_display": "67", "num_branches": 2, "num_partial_branches": 1, "covered_branches": 1, "missing_branches": 1, "percent_branches_covered": 50.0, "percent_branches_covered_display": "50"}, "missing_lines": [132], "excluded_lines": [], "start_line": 130, "executed_branches": [[131, 133]], "missing_branches": [[131, 132]]}, "OpenFootballProviderConfig.validate_quantum": {"executed_lines": [138, 140], "summary": {"covered_lines": 2, "num_statements": 3, "percent_covered": 60.0, "percent_covered_display": "60", "missing_lines": 1, "excluded_lines": 0, "percent_statements_covered": 66.66666666666667, "percent_statements_covered_display": "67", "num_branches": 2, "num_partial_branches": 1, "covered_branches": 1, "missing_branches": 1, "percent_branches_covered": 50.0, "percent_branches_covered_display": "50"}, "missing_lines": [139], "excluded_lines": [], "start_line": 137, "executed_branches": [[138, 140]], "missing_branches": [[138, 139]]}, "OpenFootballProviderConfig.validate_expected_rate": {"executed_lines": [145, 147], "summary": {"covered_lines": 2, "num_statements": 3, "percent_covered": 60.0, "percent_covered_display": "60", "missing_lines": 1, "excluded_lines": 0, "percent_statements_covered": 66.66666666666667, "percent_statements_covered_display": "67", "num_branches": 2, "num_partial_branches": 1, "covered_branches": 1, "missing_branches": 1, "percent_branches_covered": 50.0, "percent_branches_covered_display": "50"}, "missing_lines": [146], "excluded_lines": [], "start_line": 144, "executed_branches": [[145, 147]], "missing_branches": [[145, 146]]}, "OpenFootballProviderConfig.validate_approved_snapshot": {"executed_lines": [151, 152, 153, 158, 159, 160, 162, 163, 164], "summary": {"covered_lines": 9, "num_statements": 10, "percent_covered": 88.88888888888889, "percent_covered_display": "89", "missing_lines": 1, "excluded_lines": 0, "percent_statements_covered": 90.0, "percent_statements_covered_display": "90", "num_branches": 8, "num_partial_branches": 1, "covered_branches": 7, "missing_branches": 1, "percent_branches_covered": 87.5, "percent_branches_covered_display": "88"}, "missing_lines": [161], "excluded_lines": [], "start_line": 150, "executed_branches": [[151, 152], [151, 153], [153, 158], [153, 159], [160, 162], [162, 163], [162, 164]], "missing_branches": [[160, 161]]}, "OpenFootballProviderConfig.raw_path": {"executed_lines": [167, 168, 169, 170], "summary": {"covered_lines": 4, "num_statements": 4, "percent_covered": 100.0, "percent_covered_display": "100", "missing_lines": 0, "excluded_lines": 0, "percent_statements_covered": 100.0, "percent_statements_covered_display": "100", "num_branches": 2, "num_partial_branches": 0, "covered_branches": 2, "missing_branches": 0, "percent_branches_covered": 100.0, "percent_branches_covered_display": "100"}, "missing_lines": [], "excluded_lines": [], "start_line": 166, "executed_branches": [[168, 169], [168, 170]], "missing_branches": []}, "_strict_object": {"executed_lines": [174, 175, 176, 177, 178, 179], "summary": {"covered_lines": 6, "num_statements": 6, "percent_covered": 100.0, "percent_covered_display": "100", "missing_lines": 0, "excluded_lines": 0, "percent_statements_covered": 100.0, "percent_statements_covered_display": "100", "num_branches": 4, "num_partial_branches": 0, "covered_branches": 4, "missing_branches": 0, "percent_branches_covered": 100.0, "percent_branches_covered_display": "100"}, "missing_lines": [], "excluded_lines": [], "start_line": 173, "executed_branches": [[175, 176], [175, 179], [176, 177], [176, 178]], "missing_branches": []}, "_reject_constant": {"executed_lines": [183], "summary": {"covered_lines": 1, "num_statements": 1, "percent_covered": 100.0, "percent_covered_display": "100", "missing_lines": 0, "excluded_lines": 0, "percent_statements_covered": 100.0, "percent_statements_covered_display": "100", "num_branches": 0, "num_partial_branches": 0, "covered_branches": 0, "missing_branches": 0, "percent_branches_covered": 100.0, "percent_branches_covered_display": "100"}, "missing_lines": [], "excluded_lines": [], "start_line": 182, "executed_branches": [], "missing_branches": []}, "_resource_bytes": {"executed_lines": [187, 188, 189, 190, 191, 192, 193, 194, 195], "summary": {"covered_lines": 9, "num_statements": 15, "percent_covered": 63.1578947368421, "percent_covered_display": "63", "missing_lines": 6, "excluded_lines": 0, "percent_statements_covered": 60.0, "percent_statements_covered_display": "60", "num_branches": 4, "num_partial_branches": 1, "covered_branches": 3, "missing_branches": 1, "percent_branches_covered": 75.0, "percent_branches_covered_display": "75"}, "missing_lines": [196, 197, 198, 199, 200, 201], "excluded_lines": [], "start_line": 186, "executed_branches": [[187, 188], [187, 192], [193, 194]], "missing_branches": [[193, 198]]}, "_json_value": {"executed_lines": [205], "summary": {"covered_lines": 1, "num_statements": 1, "percent_covered": 100.0, "percent_covered_display": "100", "missing_lines": 0, "excluded_lines": 0, "percent_statements_covered": 100.0, "percent_statements_covered_display": "100", "num_branches": 0, "num_partial_branches": 0, "covered_branches": 0, "missing_branches": 0, "percent_branches_covered": 100.0, "percent_branches_covered_display": "100"}, "missing_lines": [], "excluded_lines": [], "start_line": 204, "executed_branches": [], "missing_branches": []}, "load_provider_config": {"executed_lines": [213, 214, 221, 224, 225], "summary": {"covered_lines": 5, "num_statements": 5, "percent_covered": 100.0, "percent_covered_display": "100", "missing_lines": 0, "excluded_lines": 0, "percent_statements_covered": 100.0, "percent_statements_covered_display": "100", "num_branches": 0, "num_partial_branches": 0, "covered_branches": 0, "missing_branches": 0, "percent_branches_covered": 100.0, "percent_branches_covered_display": "100"}, "missing_lines": [], "excluded_lines": [], "start_line": 212, "executed_branches": [], "missing_branches": []}, "load_rights_profiles": {"executed_lines": [231, 232, 239, 240, 241, 242, 243, 244, 250, 251, 254, 255, 259, 262], "summary": {"covered_lines": 14, "num_statements": 14, "percent_covered": 100.0, "percent_covered_display": "100", "missing_lines": 0, "excluded_lines": 0, "percent_statements_covered": 100.0, "percent_statements_covered_display": "100", "num_branches": 6, "num_partial_branches": 0, "covered_branches": 6, "missing_branches": 0, "percent_branches_covered": 100.0, "percent_branches_covered_display": "100"}, "missing_lines": [], "excluded_lines": [], "start_line": 230, "executed_branches": [[239, 240], [239, 241], [242, 243], [242, 244], [255, 259], [255, 262]], "missing_branches": []}, "provider_config_sha256": {"executed_lines": [266, 267, 274, 275, 276, 277], "summary": {"covered_lines": 6, "num_statements": 6, "percent_covered": 100.0, "percent_covered_display": "100", "missing_lines": 0, "excluded_lines": 0, "percent_statements_covered": 100.0, "percent_statements_covered_display": "100", "num_branches": 0, "num_partial_branches": 0, "covered_branches": 0, "missing_branches": 0, "percent_branches_covered": 100.0, "percent_branches_covered_display": "100"}, "missing_lines": [], "excluded_lines": [], "start_line": 265, "executed_branches": [], "missing_branches": []}, "rights_config_sha256": {"executed_lines": [281, 282, 289, 290, 291, 292], "summary": {"covered_lines": 6, "num_statements": 6, "percent_covered": 100.0, "percent_covered_display": "100", "missing_lines": 0, "excluded_lines": 0, "percent_statements_covered": 100.0, "percent_statements_covered_display": "100", "num_branches": 0, "num_partial_branches": 0, "covered_branches": 0, "missing_branches": 0, "percent_branches_covered": 100.0, "percent_branches_covered_display": "100"}, "missing_lines": [], "excluded_lines": [], "start_line": 280, "executed_branches": [], "missing_branches": []}, "": {"executed_lines": [3, 5, 6, 7, 8, 9, 10, 11, 13, 15, 16, 17, 19, 20, 21, 22, 23, 25, 26, 27, 30, 31, 34, 35, 36, 37, 39, 40, 46, 47, 48, 49, 50, 52, 53, 54, 59, 60, 61, 66, 67, 68, 74, 75, 76, 77, 78, 79, 80, 81, 82, 83, 84, 86, 87, 88, 93, 94, 105, 106, 107, 108, 109, 110, 111, 112, 113, 114, 115, 116, 117, 118, 119, 120, 121, 122, 123, 124, 125, 126, 128, 129, 130, 135, 136, 137, 142, 143, 144, 149, 150, 166, 173, 182, 186, 204, 212, 230, 265, 280, 295], "summary": {"covered_lines": 101, "num_statements": 101, "percent_covered": 100.0, "percent_covered_display": "100", "missing_lines": 0, "excluded_lines": 0, "percent_statements_covered": 100.0, "percent_statements_covered_display": "100", "num_branches": 0, "num_partial_branches": 0, "covered_branches": 0, "missing_branches": 0, "percent_branches_covered": 100.0, "percent_branches_covered_display": "100"}, "missing_lines": [], "excluded_lines": [], "start_line": 1, "executed_branches": [], "missing_branches": []}}, "classes": {"_FrozenConfig": {"executed_lines": [], "summary": {"covered_lines": 0, "num_statements": 0, "percent_covered": 100.0, "percent_covered_display": "100", "missing_lines": 0, "excluded_lines": 0, "percent_statements_covered": 100.0, "percent_statements_covered_display": "100", "num_branches": 0, "num_partial_branches": 0, "covered_branches": 0, "missing_branches": 0, "percent_branches_covered": 100.0, "percent_branches_covered_display": "100"}, "missing_lines": [], "excluded_lines": [], "start_line": 30, "executed_branches": [], "missing_branches": []}, "OpenFootballTimeouts": {"executed_lines": [41, 42, 43], "summary": {"covered_lines": 3, "num_statements": 3, "percent_covered": 100.0, "percent_covered_display": "100", "missing_lines": 0, "excluded_lines": 0, "percent_statements_covered": 100.0, "percent_statements_covered_display": "100", "num_branches": 2, "num_partial_branches": 0, "covered_branches": 2, "missing_branches": 0, "percent_branches_covered": 100.0, "percent_branches_covered_display": "100"}, "missing_lines": [], "excluded_lines": [], "start_line": 34, "executed_branches": [[41, 42], [41, 43]], "missing_branches": []}, "OpenFootballResourceConfig": {"executed_lines": [55, 56, 57, 62, 63, 64, 69, 70, 71], "summary": {"covered_lines": 9, "num_statements": 9, "percent_covered": 100.0, "percent_covered_display": "100", "missing_lines": 0, "excluded_lines": 0, "percent_statements_covered": 100.0, "percent_statements_covered_display": "100", "num_branches": 6, "num_partial_branches": 0, "covered_branches": 6, "missing_branches": 0, "percent_branches_covered": 100.0, "percent_branches_covered_display": "100"}, "missing_lines": [], "excluded_lines": [], "start_line": 46, "executed_branches": [[55, 56], [55, 57], [62, 63], [62, 64], [69, 70], [69, 71]], "missing_branches": []}, "OpenFootballSeasonConfig": {"executed_lines": [89, 90, 91, 95, 96, 97, 98, 99, 100, 101, 102], "summary": {"covered_lines": 11, "num_statements": 11, "percent_covered": 100.0, "percent_covered_display": "100", "missing_lines": 0, "excluded_lines": 0, "percent_statements_covered": 100.0, "percent_statements_covered_display": "100", "num_branches": 8, "num_partial_branches": 0, "covered_branches": 8, "missing_branches": 0, "percent_branches_covered": 100.0, "percent_branches_covered_display": "100"}, "missing_lines": [], "excluded_lines": [], "start_line": 74, "executed_branches": [[89, 90], [89, 91], [96, 97], [96, 98], [98, 99], [98, 100], [100, 101], [100, 102]], "missing_branches": []}, "OpenFootballProviderConfig": {"executed_lines": [131, 133, 138, 140, 145, 147, 151, 152, 153, 158, 159, 160, 162, 163, 164, 167, 168, 169, 170], "summary": {"covered_lines": 19, "num_statements": 23, "percent_covered": 79.48717948717949, "percent_covered_display": "79", "missing_lines": 4, "excluded_lines": 0, "percent_statements_covered": 82.6086956521739, "percent_statements_covered_display": "83", "num_branches": 16, "num_partial_branches": 4, "covered_branches": 12, "missing_branches": 4, "percent_branches_covered": 75.0, "percent_branches_covered_display": "75"}, "missing_lines": [132, 139, 146, 161], "excluded_lines": [], "start_line": 105, "executed_branches": [[131, 133], [138, 140], [145, 147], [151, 152], [151, 153], [153, 158], [153, 159], [160, 162], [162, 163], [162, 164], [168, 169], [168, 170]], "missing_branches": [[131, 132], [138, 139], [145, 146], [160, 161]]}, "": {"executed_lines": [3, 5, 6, 7, 8, 9, 10, 11, 13, 15, 16, 17, 19, 20, 21, 22, 23, 25, 26, 27, 30, 31, 34, 35, 36, 37, 39, 40, 46, 47, 48, 49, 50, 52, 53, 54, 59, 60, 61, 66, 67, 68, 74, 75, 76, 77, 78, 79, 80, 81, 82, 83, 84, 86, 87, 88, 93, 94, 105, 106, 107, 108, 109, 110, 111, 112, 113, 114, 115, 116, 117, 118, 119, 120, 121, 122, 123, 124, 125, 126, 128, 129, 130, 135, 136, 137, 142, 143, 144, 149, 150, 166, 173, 174, 175, 176, 177, 178, 179, 182, 183, 186, 187, 188, 189, 190, 191, 192, 193, 194, 195, 204, 205, 212, 213, 214, 221, 224, 225, 230, 231, 232, 239, 240, 241, 242, 243, 244, 250, 251, 254, 255, 259, 262, 265, 266, 267, 274, 275, 276, 277, 280, 281, 282, 289, 290, 291, 292, 295], "summary": {"covered_lines": 149, "num_statements": 155, "percent_covered": 95.85798816568047, "percent_covered_display": "96", "missing_lines": 6, "excluded_lines": 0, "percent_statements_covered": 96.12903225806451, "percent_statements_covered_display": "96", "num_branches": 14, "num_partial_branches": 1, "covered_branches": 13, "missing_branches": 1, "percent_branches_covered": 92.85714285714286, "percent_branches_covered_display": "93"}, "missing_lines": [196, 197, 198, 199, 200, 201], "excluded_lines": [], "start_line": 1, "executed_branches": [[175, 176], [175, 179], [176, 177], [176, 178], [187, 188], [187, 192], [193, 194], [239, 240], [239, 241], [242, 243], [242, 244], [255, 259], [255, 262]], "missing_branches": [[193, 198]]}}}, "src\\dmf_pulse\\ingestion\\openfootball\\team_strength_governance.py": {"executed_lines": [7, 9, 10, 11, 12, 13, 14, 15, 16, 18, 20, 21, 23, 24, 25, 26, 28, 29, 30, 31, 32, 35, 39, 40, 41, 44, 45, 48, 49, 52, 53, 54, 55, 56, 57, 58, 61, 62, 65, 66, 73, 74, 75, 76, 77, 78, 81, 82, 83, 84, 95, 96, 97, 98, 101, 102, 103, 104, 105, 106, 107, 109, 110, 111, 112, 113, 114, 115, 118, 119, 120, 121, 122, 123, 124, 125, 128, 133, 134, 135, 136, 137, 138, 139, 140, 141, 142, 143, 144, 145, 146, 148, 149, 150, 151, 153, 154, 155, 156, 157, 158, 159, 160, 161, 162, 163, 164, 171, 172, 173, 174, 175, 178, 179, 180, 181, 182, 183, 184, 185, 186, 187, 188, 189, 191, 192, 193, 194, 196, 197, 198, 199, 200, 201, 202, 203, 204, 210, 211, 212, 213, 214, 217, 218, 219, 220, 221, 222, 223, 224, 225, 226, 227, 228, 229, 230, 231, 232, 233, 234, 235, 236, 238, 239, 240, 241, 243, 244, 245, 254, 255, 256, 257, 258, 259, 260, 261, 262, 263, 264, 265, 266, 267, 268, 270, 271, 272, 273, 276, 277, 287, 288, 290, 291, 292, 295, 296, 297, 298, 299, 300, 301, 302, 303, 306, 307, 308, 309, 310, 311, 313, 315, 316, 317, 318, 321, 322, 324, 329, 330, 331, 336, 337, 338, 341, 342, 343, 344, 345, 346, 348, 349, 350, 351, 354, 355, 356, 357, 358, 359, 360, 361, 362, 363, 365, 366, 367, 378, 379, 382, 383, 384, 385, 386, 389, 390, 391, 392, 393, 394, 395, 396, 397, 398, 399, 400, 401, 402, 403, 405, 406, 407, 408, 410, 413, 414, 415, 416, 417, 418, 419, 420, 423, 425, 426, 427, 438, 440, 443, 444, 445, 446, 447, 450, 451, 452, 453, 454, 455, 458, 459, 460, 462, 463, 464, 472, 474, 477, 478, 479, 480, 481, 482, 483, 486, 489, 490, 491, 492, 493, 494, 495, 496, 498, 499, 500, 507, 510, 511, 512, 513, 514, 515, 516, 517, 518, 519, 520, 521, 522, 524, 525, 526, 528, 529, 530, 533, 534, 535, 536, 539, 542, 543, 544, 547, 548, 553, 556, 557, 558, 561, 562, 567, 573, 578, 579, 580, 583, 584, 587, 597, 598, 599, 600, 601, 602, 603, 610, 611, 612, 613, 614, 615, 616, 619], "summary": {"covered_lines": 385, "num_statements": 398, "percent_covered": 95.8498023715415, "percent_covered_display": "96", "missing_lines": 13, "excluded_lines": 0, "percent_statements_covered": 96.73366834170854, "percent_statements_covered_display": "97", "num_branches": 108, "num_partial_branches": 8, "covered_branches": 100, "missing_branches": 8, "percent_branches_covered": 92.5925925925926, "percent_branches_covered_display": "93"}, "missing_lines": [85, 86, 89, 90, 91, 92, 312, 335, 409, 439, 473, 506, 527], "excluded_lines": [], "executed_branches": [[54, 55], [54, 58], [55, 56], [55, 57], [74, 75], [74, 81], [82, 83], [96, 97], [96, 98], [111, 112], [111, 113], [113, 114], [113, 115], [155, 156], [155, 157], [158, 159], [158, 160], [160, 161], [160, 162], [162, 163], [162, 164], [171, 172], [171, 173], [173, 174], [173, 175], [198, 199], [198, 200], [200, 201], [200, 202], [202, 203], [202, 204], [210, 211], [210, 212], [212, 213], [212, 214], [245, 254], [245, 255], [255, 256], [255, 257], [257, 258], [257, 259], [259, 260], [259, 261], [261, 262], [261, 263], [263, 264], [263, 265], [265, 266], [265, 267], [267, 268], [267, 270], [271, 272], [271, 273], [273, 276], [273, 277], [287, 288], [287, 290], [295, 296], [295, 315], [297, 298], [297, 299], [299, 300], [299, 301], [301, 302], [301, 303], [306, 307], [306, 308], [309, 295], [309, 310], [311, 313], [315, 316], [315, 324], [321, 315], [321, 322], [329, 330], [329, 331], [331, 336], [336, 337], [336, 338], [367, 378], [367, 379], [408, 410], [438, 440], [472, 474], [500, 507], [526, 528], [528, 529], [528, 530], [578, 579], [578, 580], [599, 600], [599, 601], [601, 602], [601, 603], [603, 610], [603, 611], [612, 613], [612, 614], [614, 615], [614, 616]], "missing_branches": [[82, 89], [311, 312], [331, 335], [408, 409], [438, 439], [472, 473], [500, 506], [526, 527]], "functions": {"_semantic_body": {"executed_lines": [49], "summary": {"covered_lines": 1, "num_statements": 1, "percent_covered": 100.0, "percent_covered_display": "100", "missing_lines": 0, "excluded_lines": 0, "percent_statements_covered": 100.0, "percent_statements_covered_display": "100", "num_branches": 0, "num_partial_branches": 0, "covered_branches": 0, "missing_branches": 0, "percent_branches_covered": 100.0, "percent_branches_covered_display": "100"}, "missing_lines": [], "excluded_lines": [], "start_line": 48, "executed_branches": [], "missing_branches": []}, "_strict_object": {"executed_lines": [53, 54, 55, 56, 57, 58], "summary": {"covered_lines": 6, "num_statements": 6, "percent_covered": 100.0, "percent_covered_display": "100", "missing_lines": 0, "excluded_lines": 0, "percent_statements_covered": 100.0, "percent_statements_covered_display": "100", "num_branches": 4, "num_partial_branches": 0, "covered_branches": 4, "missing_branches": 0, "percent_branches_covered": 100.0, "percent_branches_covered_display": "100"}, "missing_lines": [], "excluded_lines": [], "start_line": 52, "executed_branches": [[54, 55], [54, 58], [55, 56], [55, 57]], "missing_branches": []}, "_reject_constant": {"executed_lines": [62], "summary": {"covered_lines": 1, "num_statements": 1, "percent_covered": 100.0, "percent_covered_display": "100", "missing_lines": 0, "excluded_lines": 0, "percent_statements_covered": 100.0, "percent_statements_covered_display": "100", "num_branches": 0, "num_partial_branches": 0, "covered_branches": 0, "missing_branches": 0, "percent_branches_covered": 100.0, "percent_branches_covered_display": "100"}, "missing_lines": [], "excluded_lines": [], "start_line": 61, "executed_branches": [], "missing_branches": []}, "_json_value": {"executed_lines": [66], "summary": {"covered_lines": 1, "num_statements": 1, "percent_covered": 100.0, "percent_covered_display": "100", "missing_lines": 0, "excluded_lines": 0, "percent_statements_covered": 100.0, "percent_statements_covered_display": "100", "num_branches": 0, "num_partial_branches": 0, "covered_branches": 0, "missing_branches": 0, "percent_branches_covered": 100.0, "percent_branches_covered_display": "100"}, "missing_lines": [], "excluded_lines": [], "start_line": 65, "executed_branches": [], "missing_branches": []}, "_resource_bytes": {"executed_lines": [74, 75, 76, 77, 78, 81, 82, 83, 84], "summary": {"covered_lines": 9, "num_statements": 15, "percent_covered": 63.1578947368421, "percent_covered_display": "63", "missing_lines": 6, "excluded_lines": 0, "percent_statements_covered": 60.0, "percent_statements_covered_display": "60", "num_branches": 4, "num_partial_branches": 1, "covered_branches": 3, "missing_branches": 1, "percent_branches_covered": 75.0, "percent_branches_covered_display": "75"}, "missing_lines": [85, 86, 89, 90, 91, 92], "excluded_lines": [], "start_line": 73, "executed_branches": [[74, 75], [74, 81], [82, 83]], "missing_branches": [[82, 89]]}, "_utc": {"executed_lines": [96, 97, 98], "summary": {"covered_lines": 3, "num_statements": 3, "percent_covered": 100.0, "percent_covered_display": "100", "missing_lines": 0, "excluded_lines": 0, "percent_statements_covered": 100.0, "percent_statements_covered_display": "100", "num_branches": 2, "num_partial_branches": 0, "covered_branches": 2, "missing_branches": 0, "percent_branches_covered": 100.0, "percent_branches_covered_display": "100"}, "missing_lines": [], "excluded_lines": [], "start_line": 95, "executed_branches": [[96, 97], [96, 98]], "missing_branches": []}, "SourceSnapshotIdentity.validate_identity": {"executed_lines": [111, 112, 113, 114, 115], "summary": {"covered_lines": 5, "num_statements": 5, "percent_covered": 100.0, "percent_covered_display": "100", "missing_lines": 0, "excluded_lines": 0, "percent_statements_covered": 100.0, "percent_statements_covered_display": "100", "num_branches": 4, "num_partial_branches": 0, "covered_branches": 4, "missing_branches": 0, "percent_branches_covered": 100.0, "percent_branches_covered_display": "100"}, "missing_lines": [], "excluded_lines": [], "start_line": 110, "executed_branches": [[111, 112], [111, 113], [113, 114], [113, 115]], "missing_branches": []}, "CanonicalClubRegistration.normalize_time": {"executed_lines": [151], "summary": {"covered_lines": 1, "num_statements": 1, "percent_covered": 100.0, "percent_covered_display": "100", "missing_lines": 0, "excluded_lines": 0, "percent_statements_covered": 100.0, "percent_statements_covered_display": "100", "num_branches": 0, "num_partial_branches": 0, "covered_branches": 0, "missing_branches": 0, "percent_branches_covered": 100.0, "percent_branches_covered_display": "100"}, "missing_lines": [], "excluded_lines": [], "start_line": 150, "executed_branches": [], "missing_branches": []}, "CanonicalClubRegistration.validate_registration": {"executed_lines": [155, 156, 157, 158, 159, 160, 161, 162, 163, 164, 171, 172, 173, 174, 175], "summary": {"covered_lines": 15, "num_statements": 15, "percent_covered": 100.0, "percent_covered_display": "100", "missing_lines": 0, "excluded_lines": 0, "percent_statements_covered": 100.0, "percent_statements_covered_display": "100", "num_branches": 12, "num_partial_branches": 0, "covered_branches": 12, "missing_branches": 0, "percent_branches_covered": 100.0, "percent_branches_covered_display": "100"}, "missing_lines": [], "excluded_lines": [], "start_line": 154, "executed_branches": [[155, 156], [155, 157], [158, 159], [158, 160], [160, 161], [160, 162], [162, 163], [162, 164], [171, 172], [171, 173], [173, 174], [173, 175]], "missing_branches": []}, "OpenFootballAliasMapping.normalize_time": {"executed_lines": [194], "summary": {"covered_lines": 1, "num_statements": 1, "percent_covered": 100.0, "percent_covered_display": "100", "missing_lines": 0, "excluded_lines": 0, "percent_statements_covered": 100.0, "percent_statements_covered_display": "100", "num_branches": 0, "num_partial_branches": 0, "covered_branches": 0, "missing_branches": 0, "percent_branches_covered": 100.0, "percent_branches_covered_display": "100"}, "missing_lines": [], "excluded_lines": [], "start_line": 193, "executed_branches": [], "missing_branches": []}, "OpenFootballAliasMapping.validate_mapping": {"executed_lines": [198, 199, 200, 201, 202, 203, 204, 210, 211, 212, 213, 214], "summary": {"covered_lines": 12, "num_statements": 12, "percent_covered": 100.0, "percent_covered_display": "100", "missing_lines": 0, "excluded_lines": 0, "percent_statements_covered": 100.0, "percent_statements_covered_display": "100", "num_branches": 10, "num_partial_branches": 0, "covered_branches": 10, "missing_branches": 0, "percent_branches_covered": 100.0, "percent_branches_covered_display": "100"}, "missing_lines": [], "excluded_lines": [], "start_line": 197, "executed_branches": [[198, 199], [198, 200], [200, 201], [200, 202], [202, 203], [202, 204], [210, 211], [210, 212], [212, 213], [212, 214]], "missing_branches": []}, "OpenFootballHistoricalTeamIdentityV1.normalize_time": {"executed_lines": [241], "summary": {"covered_lines": 1, "num_statements": 1, "percent_covered": 100.0, "percent_covered_display": "100", "missing_lines": 0, "excluded_lines": 0, "percent_statements_covered": 100.0, "percent_statements_covered_display": "100", "num_branches": 0, "num_partial_branches": 0, "covered_branches": 0, "missing_branches": 0, "percent_branches_covered": 100.0, "percent_branches_covered_display": "100"}, "missing_lines": [], "excluded_lines": [], "start_line": 240, "executed_branches": [], "missing_branches": []}, "OpenFootballHistoricalTeamIdentityV1.validate_complete_registry": {"executed_lines": [245, 254, 255, 256, 257, 258, 259, 260, 261, 262, 263, 264, 265, 266, 267, 268, 270, 271, 272, 273, 276, 277, 287, 288, 290, 291, 292, 295, 296, 297, 298, 299, 300, 301, 302, 303, 306, 307, 308, 309, 310, 311, 313, 315, 316, 317, 318, 321, 322, 324, 329, 330, 331, 336, 337, 338], "summary": {"covered_lines": 56, "num_statements": 58, "percent_covered": 96.15384615384616, "percent_covered_display": "96", "missing_lines": 2, "excluded_lines": 0, "percent_statements_covered": 96.55172413793103, "percent_statements_covered_display": "97", "num_branches": 46, "num_partial_branches": 2, "covered_branches": 44, "missing_branches": 2, "percent_branches_covered": 95.65217391304348, "percent_branches_covered_display": "96"}, "missing_lines": [312, 335], "excluded_lines": [], "start_line": 244, "executed_branches": [[245, 254], [245, 255], [255, 256], [255, 257], [257, 258], [257, 259], [259, 260], [259, 261], [261, 262], [261, 263], [263, 264], [263, 265], [265, 266], [265, 267], [267, 268], [267, 270], [271, 272], [271, 273], [273, 276], [273, 277], [287, 288], [287, 290], [295, 296], [295, 315], [297, 298], [297, 299], [299, 300], [299, 301], [301, 302], [301, 303], [306, 307], [306, 308], [309, 295], [309, 310], [311, 313], [315, 316], [315, 324], [321, 315], [321, 322], [329, 330], [329, 331], [331, 336], [336, 337], [336, 338]], "missing_branches": [[311, 312], [331, 335]]}, "HumanApprovalPolicy.normalize_time": {"executed_lines": [351], "summary": {"covered_lines": 1, "num_statements": 1, "percent_covered": 100.0, "percent_covered_display": "100", "missing_lines": 0, "excluded_lines": 0, "percent_statements_covered": 100.0, "percent_statements_covered_display": "100", "num_branches": 0, "num_partial_branches": 0, "covered_branches": 0, "missing_branches": 0, "percent_branches_covered": 100.0, "percent_branches_covered_display": "100"}, "missing_lines": [], "excluded_lines": [], "start_line": 350, "executed_branches": [], "missing_branches": []}, "MaterialityPolicy.validate_locked_values": {"executed_lines": [367, 378, 379], "summary": {"covered_lines": 3, "num_statements": 3, "percent_covered": 100.0, "percent_covered_display": "100", "missing_lines": 0, "excluded_lines": 0, "percent_statements_covered": 100.0, "percent_statements_covered_display": "100", "num_branches": 2, "num_partial_branches": 0, "covered_branches": 2, "missing_branches": 0, "percent_branches_covered": 100.0, "percent_branches_covered_display": "100"}, "missing_lines": [], "excluded_lines": [], "start_line": 366, "executed_branches": [[367, 378], [367, 379]], "missing_branches": []}, "SelectedShadowPolicy.validate_maximum_rate": {"executed_lines": [408, 410], "summary": {"covered_lines": 2, "num_statements": 3, "percent_covered": 60.0, "percent_covered_display": "60", "missing_lines": 1, "excluded_lines": 0, "percent_statements_covered": 66.66666666666667, "percent_statements_covered_display": "67", "num_branches": 2, "num_partial_branches": 1, "covered_branches": 1, "missing_branches": 1, "percent_branches_covered": 50.0, "percent_branches_covered_display": "50"}, "missing_lines": [409], "excluded_lines": [], "start_line": 407, "executed_branches": [[408, 410]], "missing_branches": [[408, 409]]}, "SourceFinalityPolicy.validate_conditions": {"executed_lines": [427, 438, 440], "summary": {"covered_lines": 3, "num_statements": 4, "percent_covered": 66.66666666666667, "percent_covered_display": "67", "missing_lines": 1, "excluded_lines": 0, "percent_statements_covered": 75.0, "percent_statements_covered_display": "75", "num_branches": 2, "num_partial_branches": 1, "covered_branches": 1, "missing_branches": 1, "percent_branches_covered": 50.0, "percent_branches_covered_display": "50"}, "missing_lines": [439], "excluded_lines": [], "start_line": 426, "executed_branches": [[438, 440]], "missing_branches": [[438, 439]]}, "StaleStatePolicy.validate_conditions": {"executed_lines": [464, 472, 474], "summary": {"covered_lines": 3, "num_statements": 4, "percent_covered": 66.66666666666667, "percent_covered_display": "67", "missing_lines": 1, "excluded_lines": 0, "percent_statements_covered": 75.0, "percent_statements_covered_display": "75", "num_branches": 2, "num_partial_branches": 1, "covered_branches": 1, "missing_branches": 1, "percent_branches_covered": 50.0, "percent_branches_covered_display": "50"}, "missing_lines": [473], "excluded_lines": [], "start_line": 463, "executed_branches": [[472, 474]], "missing_branches": [[472, 473]]}, "StatisticalResearchEvidence.validate_accepted_evidence": {"executed_lines": [500, 507], "summary": {"covered_lines": 2, "num_statements": 3, "percent_covered": 60.0, "percent_covered_display": "60", "missing_lines": 1, "excluded_lines": 0, "percent_statements_covered": 66.66666666666667, "percent_statements_covered_display": "67", "num_branches": 2, "num_partial_branches": 1, "covered_branches": 1, "missing_branches": 1, "percent_branches_covered": 50.0, "percent_branches_covered_display": "50"}, "missing_lines": [506], "excluded_lines": [], "start_line": 499, "executed_branches": [[500, 507]], "missing_branches": [[500, 506]]}, "CurrentTeamStrengthGovernanceV1.validate_semantic_identity": {"executed_lines": [526, 528, 529, 530], "summary": {"covered_lines": 4, "num_statements": 5, "percent_covered": 77.77777777777777, "percent_covered_display": "78", "missing_lines": 1, "excluded_lines": 0, "percent_statements_covered": 80.0, "percent_statements_covered_display": "80", "num_branches": 4, "num_partial_branches": 1, "covered_branches": 3, "missing_branches": 1, "percent_branches_covered": 75.0, "percent_branches_covered_display": "75"}, "missing_lines": [527], "excluded_lines": [], "start_line": 525, "executed_branches": [[526, 528], [528, 529], [528, 530]], "missing_branches": [[526, 527]]}, "load_historical_team_identity": {"executed_lines": [542, 543, 544, 547, 548], "summary": {"covered_lines": 5, "num_statements": 5, "percent_covered": 100.0, "percent_covered_display": "100", "missing_lines": 0, "excluded_lines": 0, "percent_statements_covered": 100.0, "percent_statements_covered_display": "100", "num_branches": 0, "num_partial_branches": 0, "covered_branches": 0, "missing_branches": 0, "percent_branches_covered": 100.0, "percent_branches_covered_display": "100"}, "missing_lines": [], "excluded_lines": [], "start_line": 539, "executed_branches": [], "missing_branches": []}, "load_current_team_strength_governance": {"executed_lines": [556, 557, 558, 561, 562], "summary": {"covered_lines": 5, "num_statements": 5, "percent_covered": 100.0, "percent_covered_display": "100", "missing_lines": 0, "excluded_lines": 0, "percent_statements_covered": 100.0, "percent_statements_covered_display": "100", "num_branches": 0, "num_partial_branches": 0, "covered_branches": 0, "missing_branches": 0, "percent_branches_covered": 100.0, "percent_branches_covered_display": "100"}, "missing_lines": [], "excluded_lines": [], "start_line": 553, "executed_branches": [], "missing_branches": []}, "resolve_openfootball_team": {"executed_lines": [573, 578, 579, 580], "summary": {"covered_lines": 4, "num_statements": 4, "percent_covered": 100.0, "percent_covered_display": "100", "missing_lines": 0, "excluded_lines": 0, "percent_statements_covered": 100.0, "percent_statements_covered_display": "100", "num_branches": 2, "num_partial_branches": 0, "covered_branches": 2, "missing_branches": 0, "percent_branches_covered": 100.0, "percent_branches_covered_display": "100"}, "missing_lines": [], "excluded_lines": [], "start_line": 567, "executed_branches": [[578, 579], [578, 580]], "missing_branches": []}, "eligibility_not_before": {"executed_lines": [584], "summary": {"covered_lines": 1, "num_statements": 1, "percent_covered": 100.0, "percent_covered_display": "100", "missing_lines": 0, "excluded_lines": 0, "percent_statements_covered": 100.0, "percent_statements_covered_display": "100", "num_branches": 0, "num_partial_branches": 0, "covered_branches": 0, "missing_branches": 0, "percent_branches_covered": 100.0, "percent_branches_covered_display": "100"}, "missing_lines": [], "excluded_lines": [], "start_line": 583, "executed_branches": [], "missing_branches": []}, "classify_source_freshness": {"executed_lines": [597, 598, 599, 600, 601, 602, 603, 610, 611, 612, 613, 614, 615, 616], "summary": {"covered_lines": 14, "num_statements": 14, "percent_covered": 100.0, "percent_covered_display": "100", "missing_lines": 0, "excluded_lines": 0, "percent_statements_covered": 100.0, "percent_statements_covered_display": "100", "num_branches": 10, "num_partial_branches": 0, "covered_branches": 10, "missing_branches": 0, "percent_branches_covered": 100.0, "percent_branches_covered_display": "100"}, "missing_lines": [], "excluded_lines": [], "start_line": 587, "executed_branches": [[599, 600], [599, 601], [601, 602], [601, 603], [603, 610], [603, 611], [612, 613], [612, 614], [614, 615], [614, 616]], "missing_branches": []}, "": {"executed_lines": [7, 9, 10, 11, 12, 13, 14, 15, 16, 18, 20, 21, 23, 24, 25, 26, 28, 29, 30, 31, 32, 35, 39, 40, 41, 44, 45, 48, 52, 61, 65, 73, 95, 101, 102, 103, 104, 105, 106, 107, 109, 110, 118, 119, 120, 121, 122, 123, 124, 125, 128, 133, 134, 135, 136, 137, 138, 139, 140, 141, 142, 143, 144, 145, 146, 148, 149, 150, 153, 154, 178, 179, 180, 181, 182, 183, 184, 185, 186, 187, 188, 189, 191, 192, 193, 196, 197, 217, 218, 219, 220, 221, 222, 223, 224, 225, 226, 227, 228, 229, 230, 231, 232, 233, 234, 235, 236, 238, 239, 240, 243, 244, 341, 342, 343, 344, 345, 346, 348, 349, 350, 354, 355, 356, 357, 358, 359, 360, 361, 362, 363, 365, 366, 382, 383, 384, 385, 386, 389, 390, 391, 392, 393, 394, 395, 396, 397, 398, 399, 400, 401, 402, 403, 405, 406, 407, 413, 414, 415, 416, 417, 418, 419, 420, 423, 425, 426, 443, 444, 445, 446, 447, 450, 451, 452, 453, 454, 455, 458, 459, 460, 462, 463, 477, 478, 479, 480, 481, 482, 483, 486, 489, 490, 491, 492, 493, 494, 495, 496, 498, 499, 510, 511, 512, 513, 514, 515, 516, 517, 518, 519, 520, 521, 522, 524, 525, 533, 534, 535, 536, 539, 553, 567, 583, 587, 619], "summary": {"covered_lines": 226, "num_statements": 226, "percent_covered": 100.0, "percent_covered_display": "100", "missing_lines": 0, "excluded_lines": 0, "percent_statements_covered": 100.0, "percent_statements_covered_display": "100", "num_branches": 0, "num_partial_branches": 0, "covered_branches": 0, "missing_branches": 0, "percent_branches_covered": 100.0, "percent_branches_covered_display": "100"}, "missing_lines": [], "excluded_lines": [], "start_line": 1, "executed_branches": [], "missing_branches": []}}, "classes": {"_FrozenModel": {"executed_lines": [], "summary": {"covered_lines": 0, "num_statements": 0, "percent_covered": 100.0, "percent_covered_display": "100", "missing_lines": 0, "excluded_lines": 0, "percent_statements_covered": 100.0, "percent_statements_covered_display": "100", "num_branches": 0, "num_partial_branches": 0, "covered_branches": 0, "missing_branches": 0, "percent_branches_covered": 100.0, "percent_branches_covered_display": "100"}, "missing_lines": [], "excluded_lines": [], "start_line": 44, "executed_branches": [], "missing_branches": []}, "SourceSnapshotIdentity": {"executed_lines": [111, 112, 113, 114, 115], "summary": {"covered_lines": 5, "num_statements": 5, "percent_covered": 100.0, "percent_covered_display": "100", "missing_lines": 0, "excluded_lines": 0, "percent_statements_covered": 100.0, "percent_statements_covered_display": "100", "num_branches": 4, "num_partial_branches": 0, "covered_branches": 4, "missing_branches": 0, "percent_branches_covered": 100.0, "percent_branches_covered_display": "100"}, "missing_lines": [], "excluded_lines": [], "start_line": 101, "executed_branches": [[111, 112], [111, 113], [113, 114], [113, 115]], "missing_branches": []}, "SeasonScopedExternalIdentifier": {"executed_lines": [], "summary": {"covered_lines": 0, "num_statements": 0, "percent_covered": 100.0, "percent_covered_display": "100", "missing_lines": 0, "excluded_lines": 0, "percent_statements_covered": 100.0, "percent_statements_covered_display": "100", "num_branches": 0, "num_partial_branches": 0, "covered_branches": 0, "missing_branches": 0, "percent_branches_covered": 100.0, "percent_branches_covered_display": "100"}, "missing_lines": [], "excluded_lines": [], "start_line": 118, "executed_branches": [], "missing_branches": []}, "CanonicalClubRegistration": {"executed_lines": [151, 155, 156, 157, 158, 159, 160, 161, 162, 163, 164, 171, 172, 173, 174, 175], "summary": {"covered_lines": 16, "num_statements": 16, "percent_covered": 100.0, "percent_covered_display": "100", "missing_lines": 0, "excluded_lines": 0, "percent_statements_covered": 100.0, "percent_statements_covered_display": "100", "num_branches": 12, "num_partial_branches": 0, "covered_branches": 12, "missing_branches": 0, "percent_branches_covered": 100.0, "percent_branches_covered_display": "100"}, "missing_lines": [], "excluded_lines": [], "start_line": 133, "executed_branches": [[155, 156], [155, 157], [158, 159], [158, 160], [160, 161], [160, 162], [162, 163], [162, 164], [171, 172], [171, 173], [173, 174], [173, 175]], "missing_branches": []}, "OpenFootballAliasMapping": {"executed_lines": [194, 198, 199, 200, 201, 202, 203, 204, 210, 211, 212, 213, 214], "summary": {"covered_lines": 13, "num_statements": 13, "percent_covered": 100.0, "percent_covered_display": "100", "missing_lines": 0, "excluded_lines": 0, "percent_statements_covered": 100.0, "percent_statements_covered_display": "100", "num_branches": 10, "num_partial_branches": 0, "covered_branches": 10, "missing_branches": 0, "percent_branches_covered": 100.0, "percent_branches_covered_display": "100"}, "missing_lines": [], "excluded_lines": [], "start_line": 178, "executed_branches": [[198, 199], [198, 200], [200, 201], [200, 202], [202, 203], [202, 204], [210, 211], [210, 212], [212, 213], [212, 214]], "missing_branches": []}, "OpenFootballHistoricalTeamIdentityV1": {"executed_lines": [241, 245, 254, 255, 256, 257, 258, 259, 260, 261, 262, 263, 264, 265, 266, 267, 268, 270, 271, 272, 273, 276, 277, 287, 288, 290, 291, 292, 295, 296, 297, 298, 299, 300, 301, 302, 303, 306, 307, 308, 309, 310, 311, 313, 315, 316, 317, 318, 321, 322, 324, 329, 330, 331, 336, 337, 338], "summary": {"covered_lines": 57, "num_statements": 59, "percent_covered": 96.19047619047619, "percent_covered_display": "96", "missing_lines": 2, "excluded_lines": 0, "percent_statements_covered": 96.61016949152543, "percent_statements_covered_display": "97", "num_branches": 46, "num_partial_branches": 2, "covered_branches": 44, "missing_branches": 2, "percent_branches_covered": 95.65217391304348, "percent_branches_covered_display": "96"}, "missing_lines": [312, 335], "excluded_lines": [], "start_line": 217, "executed_branches": [[245, 254], [245, 255], [255, 256], [255, 257], [257, 258], [257, 259], [259, 260], [259, 261], [261, 262], [261, 263], [263, 264], [263, 265], [265, 266], [265, 267], [267, 268], [267, 270], [271, 272], [271, 273], [273, 276], [273, 277], [287, 288], [287, 290], [295, 296], [295, 315], [297, 298], [297, 299], [299, 300], [299, 301], [301, 302], [301, 303], [306, 307], [306, 308], [309, 295], [309, 310], [311, 313], [315, 316], [315, 324], [321, 315], [321, 322], [329, 330], [329, 331], [331, 336], [336, 337], [336, 338]], "missing_branches": [[311, 312], [331, 335]]}, "HumanApprovalPolicy": {"executed_lines": [351], "summary": {"covered_lines": 1, "num_statements": 1, "percent_covered": 100.0, "percent_covered_display": "100", "missing_lines": 0, "excluded_lines": 0, "percent_statements_covered": 100.0, "percent_statements_covered_display": "100", "num_branches": 0, "num_partial_branches": 0, "covered_branches": 0, "missing_branches": 0, "percent_branches_covered": 100.0, "percent_branches_covered_display": "100"}, "missing_lines": [], "excluded_lines": [], "start_line": 341, "executed_branches": [], "missing_branches": []}, "MaterialityPolicy": {"executed_lines": [367, 378, 379], "summary": {"covered_lines": 3, "num_statements": 3, "percent_covered": 100.0, "percent_covered_display": "100", "missing_lines": 0, "excluded_lines": 0, "percent_statements_covered": 100.0, "percent_statements_covered_display": "100", "num_branches": 2, "num_partial_branches": 0, "covered_branches": 2, "missing_branches": 0, "percent_branches_covered": 100.0, "percent_branches_covered_display": "100"}, "missing_lines": [], "excluded_lines": [], "start_line": 354, "executed_branches": [[367, 378], [367, 379]], "missing_branches": []}, "ParameterUncertaintyPolicy": {"executed_lines": [], "summary": {"covered_lines": 0, "num_statements": 0, "percent_covered": 100.0, "percent_covered_display": "100", "missing_lines": 0, "excluded_lines": 0, "percent_statements_covered": 100.0, "percent_statements_covered_display": "100", "num_branches": 0, "num_partial_branches": 0, "covered_branches": 0, "missing_branches": 0, "percent_branches_covered": 100.0, "percent_branches_covered_display": "100"}, "missing_lines": [], "excluded_lines": [], "start_line": 382, "executed_branches": [], "missing_branches": []}, "SelectedShadowPolicy": {"executed_lines": [408, 410], "summary": {"covered_lines": 2, "num_statements": 3, "percent_covered": 60.0, "percent_covered_display": "60", "missing_lines": 1, "excluded_lines": 0, "percent_statements_covered": 66.66666666666667, "percent_statements_covered_display": "67", "num_branches": 2, "num_partial_branches": 1, "covered_branches": 1, "missing_branches": 1, "percent_branches_covered": 50.0, "percent_branches_covered_display": "50"}, "missing_lines": [409], "excluded_lines": [], "start_line": 389, "executed_branches": [[408, 410]], "missing_branches": [[408, 409]]}, "SourceFinalityPolicy": {"executed_lines": [427, 438, 440], "summary": {"covered_lines": 3, "num_statements": 4, "percent_covered": 66.66666666666667, "percent_covered_display": "67", "missing_lines": 1, "excluded_lines": 0, "percent_statements_covered": 75.0, "percent_statements_covered_display": "75", "num_branches": 2, "num_partial_branches": 1, "covered_branches": 1, "missing_branches": 1, "percent_branches_covered": 50.0, "percent_branches_covered_display": "50"}, "missing_lines": [439], "excluded_lines": [], "start_line": 413, "executed_branches": [[438, 440]], "missing_branches": [[438, 439]]}, "FreshStatePolicy": {"executed_lines": [], "summary": {"covered_lines": 0, "num_statements": 0, "percent_covered": 100.0, "percent_covered_display": "100", "missing_lines": 0, "excluded_lines": 0, "percent_statements_covered": 100.0, "percent_statements_covered_display": "100", "num_branches": 0, "num_partial_branches": 0, "covered_branches": 0, "missing_branches": 0, "percent_branches_covered": 100.0, "percent_branches_covered_display": "100"}, "missing_lines": [], "excluded_lines": [], "start_line": 443, "executed_branches": [], "missing_branches": []}, "DegradedStatePolicy": {"executed_lines": [], "summary": {"covered_lines": 0, "num_statements": 0, "percent_covered": 100.0, "percent_covered_display": "100", "missing_lines": 0, "excluded_lines": 0, "percent_statements_covered": 100.0, "percent_statements_covered_display": "100", "num_branches": 0, "num_partial_branches": 0, "covered_branches": 0, "missing_branches": 0, "percent_branches_covered": 100.0, "percent_branches_covered_display": "100"}, "missing_lines": [], "excluded_lines": [], "start_line": 450, "executed_branches": [], "missing_branches": []}, "StaleStatePolicy": {"executed_lines": [464, 472, 474], "summary": {"covered_lines": 3, "num_statements": 4, "percent_covered": 66.66666666666667, "percent_covered_display": "67", "missing_lines": 1, "excluded_lines": 0, "percent_statements_covered": 75.0, "percent_statements_covered_display": "75", "num_branches": 2, "num_partial_branches": 1, "covered_branches": 1, "missing_branches": 1, "percent_branches_covered": 50.0, "percent_branches_covered_display": "50"}, "missing_lines": [473], "excluded_lines": [], "start_line": 458, "executed_branches": [[472, 474]], "missing_branches": [[472, 473]]}, "SourceFreshnessPolicy": {"executed_lines": [], "summary": {"covered_lines": 0, "num_statements": 0, "percent_covered": 100.0, "percent_covered_display": "100", "missing_lines": 0, "excluded_lines": 0, "percent_statements_covered": 100.0, "percent_statements_covered_display": "100", "num_branches": 0, "num_partial_branches": 0, "covered_branches": 0, "missing_branches": 0, "percent_branches_covered": 100.0, "percent_branches_covered_display": "100"}, "missing_lines": [], "excluded_lines": [], "start_line": 477, "executed_branches": [], "missing_branches": []}, "StatisticalResearchEvidence": {"executed_lines": [500, 507], "summary": {"covered_lines": 2, "num_statements": 3, "percent_covered": 60.0, "percent_covered_display": "60", "missing_lines": 1, "excluded_lines": 0, "percent_statements_covered": 66.66666666666667, "percent_statements_covered_display": "67", "num_branches": 2, "num_partial_branches": 1, "covered_branches": 1, "missing_branches": 1, "percent_branches_covered": 50.0, "percent_branches_covered_display": "50"}, "missing_lines": [506], "excluded_lines": [], "start_line": 489, "executed_branches": [[500, 507]], "missing_branches": [[500, 506]]}, "CurrentTeamStrengthGovernanceV1": {"executed_lines": [526, 528, 529, 530], "summary": {"covered_lines": 4, "num_statements": 5, "percent_covered": 77.77777777777777, "percent_covered_display": "78", "missing_lines": 1, "excluded_lines": 0, "percent_statements_covered": 80.0, "percent_statements_covered_display": "80", "num_branches": 4, "num_partial_branches": 1, "covered_branches": 3, "missing_branches": 1, "percent_branches_covered": 75.0, "percent_branches_covered_display": "75"}, "missing_lines": [527], "excluded_lines": [], "start_line": 510, "executed_branches": [[526, 528], [528, 529], [528, 530]], "missing_branches": [[526, 527]]}, "SourceFreshnessState": {"executed_lines": [], "summary": {"covered_lines": 0, "num_statements": 0, "percent_covered": 100.0, "percent_covered_display": "100", "missing_lines": 0, "excluded_lines": 0, "percent_statements_covered": 100.0, "percent_statements_covered_display": "100", "num_branches": 0, "num_partial_branches": 0, "covered_branches": 0, "missing_branches": 0, "percent_branches_covered": 100.0, "percent_branches_covered_display": "100"}, "missing_lines": [], "excluded_lines": [], "start_line": 533, "executed_branches": [], "missing_branches": []}, "": {"executed_lines": [7, 9, 10, 11, 12, 13, 14, 15, 16, 18, 20, 21, 23, 24, 25, 26, 28, 29, 30, 31, 32, 35, 39, 40, 41, 44, 45, 48, 49, 52, 53, 54, 55, 56, 57, 58, 61, 62, 65, 66, 73, 74, 75, 76, 77, 78, 81, 82, 83, 84, 95, 96, 97, 98, 101, 102, 103, 104, 105, 106, 107, 109, 110, 118, 119, 120, 121, 122, 123, 124, 125, 128, 133, 134, 135, 136, 137, 138, 139, 140, 141, 142, 143, 144, 145, 146, 148, 149, 150, 153, 154, 178, 179, 180, 181, 182, 183, 184, 185, 186, 187, 188, 189, 191, 192, 193, 196, 197, 217, 218, 219, 220, 221, 222, 223, 224, 225, 226, 227, 228, 229, 230, 231, 232, 233, 234, 235, 236, 238, 239, 240, 243, 244, 341, 342, 343, 344, 345, 346, 348, 349, 350, 354, 355, 356, 357, 358, 359, 360, 361, 362, 363, 365, 366, 382, 383, 384, 385, 386, 389, 390, 391, 392, 393, 394, 395, 396, 397, 398, 399, 400, 401, 402, 403, 405, 406, 407, 413, 414, 415, 416, 417, 418, 419, 420, 423, 425, 426, 443, 444, 445, 446, 447, 450, 451, 452, 453, 454, 455, 458, 459, 460, 462, 463, 477, 478, 479, 480, 481, 482, 483, 486, 489, 490, 491, 492, 493, 494, 495, 496, 498, 499, 510, 511, 512, 513, 514, 515, 516, 517, 518, 519, 520, 521, 522, 524, 525, 533, 534, 535, 536, 539, 542, 543, 544, 547, 548, 553, 556, 557, 558, 561, 562, 567, 573, 578, 579, 580, 583, 584, 587, 597, 598, 599, 600, 601, 602, 603, 610, 611, 612, 613, 614, 615, 616, 619], "summary": {"covered_lines": 276, "num_statements": 282, "percent_covered": 97.69736842105263, "percent_covered_display": "98", "missing_lines": 6, "excluded_lines": 0, "percent_statements_covered": 97.87234042553192, "percent_statements_covered_display": "98", "num_branches": 22, "num_partial_branches": 1, "covered_branches": 21, "missing_branches": 1, "percent_branches_covered": 95.45454545454545, "percent_branches_covered_display": "95"}, "missing_lines": [85, 86, 89, 90, 91, 92], "excluded_lines": [], "start_line": 1, "executed_branches": [[54, 55], [54, 58], [55, 56], [55, 57], [74, 75], [74, 81], [82, 83], [96, 97], [96, 98], [578, 579], [578, 580], [599, 600], [599, 601], [601, 602], [601, 603], [603, 610], [603, 611], [612, 613], [612, 614], [614, 615], [614, 616]], "missing_branches": [[82, 89]]}}}}, "totals": {"covered_lines": 576, "num_statements": 599, "percent_covered": 95.2191235059761, "percent_covered_display": "95", "missing_lines": 23, "excluded_lines": 0, "percent_statements_covered": 96.16026711185309, "percent_statements_covered_display": "96", "num_branches": 154, "num_partial_branches": 13, "covered_branches": 141, "missing_branches": 13, "percent_branches_covered": 91.55844155844156, "percent_branches_covered_display": "92"}}