{"meta": {"format": 3, "version": "7.15.2", "timestamp": "2026-08-18T07:59:06.838359", "branch_coverage": true, "show_contexts": false}, "files": {"src\\dmf_pulse\\cli\\prices.py": {"executed_lines": [3, 5, 6, 7, 8, 10, 11, 13, 14, 15, 16, 17, 18, 20, 27, 29, 30, 34, 35, 38, 39, 40, 41, 42, 48, 49, 52, 53, 54, 55, 56, 64, 71, 72, 75, 76, 77, 78, 88, 91, 92, 99, 101, 104, 105, 112, 114, 117, 118, 126, 128, 133, 134, 141, 143, 146, 147, 154, 156, 159, 160, 167, 169, 172, 173, 180, 182, 185, 186, 193, 195, 198, 199, 206, 208, 211, 212, 218, 219, 220], "summary": {"covered_lines": 80, "num_statements": 89, "percent_covered": 84.34782608695652, "percent_covered_display": "84", "missing_lines": 9, "excluded_lines": 0, "percent_statements_covered": 89.88764044943821, "percent_statements_covered_display": "90", "num_branches": 26, "num_partial_branches": 9, "covered_branches": 17, "missing_branches": 9, "percent_branches_covered": 65.38461538461539, "percent_branches_covered_display": "65"}, "missing_lines": [100, 113, 127, 142, 155, 168, 181, 194, 207], "excluded_lines": [], "executed_branches": [[29, 30], [29, 34], [53, 54], [53, 55], [55, 56], [55, 64], [99, 101], [112, 114], [126, 128], [141, 143], [154, 156], [167, 169], [180, 182], [193, 195], [206, 208], [218, 219], [218, 220]], "missing_branches": [[99, 100], [112, 113], [126, 127], [141, 142], [154, 155], [167, 168], [180, 181], [193, 194], [206, 207]], "functions": {"_emit": {"executed_lines": [29, 30, 34, 35], "summary": {"covered_lines": 4, "num_statements": 4, "percent_covered": 100.0, "percent_covered_display": "100", "missing_lines": 0, "excluded_lines": 0, "percent_statements_covered": 100.0, "percent_statements_covered_display": "100", "num_branches": 2, "num_partial_branches": 0, "covered_branches": 2, "missing_branches": 0, "percent_branches_covered": 100.0, "percent_branches_covered_display": "100"}, "missing_lines": [], "excluded_lines": [], "start_line": 27, "executed_branches": [[29, 30], [29, 34]], "missing_branches": []}, "_load": {"executed_lines": [39, 40, 41, 42], "summary": {"covered_lines": 4, "num_statements": 4, "percent_covered": 100.0, "percent_covered_display": "100", "missing_lines": 0, "excluded_lines": 0, "percent_statements_covered": 100.0, "percent_statements_covered_display": "100", "num_branches": 0, "num_partial_branches": 0, "covered_branches": 0, "missing_branches": 0, "percent_branches_covered": 100.0, "percent_branches_covered_display": "100"}, "missing_lines": [], "excluded_lines": [], "start_line": 38, "executed_branches": [], "missing_branches": []}, "_service": {"executed_lines": [49], "summary": {"covered_lines": 1, "num_statements": 1, "percent_covered": 100.0, "percent_covered_display": "100", "missing_lines": 0, "excluded_lines": 0, "percent_statements_covered": 100.0, "percent_statements_covered_display": "100", "num_branches": 0, "num_partial_branches": 0, "covered_branches": 0, "missing_branches": 0, "percent_branches_covered": 100.0, "percent_branches_covered_display": "100"}, "missing_lines": [], "excluded_lines": [], "start_line": 48, "executed_branches": [], "missing_branches": []}, "_fail": {"executed_lines": [53, 54, 55, 56, 64, 71, 72], "summary": {"covered_lines": 7, "num_statements": 7, "percent_covered": 100.0, "percent_covered_display": "100", "missing_lines": 0, "excluded_lines": 0, "percent_statements_covered": 100.0, "percent_statements_covered_display": "100", "num_branches": 4, "num_partial_branches": 0, "covered_branches": 4, "missing_branches": 0, "percent_branches_covered": 100.0, "percent_branches_covered_display": "100"}, "missing_lines": [], "excluded_lines": [], "start_line": 52, "executed_branches": [[53, 54], [53, 55], [55, 56], [55, 64]], "missing_branches": []}, "_execute": {"executed_lines": [76, 77, 78, 88], "summary": {"covered_lines": 4, "num_statements": 4, "percent_covered": 100.0, "percent_covered_display": "100", "missing_lines": 0, "excluded_lines": 0, "percent_statements_covered": 100.0, "percent_statements_covered_display": "100", "num_branches": 0, "num_partial_branches": 0, "covered_branches": 0, "missing_branches": 0, "percent_branches_covered": 100.0, "percent_branches_covered_display": "100"}, "missing_lines": [], "excluded_lines": [], "start_line": 75, "executed_branches": [], "missing_branches": []}, "build_update_cycles": {"executed_lines": [99, 101], "summary": {"covered_lines": 2, "num_statements": 3, "percent_covered": 60.0, "percent_covered_display": "60", "missing_lines": 1, "excluded_lines": 0, "percent_statements_covered": 66.66666666666667, "percent_statements_covered_display": "67", "num_branches": 2, "num_partial_branches": 1, "covered_branches": 1, "missing_branches": 1, "percent_branches_covered": 50.0, "percent_branches_covered_display": "50"}, "missing_lines": [100], "excluded_lines": [], "start_line": 92, "executed_branches": [[99, 101]], "missing_branches": [[99, 100]]}, "build_features": {"executed_lines": [112, 114], "summary": {"covered_lines": 2, "num_statements": 3, "percent_covered": 60.0, "percent_covered_display": "60", "missing_lines": 1, "excluded_lines": 0, "percent_statements_covered": 66.66666666666667, "percent_statements_covered_display": "67", "num_branches": 2, "num_partial_branches": 1, "covered_branches": 1, "missing_branches": 1, "percent_branches_covered": 50.0, "percent_branches_covered_display": "50"}, "missing_lines": [113], "excluded_lines": [], "start_line": 105, "executed_branches": [[112, 114]], "missing_branches": [[112, 113]]}, "train_baseline": {"executed_lines": [126, 128], "summary": {"covered_lines": 2, "num_statements": 3, "percent_covered": 60.0, "percent_covered_display": "60", "missing_lines": 1, "excluded_lines": 0, "percent_statements_covered": 66.66666666666667, "percent_statements_covered_display": "67", "num_branches": 2, "num_partial_branches": 1, "covered_branches": 1, "missing_branches": 1, "percent_branches_covered": 50.0, "percent_branches_covered_display": "50"}, "missing_lines": [127], "excluded_lines": [], "start_line": 118, "executed_branches": [[126, 128]], "missing_branches": [[126, 127]]}, "predict_next": {"executed_lines": [141, 143], "summary": {"covered_lines": 2, "num_statements": 3, "percent_covered": 60.0, "percent_covered_display": "60", "missing_lines": 1, "excluded_lines": 0, "percent_statements_covered": 66.66666666666667, "percent_statements_covered_display": "67", "num_branches": 2, "num_partial_branches": 1, "covered_branches": 1, "missing_branches": 1, "percent_branches_covered": 50.0, "percent_branches_covered_display": "50"}, "missing_lines": [142], "excluded_lines": [], "start_line": 134, "executed_branches": [[141, 143]], "missing_branches": [[141, 142]]}, "simulate_path": {"executed_lines": [154, 156], "summary": {"covered_lines": 2, "num_statements": 3, "percent_covered": 60.0, "percent_covered_display": "60", "missing_lines": 1, "excluded_lines": 0, "percent_statements_covered": 66.66666666666667, "percent_statements_covered_display": "67", "num_branches": 2, "num_partial_branches": 1, "covered_branches": 1, "missing_branches": 1, "percent_branches_covered": 50.0, "percent_branches_covered_display": "50"}, "missing_lines": [155], "excluded_lines": [], "start_line": 147, "executed_branches": [[154, 156]], "missing_branches": [[154, 155]]}, "selling_value": {"executed_lines": [167, 169], "summary": {"covered_lines": 2, "num_statements": 3, "percent_covered": 60.0, "percent_covered_display": "60", "missing_lines": 1, "excluded_lines": 0, "percent_statements_covered": 66.66666666666667, "percent_statements_covered_display": "67", "num_branches": 2, "num_partial_branches": 1, "covered_branches": 1, "missing_branches": 1, "percent_branches_covered": 50.0, "percent_branches_covered_display": "50"}, "missing_lines": [168], "excluded_lines": [], "start_line": 160, "executed_branches": [[167, 169]], "missing_branches": [[167, 168]]}, "price_scenarios": {"executed_lines": [180, 182], "summary": {"covered_lines": 2, "num_statements": 3, "percent_covered": 60.0, "percent_covered_display": "60", "missing_lines": 1, "excluded_lines": 0, "percent_statements_covered": 66.66666666666667, "percent_statements_covered_display": "67", "num_branches": 2, "num_partial_branches": 1, "covered_branches": 1, "missing_branches": 1, "percent_branches_covered": 50.0, "percent_branches_covered_display": "50"}, "missing_lines": [181], "excluded_lines": [], "start_line": 173, "executed_branches": [[180, 182]], "missing_branches": [[180, 181]]}, "act_or_wait": {"executed_lines": [193, 195], "summary": {"covered_lines": 2, "num_statements": 3, "percent_covered": 60.0, "percent_covered_display": "60", "missing_lines": 1, "excluded_lines": 0, "percent_statements_covered": 66.66666666666667, "percent_statements_covered_display": "67", "num_branches": 2, "num_partial_branches": 1, "covered_branches": 1, "missing_branches": 1, "percent_branches_covered": 50.0, "percent_branches_covered_display": "50"}, "missing_lines": [194], "excluded_lines": [], "start_line": 186, "executed_branches": [[193, 195]], "missing_branches": [[193, 194]]}, "evaluate": {"executed_lines": [206, 208], "summary": {"covered_lines": 2, "num_statements": 3, "percent_covered": 60.0, "percent_covered_display": "60", "missing_lines": 1, "excluded_lines": 0, "percent_statements_covered": 66.66666666666667, "percent_statements_covered_display": "67", "num_branches": 2, "num_partial_branches": 1, "covered_branches": 1, "missing_branches": 1, "percent_branches_covered": 50.0, "percent_branches_covered_display": "50"}, "missing_lines": [207], "excluded_lines": [], "start_line": 199, "executed_branches": [[206, 208]], "missing_branches": [[206, 207]]}, "validate": {"executed_lines": [218, 219, 220], "summary": {"covered_lines": 3, "num_statements": 3, "percent_covered": 100.0, "percent_covered_display": "100", "missing_lines": 0, "excluded_lines": 0, "percent_statements_covered": 100.0, "percent_statements_covered_display": "100", "num_branches": 2, "num_partial_branches": 0, "covered_branches": 2, "missing_branches": 0, "percent_branches_covered": 100.0, "percent_branches_covered_display": "100"}, "missing_lines": [], "excluded_lines": [], "start_line": 212, "executed_branches": [[218, 219], [218, 220]], "missing_branches": []}, "": {"executed_lines": [3, 5, 6, 7, 8, 10, 11, 13, 14, 15, 16, 17, 18, 20, 27, 38, 48, 52, 75, 91, 92, 104, 105, 117, 118, 133, 134, 146, 147, 159, 160, 172, 173, 185, 186, 198, 199, 211, 212], "summary": {"covered_lines": 39, "num_statements": 39, "percent_covered": 100.0, "percent_covered_display": "100", "missing_lines": 0, "excluded_lines": 0, "percent_statements_covered": 100.0, "percent_statements_covered_display": "100", "num_branches": 0, "num_partial_branches": 0, "covered_branches": 0, "missing_branches": 0, "percent_branches_covered": 100.0, "percent_branches_covered_display": "100"}, "missing_lines": [], "excluded_lines": [], "start_line": 1, "executed_branches": [], "missing_branches": []}}, "classes": {"": {"executed_lines": [3, 5, 6, 7, 8, 10, 11, 13, 14, 15, 16, 17, 18, 20, 27, 29, 30, 34, 35, 38, 39, 40, 41, 42, 48, 49, 52, 53, 54, 55, 56, 64, 71, 72, 75, 76, 77, 78, 88, 91, 92, 99, 101, 104, 105, 112, 114, 117, 118, 126, 128, 133, 134, 141, 143, 146, 147, 154, 156, 159, 160, 167, 169, 172, 173, 180, 182, 185, 186, 193, 195, 198, 199, 206, 208, 211, 212, 218, 219, 220], "summary": {"covered_lines": 80, "num_statements": 89, "percent_covered": 84.34782608695652, "percent_covered_display": "84", "missing_lines": 9, "excluded_lines": 0, "percent_statements_covered": 89.88764044943821, "percent_statements_covered_display": "90", "num_branches": 26, "num_partial_branches": 9, "covered_branches": 17, "missing_branches": 9, "percent_branches_covered": 65.38461538461539, "percent_branches_covered_display": "65"}, "missing_lines": [100, 113, 127, 142, 155, 168, 181, 194, 207], "excluded_lines": [], "start_line": 1, "executed_branches": [[29, 30], [29, 34], [53, 54], [53, 55], [55, 56], [55, 64], [99, 101], [112, 114], [126, 128], [141, 143], [154, 156], [167, 169], [180, 182], [193, 195], [206, 208], [218, 219], [218, 220]], "missing_branches": [[99, 100], [112, 113], [126, 127], [141, 142], [154, 155], [167, 168], [180, 181], [193, 194], [206, 207]]}}}, "src\\dmf_pulse\\prices\\__init__.py": {"executed_lines": [3, 4, 12, 13, 15], "summary": {"covered_lines": 5, "num_statements": 5, "percent_covered": 100.0, "percent_covered_display": "100", "missing_lines": 0, "excluded_lines": 0, "percent_statements_covered": 100.0, "percent_statements_covered_display": "100", "num_branches": 0, "num_partial_branches": 0, "covered_branches": 0, "missing_branches": 0, "percent_branches_covered": 100.0, "percent_branches_covered_display": "100"}, "missing_lines": [], "excluded_lines": [], "executed_branches": [], "missing_branches": [], "functions": {"": {"executed_lines": [3, 4, 12, 13, 15], "summary": {"covered_lines": 5, "num_statements": 5, "percent_covered": 100.0, "percent_covered_display": "100", "missing_lines": 0, "excluded_lines": 0, "percent_statements_covered": 100.0, "percent_statements_covered_display": "100", "num_branches": 0, "num_partial_branches": 0, "covered_branches": 0, "missing_branches": 0, "percent_branches_covered": 100.0, "percent_branches_covered_display": "100"}, "missing_lines": [], "excluded_lines": [], "start_line": 1, "executed_branches": [], "missing_branches": []}}, "classes": {"": {"executed_lines": [3, 4, 12, 13, 15], "summary": {"covered_lines": 5, "num_statements": 5, "percent_covered": 100.0, "percent_covered_display": "100", "missing_lines": 0, "excluded_lines": 0, "percent_statements_covered": 100.0, "percent_statements_covered_display": "100", "num_branches": 0, "num_partial_branches": 0, "covered_branches": 0, "missing_branches": 0, "percent_branches_covered": 100.0, "percent_branches_covered_display": "100"}, "missing_lines": [], "excluded_lines": [], "start_line": 1, "executed_branches": [], "missing_branches": []}}}, "src\\dmf_pulse\\prices\\artifacts.py": {"executed_lines": [3, 5, 7, 9, 15, 27, 28, 31, 37, 38, 41, 42, 43, 44, 47, 48, 51, 52, 55, 56, 59, 69, 70, 76, 83, 89], "summary": {"covered_lines": 26, "num_statements": 27, "percent_covered": 96.55172413793103, "percent_covered_display": "97", "missing_lines": 1, "excluded_lines": 0, "percent_statements_covered": 96.29629629629629, "percent_statements_covered_display": "96", "num_branches": 2, "num_partial_branches": 0, "covered_branches": 2, "missing_branches": 0, "percent_branches_covered": 100.0, "percent_branches_covered_display": "100"}, "missing_lines": [34], "excluded_lines": [], "executed_branches": [[42, 43], [42, 44]], "missing_branches": [], "functions": {"seal_observation": {"executed_lines": [28], "summary": {"covered_lines": 1, "num_statements": 1, "percent_covered": 100.0, "percent_covered_display": "100", "missing_lines": 0, "excluded_lines": 0, "percent_statements_covered": 100.0, "percent_statements_covered_display": "100", "num_branches": 0, "num_partial_branches": 0, "covered_branches": 0, "missing_branches": 0, "percent_branches_covered": 100.0, "percent_branches_covered_display": "100"}, "missing_lines": [], "excluded_lines": [], "start_line": 27, "executed_branches": [], "missing_branches": []}, "seal_external_observation": {"executed_lines": [], "summary": {"covered_lines": 0, "num_statements": 1, "percent_covered": 0.0, "percent_covered_display": "0", "missing_lines": 1, "excluded_lines": 0, "percent_statements_covered": 0.0, "percent_statements_covered_display": "0", "num_branches": 0, "num_partial_branches": 0, "covered_branches": 0, "missing_branches": 0, "percent_branches_covered": 100.0, "percent_branches_covered_display": "100"}, "missing_lines": [34], "excluded_lines": [], "start_line": 31, "executed_branches": [], "missing_branches": []}, "seal_competing_logit": {"executed_lines": [38], "summary": {"covered_lines": 1, "num_statements": 1, "percent_covered": 100.0, "percent_covered_display": "100", "missing_lines": 0, "excluded_lines": 0, "percent_statements_covered": 100.0, "percent_statements_covered_display": "100", "num_branches": 0, "num_partial_branches": 0, "covered_branches": 0, "missing_branches": 0, "percent_branches_covered": 100.0, "percent_branches_covered_display": "100"}, "missing_lines": [], "excluded_lines": [], "start_line": 37, "executed_branches": [], "missing_branches": []}, "seal_price_calibration": {"executed_lines": [42, 43, 44], "summary": {"covered_lines": 3, "num_statements": 3, "percent_covered": 100.0, "percent_covered_display": "100", "missing_lines": 0, "excluded_lines": 0, "percent_statements_covered": 100.0, "percent_statements_covered_display": "100", "num_branches": 2, "num_partial_branches": 0, "covered_branches": 2, "missing_branches": 0, "percent_branches_covered": 100.0, "percent_branches_covered_display": "100"}, "missing_lines": [], "excluded_lines": [], "start_line": 41, "executed_branches": [[42, 43], [42, 44]], "missing_branches": []}, "seal_path_distribution": {"executed_lines": [48], "summary": {"covered_lines": 1, "num_statements": 1, "percent_covered": 100.0, "percent_covered_display": "100", "missing_lines": 0, "excluded_lines": 0, "percent_statements_covered": 100.0, "percent_statements_covered_display": "100", "num_branches": 0, "num_partial_branches": 0, "covered_branches": 0, "missing_branches": 0, "percent_branches_covered": 100.0, "percent_branches_covered_display": "100"}, "missing_lines": [], "excluded_lines": [], "start_line": 47, "executed_branches": [], "missing_branches": []}, "seal_projection": {"executed_lines": [52], "summary": {"covered_lines": 1, "num_statements": 1, "percent_covered": 100.0, "percent_covered_display": "100", "missing_lines": 0, "excluded_lines": 0, "percent_statements_covered": 100.0, "percent_statements_covered_display": "100", "num_branches": 0, "num_partial_branches": 0, "covered_branches": 0, "missing_branches": 0, "percent_branches_covered": 100.0, "percent_branches_covered_display": "100"}, "missing_lines": [], "excluded_lines": [], "start_line": 51, "executed_branches": [], "missing_branches": []}, "seal_early_transfer_decision": {"executed_lines": [56], "summary": {"covered_lines": 1, "num_statements": 1, "percent_covered": 100.0, "percent_covered_display": "100", "missing_lines": 0, "excluded_lines": 0, "percent_statements_covered": 100.0, "percent_statements_covered_display": "100", "num_branches": 0, "num_partial_branches": 0, "covered_branches": 0, "missing_branches": 0, "percent_branches_covered": 100.0, "percent_branches_covered_display": "100"}, "missing_lines": [], "excluded_lines": [], "start_line": 55, "executed_branches": [], "missing_branches": []}, "persist_price_artifact": {"executed_lines": [69, 70, 76], "summary": {"covered_lines": 3, "num_statements": 3, "percent_covered": 100.0, "percent_covered_display": "100", "missing_lines": 0, "excluded_lines": 0, "percent_statements_covered": 100.0, "percent_statements_covered_display": "100", "num_branches": 0, "num_partial_branches": 0, "covered_branches": 0, "missing_branches": 0, "percent_branches_covered": 100.0, "percent_branches_covered_display": "100"}, "missing_lines": [], "excluded_lines": [], "start_line": 59, "executed_branches": [], "missing_branches": []}, "load_price_artifact": {"executed_lines": [89], "summary": {"covered_lines": 1, "num_statements": 1, "percent_covered": 100.0, "percent_covered_display": "100", "missing_lines": 0, "excluded_lines": 0, "percent_statements_covered": 100.0, "percent_statements_covered_display": "100", "num_branches": 0, "num_partial_branches": 0, "covered_branches": 0, "missing_branches": 0, "percent_branches_covered": 100.0, "percent_branches_covered_display": "100"}, "missing_lines": [], "excluded_lines": [], "start_line": 83, "executed_branches": [], "missing_branches": []}, "": {"executed_lines": [3, 5, 7, 9, 15, 27, 31, 37, 41, 47, 51, 55, 59, 83], "summary": {"covered_lines": 14, "num_statements": 14, "percent_covered": 100.0, "percent_covered_display": "100", "missing_lines": 0, "excluded_lines": 0, "percent_statements_covered": 100.0, "percent_statements_covered_display": "100", "num_branches": 0, "num_partial_branches": 0, "covered_branches": 0, "missing_branches": 0, "percent_branches_covered": 100.0, "percent_branches_covered_display": "100"}, "missing_lines": [], "excluded_lines": [], "start_line": 1, "executed_branches": [], "missing_branches": []}}, "classes": {"": {"executed_lines": [3, 5, 7, 9, 15, 27, 28, 31, 37, 38, 41, 42, 43, 44, 47, 48, 51, 52, 55, 56, 59, 69, 70, 76, 83, 89], "summary": {"covered_lines": 26, "num_statements": 27, "percent_covered": 96.55172413793103, "percent_covered_display": "97", "missing_lines": 1, "excluded_lines": 0, "percent_statements_covered": 96.29629629629629, "percent_statements_covered_display": "96", "num_branches": 2, "num_partial_branches": 0, "covered_branches": 2, "missing_branches": 0, "percent_branches_covered": 100.0, "percent_branches_covered_display": "100"}, "missing_lines": [34], "excluded_lines": [], "start_line": 1, "executed_branches": [[42, 43], [42, 44]], "missing_branches": []}}}, "src\\dmf_pulse\\prices\\benchmarks.py": {"executed_lines": [3, 5, 6, 9, 10, 13, 14], "summary": {"covered_lines": 7, "num_statements": 7, "percent_covered": 100.0, "percent_covered_display": "100", "missing_lines": 0, "excluded_lines": 0, "percent_statements_covered": 100.0, "percent_statements_covered_display": "100", "num_branches": 0, "num_partial_branches": 0, "covered_branches": 0, "missing_branches": 0, "percent_branches_covered": 100.0, "percent_branches_covered_display": "100"}, "missing_lines": [], "excluded_lines": [], "executed_branches": [], "missing_branches": [], "functions": {"configured_benchmark_ids": {"executed_lines": [10], "summary": {"covered_lines": 1, "num_statements": 1, "percent_covered": 100.0, "percent_covered_display": "100", "missing_lines": 0, "excluded_lines": 0, "percent_statements_covered": 100.0, "percent_statements_covered_display": "100", "num_branches": 0, "num_partial_branches": 0, "covered_branches": 0, "missing_branches": 0, "percent_branches_covered": 100.0, "percent_branches_covered_display": "100"}, "missing_lines": [], "excluded_lines": [], "start_line": 9, "executed_branches": [], "missing_branches": []}, "gbdt_challenger_status": {"executed_lines": [14], "summary": {"covered_lines": 1, "num_statements": 1, "percent_covered": 100.0, "percent_covered_display": "100", "missing_lines": 0, "excluded_lines": 0, "percent_statements_covered": 100.0, "percent_statements_covered_display": "100", "num_branches": 0, "num_partial_branches": 0, "covered_branches": 0, "missing_branches": 0, "percent_branches_covered": 100.0, "percent_branches_covered_display": "100"}, "missing_lines": [], "excluded_lines": [], "start_line": 13, "executed_branches": [], "missing_branches": []}, "": {"executed_lines": [3, 5, 6, 9, 13], "summary": {"covered_lines": 5, "num_statements": 5, "percent_covered": 100.0, "percent_covered_display": "100", "missing_lines": 0, "excluded_lines": 0, "percent_statements_covered": 100.0, "percent_statements_covered_display": "100", "num_branches": 0, "num_partial_branches": 0, "covered_branches": 0, "missing_branches": 0, "percent_branches_covered": 100.0, "percent_branches_covered_display": "100"}, "missing_lines": [], "excluded_lines": [], "start_line": 1, "executed_branches": [], "missing_branches": []}}, "classes": {"": {"executed_lines": [3, 5, 6, 9, 10, 13, 14], "summary": {"covered_lines": 7, "num_statements": 7, "percent_covered": 100.0, "percent_covered_display": "100", "missing_lines": 0, "excluded_lines": 0, "percent_statements_covered": 100.0, "percent_statements_covered_display": "100", "num_branches": 0, "num_partial_branches": 0, "covered_branches": 0, "missing_branches": 0, "percent_branches_covered": 100.0, "percent_branches_covered_display": "100"}, "missing_lines": [], "excluded_lines": [], "start_line": 1, "executed_branches": [], "missing_branches": []}}}, "src\\dmf_pulse\\prices\\calibration.py": {"executed_lines": [3, 5, 6, 7, 9, 10, 11, 12, 13, 14, 23, 35, 36, 37, 38, 39, 40, 45, 46, 56, 64, 75, 78, 79, 80, 81, 82, 83, 84, 85, 88, 94, 95, 96, 97, 101, 102, 103, 104, 105, 106, 107, 108, 109, 112, 116, 117, 118, 119, 136, 137, 138, 139, 140, 141, 142, 143], "summary": {"covered_lines": 57, "num_statements": 57, "percent_covered": 100.0, "percent_covered_display": "100", "missing_lines": 0, "excluded_lines": 0, "percent_statements_covered": 100.0, "percent_statements_covered_display": "100", "num_branches": 18, "num_partial_branches": 0, "covered_branches": 18, "missing_branches": 0, "percent_branches_covered": 100.0, "percent_branches_covered_display": "100"}, "missing_lines": [], "excluded_lines": [], "executed_branches": [[36, 37], [36, 38], [39, 40], [39, 45], [81, 82], [81, 84], [94, 95], [94, 96], [96, 97], [96, 105], [106, 107], [106, 109], [107, 106], [107, 108], [117, 118], [117, 119], [137, 138], [137, 139]], "missing_branches": [], "functions": {"fit_price_calibration": {"executed_lines": [35, 36, 37, 38, 39, 40, 45, 64, 75], "summary": {"covered_lines": 9, "num_statements": 9, "percent_covered": 100.0, "percent_covered_display": "100", "missing_lines": 0, "excluded_lines": 0, "percent_statements_covered": 100.0, "percent_statements_covered_display": "100", "num_branches": 4, "num_partial_branches": 0, "covered_branches": 4, "missing_branches": 0, "percent_branches_covered": 100.0, "percent_branches_covered_display": "100"}, "missing_lines": [], "excluded_lines": [], "start_line": 23, "executed_branches": [[36, 37], [36, 38], [39, 40], [39, 45]], "missing_branches": []}, "fit_price_calibration.build": {"executed_lines": [46, 56], "summary": {"covered_lines": 2, "num_statements": 2, "percent_covered": 100.0, "percent_covered_display": "100", "missing_lines": 0, "excluded_lines": 0, "percent_statements_covered": 100.0, "percent_statements_covered_display": "100", "num_branches": 0, "num_partial_branches": 0, "covered_branches": 0, "missing_branches": 0, "percent_branches_covered": 100.0, "percent_branches_covered_display": "100"}, "missing_lines": [], "excluded_lines": [], "start_line": 45, "executed_branches": [], "missing_branches": []}, "_sigmoid": {"executed_lines": [79, 80, 81, 82, 83, 84, 85], "summary": {"covered_lines": 7, "num_statements": 7, "percent_covered": 100.0, "percent_covered_display": "100", "missing_lines": 0, "excluded_lines": 0, "percent_statements_covered": 100.0, "percent_statements_covered_display": "100", "num_branches": 2, "num_partial_branches": 0, "covered_branches": 2, "missing_branches": 0, "percent_branches_covered": 100.0, "percent_branches_covered_display": "100"}, "missing_lines": [], "excluded_lines": [], "start_line": 78, "executed_branches": [[81, 82], [81, 84]], "missing_branches": []}, "_apply_binary": {"executed_lines": [94, 95, 96, 97, 101, 102, 103, 104, 105, 106, 107, 108, 109], "summary": {"covered_lines": 13, "num_statements": 13, "percent_covered": 100.0, "percent_covered_display": "100", "missing_lines": 0, "excluded_lines": 0, "percent_statements_covered": 100.0, "percent_statements_covered_display": "100", "num_branches": 8, "num_partial_branches": 0, "covered_branches": 8, "missing_branches": 0, "percent_branches_covered": 100.0, "percent_branches_covered_display": "100"}, "missing_lines": [], "excluded_lines": [], "start_line": 88, "executed_branches": [[94, 95], [94, 96], [96, 97], [96, 105], [106, 107], [106, 109], [107, 106], [107, 108]], "missing_branches": []}, "apply_price_calibration": {"executed_lines": [116, 117, 118, 119, 136, 137, 138, 139, 140, 141, 142, 143], "summary": {"covered_lines": 12, "num_statements": 12, "percent_covered": 100.0, "percent_covered_display": "100", "missing_lines": 0, "excluded_lines": 0, "percent_statements_covered": 100.0, "percent_statements_covered_display": "100", "num_branches": 4, "num_partial_branches": 0, "covered_branches": 4, "missing_branches": 0, "percent_branches_covered": 100.0, "percent_branches_covered_display": "100"}, "missing_lines": [], "excluded_lines": [], "start_line": 112, "executed_branches": [[117, 118], [117, 119], [137, 138], [137, 139]], "missing_branches": []}, "": {"executed_lines": [3, 5, 6, 7, 9, 10, 11, 12, 13, 14, 23, 78, 88, 112], "summary": {"covered_lines": 14, "num_statements": 14, "percent_covered": 100.0, "percent_covered_display": "100", "missing_lines": 0, "excluded_lines": 0, "percent_statements_covered": 100.0, "percent_statements_covered_display": "100", "num_branches": 0, "num_partial_branches": 0, "covered_branches": 0, "missing_branches": 0, "percent_branches_covered": 100.0, "percent_branches_covered_display": "100"}, "missing_lines": [], "excluded_lines": [], "start_line": 1, "executed_branches": [], "missing_branches": []}}, "classes": {"": {"executed_lines": [3, 5, 6, 7, 9, 10, 11, 12, 13, 14, 23, 35, 36, 37, 38, 39, 40, 45, 46, 56, 64, 75, 78, 79, 80, 81, 82, 83, 84, 85, 88, 94, 95, 96, 97, 101, 102, 103, 104, 105, 106, 107, 108, 109, 112, 116, 117, 118, 119, 136, 137, 138, 139, 140, 141, 142, 143], "summary": {"covered_lines": 57, "num_statements": 57, "percent_covered": 100.0, "percent_covered_display": "100", "missing_lines": 0, "excluded_lines": 0, "percent_statements_covered": 100.0, "percent_statements_covered_display": "100", "num_branches": 18, "num_partial_branches": 0, "covered_branches": 18, "missing_branches": 0, "percent_branches_covered": 100.0, "percent_branches_covered_display": "100"}, "missing_lines": [], "excluded_lines": [], "start_line": 1, "executed_branches": [[36, 37], [36, 38], [39, 40], [39, 45], [81, 82], [81, 84], [94, 95], [94, 96], [96, 97], [96, 105], [106, 107], [106, 109], [107, 106], [107, 108], [117, 118], [117, 119], [137, 138], [137, 139]], "missing_branches": []}}}, "src\\dmf_pulse\\prices\\classifier.py": {"executed_lines": [3, 5, 6, 7, 9, 10, 11, 12, 13, 25, 28, 35, 36, 37, 38, 39, 42, 45, 46, 47, 48, 49, 50, 51, 52, 59, 60, 61, 67, 71, 72, 74, 75, 82, 90, 91, 93, 103, 104, 105, 106, 108, 111, 112, 116, 117, 118, 119, 120, 124, 125, 126, 127, 131, 132, 133, 134, 139, 144, 145, 146, 147, 148, 149, 150, 153, 154, 157, 158, 166, 195], "summary": {"covered_lines": 71, "num_statements": 74, "percent_covered": 94.0, "percent_covered_display": "94", "missing_lines": 3, "excluded_lines": 0, "percent_statements_covered": 95.94594594594595, "percent_statements_covered_display": "96", "num_branches": 26, "num_partial_branches": 3, "covered_branches": 23, "missing_branches": 3, "percent_branches_covered": 88.46153846153847, "percent_branches_covered_display": "88"}, "missing_lines": [73, 92, 107], "excluded_lines": [], "executed_branches": [[72, 74], [91, 93], [103, 104], [103, 105], [106, 108], [111, 112], [111, 116], [117, 118], [117, 120], [118, 117], [118, 119], [126, 127], [126, 158], [132, 133], [132, 149], [144, 132], [144, 145], [147, 144], [147, 148], [149, 126], [149, 150], [153, 149], [153, 154]], "missing_branches": [[72, 73], [91, 92], [106, 107]], "functions": {"predict_no_change": {"executed_lines": [28], "summary": {"covered_lines": 1, "num_statements": 1, "percent_covered": 100.0, "percent_covered_display": "100", "missing_lines": 0, "excluded_lines": 0, "percent_statements_covered": 100.0, "percent_statements_covered_display": "100", "num_branches": 0, "num_partial_branches": 0, "covered_branches": 0, "missing_branches": 0, "percent_branches_covered": 100.0, "percent_branches_covered_display": "100"}, "missing_lines": [], "excluded_lines": [], "start_line": 25, "executed_branches": [], "missing_branches": []}, "_bounded_exp": {"executed_lines": [36, 37, 38, 39], "summary": {"covered_lines": 4, "num_statements": 4, "percent_covered": 100.0, "percent_covered_display": "100", "missing_lines": 0, "excluded_lines": 0, "percent_statements_covered": 100.0, "percent_statements_covered_display": "100", "num_branches": 0, "num_partial_branches": 0, "covered_branches": 0, "missing_branches": 0, "percent_branches_covered": 100.0, "percent_branches_covered_display": "100"}, "missing_lines": [], "excluded_lines": [], "start_line": 35, "executed_branches": [], "missing_branches": []}, "_probabilities": {"executed_lines": [45, 46, 47, 48, 49, 50, 51, 52], "summary": {"covered_lines": 8, "num_statements": 8, "percent_covered": 100.0, "percent_covered_display": "100", "missing_lines": 0, "excluded_lines": 0, "percent_statements_covered": 100.0, "percent_statements_covered_display": "100", "num_branches": 0, "num_partial_branches": 0, "covered_branches": 0, "missing_branches": 0, "percent_branches_covered": 100.0, "percent_branches_covered_display": "100"}, "missing_lines": [], "excluded_lines": [], "start_line": 42, "executed_branches": [], "missing_branches": []}, "_linear_score": {"executed_lines": [60, 61], "summary": {"covered_lines": 2, "num_statements": 2, "percent_covered": 100.0, "percent_covered_display": "100", "missing_lines": 0, "excluded_lines": 0, "percent_statements_covered": 100.0, "percent_statements_covered_display": "100", "num_branches": 0, "num_partial_branches": 0, "covered_branches": 0, "missing_branches": 0, "percent_branches_covered": 100.0, "percent_branches_covered_display": "100"}, "missing_lines": [], "excluded_lines": [], "start_line": 59, "executed_branches": [], "missing_branches": []}, "predict_competing_logit": {"executed_lines": [71, 72, 74, 75], "summary": {"covered_lines": 4, "num_statements": 5, "percent_covered": 71.42857142857143, "percent_covered_display": "71", "missing_lines": 1, "excluded_lines": 0, "percent_statements_covered": 80.0, "percent_statements_covered_display": "80", "num_branches": 2, "num_partial_branches": 1, "covered_branches": 1, "missing_branches": 1, "percent_branches_covered": 50.0, "percent_branches_covered_display": "50"}, "missing_lines": [73], "excluded_lines": [], "start_line": 67, "executed_branches": [[72, 74]], "missing_branches": [[72, 73]]}, "fit_competing_logit": {"executed_lines": [90, 91, 93, 103, 104, 105, 106, 108, 111, 112, 116, 117, 118, 119, 120, 124, 125, 126, 127, 131, 132, 133, 134, 139, 144, 145, 146, 147, 148, 149, 150, 153, 154, 157, 158, 166, 195], "summary": {"covered_lines": 37, "num_statements": 39, "percent_covered": 93.65079365079364, "percent_covered_display": "94", "missing_lines": 2, "excluded_lines": 0, "percent_statements_covered": 94.87179487179488, "percent_statements_covered_display": "95", "num_branches": 24, "num_partial_branches": 2, "covered_branches": 22, "missing_branches": 2, "percent_branches_covered": 91.66666666666667, "percent_branches_covered_display": "92"}, "missing_lines": [92, 107], "excluded_lines": [], "start_line": 82, "executed_branches": [[91, 93], [103, 104], [103, 105], [106, 108], [111, 112], [111, 116], [117, 118], [117, 120], [118, 117], [118, 119], [126, 127], [126, 158], [132, 133], [132, 149], [144, 132], [144, 145], [147, 144], [147, 148], [149, 126], [149, 150], [153, 149], [153, 154]], "missing_branches": [[91, 92], [106, 107]]}, "": {"executed_lines": [3, 5, 6, 7, 9, 10, 11, 12, 13, 25, 35, 42, 59, 67, 82], "summary": {"covered_lines": 15, "num_statements": 15, "percent_covered": 100.0, "percent_covered_display": "100", "missing_lines": 0, "excluded_lines": 0, "percent_statements_covered": 100.0, "percent_statements_covered_display": "100", "num_branches": 0, "num_partial_branches": 0, "covered_branches": 0, "missing_branches": 0, "percent_branches_covered": 100.0, "percent_branches_covered_display": "100"}, "missing_lines": [], "excluded_lines": [], "start_line": 1, "executed_branches": [], "missing_branches": []}}, "classes": {"": {"executed_lines": [3, 5, 6, 7, 9, 10, 11, 12, 13, 25, 28, 35, 36, 37, 38, 39, 42, 45, 46, 47, 48, 49, 50, 51, 52, 59, 60, 61, 67, 71, 72, 74, 75, 82, 90, 91, 93, 103, 104, 105, 106, 108, 111, 112, 116, 117, 118, 119, 120, 124, 125, 126, 127, 131, 132, 133, 134, 139, 144, 145, 146, 147, 148, 149, 150, 153, 154, 157, 158, 166, 195], "summary": {"covered_lines": 71, "num_statements": 74, "percent_covered": 94.0, "percent_covered_display": "94", "missing_lines": 3, "excluded_lines": 0, "percent_statements_covered": 95.94594594594595, "percent_statements_covered_display": "96", "num_branches": 26, "num_partial_branches": 3, "covered_branches": 23, "missing_branches": 3, "percent_branches_covered": 88.46153846153847, "percent_branches_covered_display": "88"}, "missing_lines": [73, 92, 107], "excluded_lines": [], "start_line": 1, "executed_branches": [[72, 74], [91, 93], [103, 104], [103, 105], [106, 108], [111, 112], [111, 116], [117, 118], [117, 120], [118, 117], [118, 119], [126, 127], [126, 158], [132, 133], [132, 149], [144, 132], [144, 145], [147, 144], [147, 148], [149, 126], [149, 150], [153, 149], [153, 154]], "missing_branches": [[72, 73], [91, 92], [106, 107]]}}}, "src\\dmf_pulse\\prices\\configuration.py": {"executed_lines": [3, 5, 6, 7, 8, 10, 12, 13, 14, 15, 23, 24, 27, 28, 29, 30, 31, 32, 33, 34, 35, 36, 37, 38, 39, 41, 42, 43, 44, 45, 46, 47, 48, 49, 50, 51, 52, 53, 54, 55, 58, 59, 60, 61, 62, 63, 64, 65, 66, 67, 68, 69, 71, 72, 73, 74, 75, 78, 79, 82, 83, 84, 85, 86, 87, 88, 89, 90, 91, 92, 93, 94, 95, 96, 97, 98, 99, 100, 103, 104, 107, 108, 109, 110, 111, 112, 113, 114, 115, 116, 118, 119, 120, 121, 122, 123, 124, 125, 126, 129, 130, 131, 132, 133, 134, 135, 137, 138, 139, 140, 141, 142, 143, 146, 147, 148, 149, 150, 151, 153, 154, 155, 158, 159, 160, 161, 164, 165, 166, 169, 170, 171, 172, 173, 174, 175, 176, 177, 178, 179, 180, 181, 182, 183, 184, 186, 187, 188, 197, 198, 199, 200, 201, 204, 207, 208, 213, 214, 215, 221, 222], "summary": {"covered_lines": 161, "num_statements": 161, "percent_covered": 100.0, "percent_covered_display": "100", "missing_lines": 0, "excluded_lines": 0, "percent_statements_covered": 100.0, "percent_statements_covered_display": "100", "num_branches": 34, "num_partial_branches": 0, "covered_branches": 34, "missing_branches": 0, "percent_branches_covered": 100.0, "percent_branches_covered_display": "100"}, "missing_lines": [], "excluded_lines": [], "executed_branches": [[43, 44], [43, 45], [45, 46], [45, 47], [47, 48], [47, 49], [49, 50], [49, 51], [51, 52], [51, 53], [53, 54], [53, 55], [73, 74], [73, 75], [75, 78], [75, 79], [120, 121], [120, 122], [122, 123], [122, 124], [124, 125], [124, 126], [139, 140], [139, 141], [141, 142], [141, 143], [155, 158], [155, 159], [159, 160], [159, 161], [197, 198], [197, 199], [199, 200], [199, 201]], "missing_branches": [], "functions": {"TransferFeaturePolicy.feature_policy_is_coherent": {"executed_lines": [43, 44, 45, 46, 47, 48, 49, 50, 51, 52, 53, 54, 55], "summary": {"covered_lines": 13, "num_statements": 13, "percent_covered": 100.0, "percent_covered_display": "100", "missing_lines": 0, "excluded_lines": 0, "percent_statements_covered": 100.0, "percent_statements_covered_display": "100", "num_branches": 12, "num_partial_branches": 0, "covered_branches": 12, "missing_branches": 0, "percent_branches_covered": 100.0, "percent_branches_covered_display": "100"}, "missing_lines": [], "excluded_lines": [], "start_line": 42, "executed_branches": [[43, 44], [43, 45], [45, 46], [45, 47], [47, 48], [47, 49], [49, 50], [49, 51], [51, 52], [51, 53], [53, 54], [53, 55]], "missing_branches": []}, "CompetingLogitPolicy.feature_schema_is_canonical": {"executed_lines": [73, 74, 75, 78, 79], "summary": {"covered_lines": 5, "num_statements": 5, "percent_covered": 100.0, "percent_covered_display": "100", "missing_lines": 0, "excluded_lines": 0, "percent_statements_covered": 100.0, "percent_statements_covered_display": "100", "num_branches": 4, "num_partial_branches": 0, "covered_branches": 4, "missing_branches": 0, "percent_branches_covered": 100.0, "percent_branches_covered_display": "100"}, "missing_lines": [], "excluded_lines": [], "start_line": 72, "executed_branches": [[73, 74], [73, 75], [75, 78], [75, 79]], "missing_branches": []}, "PricePathPolicy.horizons_are_ordered": {"executed_lines": [120, 121, 122, 123, 124, 125, 126], "summary": {"covered_lines": 7, "num_statements": 7, "percent_covered": 100.0, "percent_covered_display": "100", "missing_lines": 0, "excluded_lines": 0, "percent_statements_covered": 100.0, "percent_statements_covered_display": "100", "num_branches": 6, "num_partial_branches": 0, "covered_branches": 6, "missing_branches": 0, "percent_branches_covered": 100.0, "percent_branches_covered_display": "100"}, "missing_lines": [], "excluded_lines": [], "start_line": 119, "executed_branches": [[120, 121], [120, 122], [122, 123], [122, 124], [124, 125], [124, 126]], "missing_branches": []}, "ActivationPolicy.activation_is_fail_closed": {"executed_lines": [139, 140, 141, 142, 143], "summary": {"covered_lines": 5, "num_statements": 5, "percent_covered": 100.0, "percent_covered_display": "100", "missing_lines": 0, "excluded_lines": 0, "percent_statements_covered": 100.0, "percent_statements_covered_display": "100", "num_branches": 4, "num_partial_branches": 0, "covered_branches": 4, "missing_branches": 0, "percent_branches_covered": 100.0, "percent_branches_covered_display": "100"}, "missing_lines": [], "excluded_lines": [], "start_line": 138, "executed_branches": [[139, 140], [139, 141], [141, 142], [141, 143]], "missing_branches": []}, "EarlyTransferPolicy.modes_are_canonical": {"executed_lines": [155, 158, 159, 160, 161], "summary": {"covered_lines": 5, "num_statements": 5, "percent_covered": 100.0, "percent_covered_display": "100", "missing_lines": 0, "excluded_lines": 0, "percent_statements_covered": 100.0, "percent_statements_covered_display": "100", "num_branches": 4, "num_partial_branches": 0, "covered_branches": 4, "missing_branches": 0, "percent_branches_covered": 100.0, "percent_branches_covered_display": "100"}, "missing_lines": [], "excluded_lines": [], "start_line": 154, "executed_branches": [[155, 158], [155, 159], [159, 160], [159, 161]], "missing_branches": []}, "PriceConfig.benchmark_contract": {"executed_lines": [188, 197, 198, 199, 200, 201], "summary": {"covered_lines": 6, "num_statements": 6, "percent_covered": 100.0, "percent_covered_display": "100", "missing_lines": 0, "excluded_lines": 0, "percent_statements_covered": 100.0, "percent_statements_covered_display": "100", "num_branches": 4, "num_partial_branches": 0, "covered_branches": 4, "missing_branches": 0, "percent_branches_covered": 100.0, "percent_branches_covered_display": "100"}, "missing_lines": [], "excluded_lines": [], "start_line": 187, "executed_branches": [[197, 198], [197, 199], [199, 200], [199, 201]], "missing_branches": []}, "load_price_config": {"executed_lines": [207, 208, 213, 214, 215], "summary": {"covered_lines": 5, "num_statements": 5, "percent_covered": 100.0, "percent_covered_display": "100", "missing_lines": 0, "excluded_lines": 0, "percent_statements_covered": 100.0, "percent_statements_covered_display": "100", "num_branches": 0, "num_partial_branches": 0, "covered_branches": 0, "missing_branches": 0, "percent_branches_covered": 100.0, "percent_branches_covered_display": "100"}, "missing_lines": [], "excluded_lines": [], "start_line": 204, "executed_branches": [], "missing_branches": []}, "price_config_sha256": {"executed_lines": [222], "summary": {"covered_lines": 1, "num_statements": 1, "percent_covered": 100.0, "percent_covered_display": "100", "missing_lines": 0, "excluded_lines": 0, "percent_statements_covered": 100.0, "percent_statements_covered_display": "100", "num_branches": 0, "num_partial_branches": 0, "covered_branches": 0, "missing_branches": 0, "percent_branches_covered": 100.0, "percent_branches_covered_display": "100"}, "missing_lines": [], "excluded_lines": [], "start_line": 221, "executed_branches": [], "missing_branches": []}, "": {"executed_lines": [3, 5, 6, 7, 8, 10, 12, 13, 14, 15, 23, 24, 27, 28, 29, 30, 31, 32, 33, 34, 35, 36, 37, 38, 39, 41, 42, 58, 59, 60, 61, 62, 63, 64, 65, 66, 67, 68, 69, 71, 72, 82, 83, 84, 85, 86, 87, 88, 89, 90, 91, 92, 93, 94, 95, 96, 97, 98, 99, 100, 103, 104, 107, 108, 109, 110, 111, 112, 113, 114, 115, 116, 118, 119, 129, 130, 131, 132, 133, 134, 135, 137, 138, 146, 147, 148, 149, 150, 151, 153, 154, 164, 165, 166, 169, 170, 171, 172, 173, 174, 175, 176, 177, 178, 179, 180, 181, 182, 183, 184, 186, 187, 204, 221], "summary": {"covered_lines": 114, "num_statements": 114, "percent_covered": 100.0, "percent_covered_display": "100", "missing_lines": 0, "excluded_lines": 0, "percent_statements_covered": 100.0, "percent_statements_covered_display": "100", "num_branches": 0, "num_partial_branches": 0, "covered_branches": 0, "missing_branches": 0, "percent_branches_covered": 100.0, "percent_branches_covered_display": "100"}, "missing_lines": [], "excluded_lines": [], "start_line": 1, "executed_branches": [], "missing_branches": []}}, "classes": {"TransferFeaturePolicy": {"executed_lines": [43, 44, 45, 46, 47, 48, 49, 50, 51, 52, 53, 54, 55], "summary": {"covered_lines": 13, "num_statements": 13, "percent_covered": 100.0, "percent_covered_display": "100", "missing_lines": 0, "excluded_lines": 0, "percent_statements_covered": 100.0, "percent_statements_covered_display": "100", "num_branches": 12, "num_partial_branches": 0, "covered_branches": 12, "missing_branches": 0, "percent_branches_covered": 100.0, "percent_branches_covered_display": "100"}, "missing_lines": [], "excluded_lines": [], "start_line": 27, "executed_branches": [[43, 44], [43, 45], [45, 46], [45, 47], [47, 48], [47, 49], [49, 50], [49, 51], [51, 52], [51, 53], [53, 54], [53, 55]], "missing_branches": []}, "CompetingLogitPolicy": {"executed_lines": [73, 74, 75, 78, 79], "summary": {"covered_lines": 5, "num_statements": 5, "percent_covered": 100.0, "percent_covered_display": "100", "missing_lines": 0, "excluded_lines": 0, "percent_statements_covered": 100.0, "percent_statements_covered_display": "100", "num_branches": 4, "num_partial_branches": 0, "covered_branches": 4, "missing_branches": 0, "percent_branches_covered": 100.0, "percent_branches_covered_display": "100"}, "missing_lines": [], "excluded_lines": [], "start_line": 58, "executed_branches": [[73, 74], [73, 75], [75, 78], [75, 79]], "missing_branches": []}, "RecurrentPressurePolicy": {"executed_lines": [], "summary": {"covered_lines": 0, "num_statements": 0, "percent_covered": 100.0, "percent_covered_display": "100", "missing_lines": 0, "excluded_lines": 0, "percent_statements_covered": 100.0, "percent_statements_covered_display": "100", "num_branches": 0, "num_partial_branches": 0, "covered_branches": 0, "missing_branches": 0, "percent_branches_covered": 100.0, "percent_branches_covered_display": "100"}, "missing_lines": [], "excluded_lines": [], "start_line": 82, "executed_branches": [], "missing_branches": []}, "UpdateCyclePolicy": {"executed_lines": [], "summary": {"covered_lines": 0, "num_statements": 0, "percent_covered": 100.0, "percent_covered_display": "100", "missing_lines": 0, "excluded_lines": 0, "percent_statements_covered": 100.0, "percent_statements_covered_display": "100", "num_branches": 0, "num_partial_branches": 0, "covered_branches": 0, "missing_branches": 0, "percent_branches_covered": 100.0, "percent_branches_covered_display": "100"}, "missing_lines": [], "excluded_lines": [], "start_line": 103, "executed_branches": [], "missing_branches": []}, "PricePathPolicy": {"executed_lines": [120, 121, 122, 123, 124, 125, 126], "summary": {"covered_lines": 7, "num_statements": 7, "percent_covered": 100.0, "percent_covered_display": "100", "missing_lines": 0, "excluded_lines": 0, "percent_statements_covered": 100.0, "percent_statements_covered_display": "100", "num_branches": 6, "num_partial_branches": 0, "covered_branches": 6, "missing_branches": 0, "percent_branches_covered": 100.0, "percent_branches_covered_display": "100"}, "missing_lines": [], "excluded_lines": [], "start_line": 107, "executed_branches": [[120, 121], [120, 122], [122, 123], [122, 124], [124, 125], [124, 126]], "missing_branches": []}, "ActivationPolicy": {"executed_lines": [139, 140, 141, 142, 143], "summary": {"covered_lines": 5, "num_statements": 5, "percent_covered": 100.0, "percent_covered_display": "100", "missing_lines": 0, "excluded_lines": 0, "percent_statements_covered": 100.0, "percent_statements_covered_display": "100", "num_branches": 4, "num_partial_branches": 0, "covered_branches": 4, "missing_branches": 0, "percent_branches_covered": 100.0, "percent_branches_covered_display": "100"}, "missing_lines": [], "excluded_lines": [], "start_line": 129, "executed_branches": [[139, 140], [139, 141], [141, 142], [141, 143]], "missing_branches": []}, "EarlyTransferPolicy": {"executed_lines": [155, 158, 159, 160, 161], "summary": {"covered_lines": 5, "num_statements": 5, "percent_covered": 100.0, "percent_covered_display": "100", "missing_lines": 0, "excluded_lines": 0, "percent_statements_covered": 100.0, "percent_statements_covered_display": "100", "num_branches": 4, "num_partial_branches": 0, "covered_branches": 4, "missing_branches": 0, "percent_branches_covered": 100.0, "percent_branches_covered_display": "100"}, "missing_lines": [], "excluded_lines": [], "start_line": 146, "executed_branches": [[155, 158], [155, 159], [159, 160], [159, 161]], "missing_branches": []}, "PriceEvaluationPolicy": {"executed_lines": [], "summary": {"covered_lines": 0, "num_statements": 0, "percent_covered": 100.0, "percent_covered_display": "100", "missing_lines": 0, "excluded_lines": 0, "percent_statements_covered": 100.0, "percent_statements_covered_display": "100", "num_branches": 0, "num_partial_branches": 0, "covered_branches": 0, "missing_branches": 0, "percent_branches_covered": 100.0, "percent_branches_covered_display": "100"}, "missing_lines": [], "excluded_lines": [], "start_line": 164, "executed_branches": [], "missing_branches": []}, "PriceConfig": {"executed_lines": [188, 197, 198, 199, 200, 201], "summary": {"covered_lines": 6, "num_statements": 6, "percent_covered": 100.0, "percent_covered_display": "100", "missing_lines": 0, "excluded_lines": 0, "percent_statements_covered": 100.0, "percent_statements_covered_display": "100", "num_branches": 4, "num_partial_branches": 0, "covered_branches": 4, "missing_branches": 0, "percent_branches_covered": 100.0, "percent_branches_covered_display": "100"}, "missing_lines": [], "excluded_lines": [], "start_line": 169, "executed_branches": [[197, 198], [197, 199], [199, 200], [199, 201]], "missing_branches": []}, "": {"executed_lines": [3, 5, 6, 7, 8, 10, 12, 13, 14, 15, 23, 24, 27, 28, 29, 30, 31, 32, 33, 34, 35, 36, 37, 38, 39, 41, 42, 58, 59, 60, 61, 62, 63, 64, 65, 66, 67, 68, 69, 71, 72, 82, 83, 84, 85, 86, 87, 88, 89, 90, 91, 92, 93, 94, 95, 96, 97, 98, 99, 100, 103, 104, 107, 108, 109, 110, 111, 112, 113, 114, 115, 116, 118, 119, 129, 130, 131, 132, 133, 134, 135, 137, 138, 146, 147, 148, 149, 150, 151, 153, 154, 164, 165, 166, 169, 170, 171, 172, 173, 174, 175, 176, 177, 178, 179, 180, 181, 182, 183, 184, 186, 187, 204, 207, 208, 213, 214, 215, 221, 222], "summary": {"covered_lines": 120, "num_statements": 120, "percent_covered": 100.0, "percent_covered_display": "100", "missing_lines": 0, "excluded_lines": 0, "percent_statements_covered": 100.0, "percent_statements_covered_display": "100", "num_branches": 0, "num_partial_branches": 0, "covered_branches": 0, "missing_branches": 0, "percent_branches_covered": 100.0, "percent_branches_covered_display": "100"}, "missing_lines": [], "excluded_lines": [], "start_line": 1, "executed_branches": [], "missing_branches": []}}}, "src\\dmf_pulse\\prices\\early_transfer.py": {"executed_lines": [3, 5, 6, 7, 8, 9, 17, 26, 27, 28, 29, 30, 31, 32, 33, 35, 36, 37, 38, 43, 44, 45, 51, 52, 53, 54, 55, 56, 61, 62, 63, 67, 74, 91], "summary": {"covered_lines": 34, "num_statements": 35, "percent_covered": 95.91836734693878, "percent_covered_display": "96", "missing_lines": 1, "excluded_lines": 0, "percent_statements_covered": 97.14285714285714, "percent_statements_covered_display": "97", "num_branches": 14, "num_partial_branches": 1, "covered_branches": 13, "missing_branches": 1, "percent_branches_covered": 92.85714285714286, "percent_branches_covered_display": "93"}, "missing_lines": [34], "excluded_lines": [], "executed_branches": [[27, 28], [27, 29], [29, 30], [29, 31], [31, 32], [31, 33], [33, 35], [36, 37], [36, 38], [43, 44], [43, 45], [53, 54], [53, 61]], "missing_branches": [[33, 34]], "functions": {"evaluate_act_now_vs_wait": {"executed_lines": [26, 27, 28, 29, 30, 31, 32, 33, 35, 36, 37, 38, 43, 44, 45, 51, 52, 53, 54, 55, 56, 61, 62, 63, 67, 74, 91], "summary": {"covered_lines": 27, "num_statements": 28, "percent_covered": 95.23809523809524, "percent_covered_display": "95", "missing_lines": 1, "excluded_lines": 0, "percent_statements_covered": 96.42857142857143, "percent_statements_covered_display": "96", "num_branches": 14, "num_partial_branches": 1, "covered_branches": 13, "missing_branches": 1, "percent_branches_covered": 92.85714285714286, "percent_branches_covered_display": "93"}, "missing_lines": [34], "excluded_lines": [], "start_line": 17, "executed_branches": [[27, 28], [27, 29], [29, 30], [29, 31], [31, 32], [31, 33], [33, 35], [36, 37], [36, 38], [43, 44], [43, 45], [53, 54], [53, 61]], "missing_branches": [[33, 34]]}, "": {"executed_lines": [3, 5, 6, 7, 8, 9, 17], "summary": {"covered_lines": 7, "num_statements": 7, "percent_covered": 100.0, "percent_covered_display": "100", "missing_lines": 0, "excluded_lines": 0, "percent_statements_covered": 100.0, "percent_statements_covered_display": "100", "num_branches": 0, "num_partial_branches": 0, "covered_branches": 0, "missing_branches": 0, "percent_branches_covered": 100.0, "percent_branches_covered_display": "100"}, "missing_lines": [], "excluded_lines": [], "start_line": 1, "executed_branches": [], "missing_branches": []}}, "classes": {"": {"executed_lines": [3, 5, 6, 7, 8, 9, 17, 26, 27, 28, 29, 30, 31, 32, 33, 35, 36, 37, 38, 43, 44, 45, 51, 52, 53, 54, 55, 56, 61, 62, 63, 67, 74, 91], "summary": {"covered_lines": 34, "num_statements": 35, "percent_covered": 95.91836734693878, "percent_covered_display": "96", "missing_lines": 1, "excluded_lines": 0, "percent_statements_covered": 97.14285714285714, "percent_statements_covered_display": "97", "num_branches": 14, "num_partial_branches": 1, "covered_branches": 13, "missing_branches": 1, "percent_branches_covered": 92.85714285714286, "percent_branches_covered_display": "93"}, "missing_lines": [34], "excluded_lines": [], "start_line": 1, "executed_branches": [[27, 28], [27, 29], [29, 30], [29, 31], [31, 32], [31, 33], [33, 35], [36, 37], [36, 38], [43, 44], [43, 45], [53, 54], [53, 61]], "missing_branches": [[33, 34]]}}}, "src\\dmf_pulse\\prices\\errors.py": {"executed_lines": [3, 6, 9, 10, 11, 12, 13, 15, 16, 25], "summary": {"covered_lines": 10, "num_statements": 10, "percent_covered": 100.0, "percent_covered_display": "100", "missing_lines": 0, "excluded_lines": 0, "percent_statements_covered": 100.0, "percent_statements_covered_display": "100", "num_branches": 0, "num_partial_branches": 0, "covered_branches": 0, "missing_branches": 0, "percent_branches_covered": 100.0, "percent_branches_covered_display": "100"}, "missing_lines": [], "excluded_lines": [], "executed_branches": [], "missing_branches": [], "functions": {"PriceError.__init__": {"executed_lines": [10, 11, 12, 13], "summary": {"covered_lines": 4, "num_statements": 4, "percent_covered": 100.0, "percent_covered_display": "100", "missing_lines": 0, "excluded_lines": 0, "percent_statements_covered": 100.0, "percent_statements_covered_display": "100", "num_branches": 0, "num_partial_branches": 0, "covered_branches": 0, "missing_branches": 0, "percent_branches_covered": 100.0, "percent_branches_covered_display": "100"}, "missing_lines": [], "excluded_lines": [], "start_line": 9, "executed_branches": [], "missing_branches": []}, "PriceError.as_error_object": {"executed_lines": [16], "summary": {"covered_lines": 1, "num_statements": 1, "percent_covered": 100.0, "percent_covered_display": "100", "missing_lines": 0, "excluded_lines": 0, "percent_statements_covered": 100.0, "percent_statements_covered_display": "100", "num_branches": 0, "num_partial_branches": 0, "covered_branches": 0, "missing_branches": 0, "percent_branches_covered": 100.0, "percent_branches_covered_display": "100"}, "missing_lines": [], "excluded_lines": [], "start_line": 15, "executed_branches": [], "missing_branches": []}, "": {"executed_lines": [3, 6, 9, 15, 25], "summary": {"covered_lines": 5, "num_statements": 5, "percent_covered": 100.0, "percent_covered_display": "100", "missing_lines": 0, "excluded_lines": 0, "percent_statements_covered": 100.0, "percent_statements_covered_display": "100", "num_branches": 0, "num_partial_branches": 0, "covered_branches": 0, "missing_branches": 0, "percent_branches_covered": 100.0, "percent_branches_covered_display": "100"}, "missing_lines": [], "excluded_lines": [], "start_line": 1, "executed_branches": [], "missing_branches": []}}, "classes": {"PriceError": {"executed_lines": [10, 11, 12, 13, 16], "summary": {"covered_lines": 5, "num_statements": 5, "percent_covered": 100.0, "percent_covered_display": "100", "missing_lines": 0, "excluded_lines": 0, "percent_statements_covered": 100.0, "percent_statements_covered_display": "100", "num_branches": 0, "num_partial_branches": 0, "covered_branches": 0, "missing_branches": 0, "percent_branches_covered": 100.0, "percent_branches_covered_display": "100"}, "missing_lines": [], "excluded_lines": [], "start_line": 6, "executed_branches": [], "missing_branches": []}, "PriceLeakageError": {"executed_lines": [], "summary": {"covered_lines": 0, "num_statements": 0, "percent_covered": 100.0, "percent_covered_display": "100", "missing_lines": 0, "excluded_lines": 0, "percent_statements_covered": 100.0, "percent_statements_covered_display": "100", "num_branches": 0, "num_partial_branches": 0, "covered_branches": 0, "missing_branches": 0, "percent_branches_covered": 100.0, "percent_branches_covered_display": "100"}, "missing_lines": [], "excluded_lines": [], "start_line": 25, "executed_branches": [], "missing_branches": []}, "": {"executed_lines": [3, 6, 9, 15, 25], "summary": {"covered_lines": 5, "num_statements": 5, "percent_covered": 100.0, "percent_covered_display": "100", "missing_lines": 0, "excluded_lines": 0, "percent_statements_covered": 100.0, "percent_statements_covered_display": "100", "num_branches": 0, "num_partial_branches": 0, "covered_branches": 0, "missing_branches": 0, "percent_branches_covered": 100.0, "percent_branches_covered_display": "100"}, "missing_lines": [], "excluded_lines": [], "start_line": 1, "executed_branches": [], "missing_branches": []}}}, "src\\dmf_pulse\\prices\\evaluation.py": {"executed_lines": [3, 5, 6, 8, 9, 10, 11, 12, 13, 21, 25, 34, 35, 36, 37, 38, 41, 45, 46, 47, 48, 52, 53, 54, 55, 56, 57, 58, 61, 70, 71, 73, 74, 75, 76, 77, 78, 79, 80, 81, 89, 90, 91, 97, 104, 107, 108, 109, 110, 111, 112, 118, 126, 127, 131, 135, 139, 149, 150, 151], "summary": {"covered_lines": 60, "num_statements": 61, "percent_covered": 97.33333333333333, "percent_covered_display": "97", "missing_lines": 1, "excluded_lines": 0, "percent_statements_covered": 98.36065573770492, "percent_statements_covered_display": "98", "num_branches": 14, "num_partial_branches": 1, "covered_branches": 13, "missing_branches": 1, "percent_branches_covered": 92.85714285714286, "percent_branches_covered_display": "93"}, "missing_lines": [72], "excluded_lines": [], "executed_branches": [[46, 47], [46, 48], [54, 55], [54, 58], [55, 54], [55, 56], [71, 73], [74, 75], [74, 76], [77, 78], [77, 79], [79, 80], [79, 81]], "missing_branches": [[71, 72]], "functions": {"_precision_recall": {"executed_lines": [25, 34, 35, 36, 37, 38], "summary": {"covered_lines": 6, "num_statements": 6, "percent_covered": 100.0, "percent_covered_display": "100", "missing_lines": 0, "excluded_lines": 0, "percent_statements_covered": 100.0, "percent_statements_covered_display": "100", "num_branches": 0, "num_partial_branches": 0, "covered_branches": 0, "missing_branches": 0, "percent_branches_covered": 100.0, "percent_branches_covered_display": "100"}, "missing_lines": [], "excluded_lines": [], "start_line": 21, "executed_branches": [], "missing_branches": []}, "_average_precision": {"executed_lines": [45, 46, 47, 48, 52, 53, 54, 55, 56, 57, 58], "summary": {"covered_lines": 11, "num_statements": 11, "percent_covered": 100.0, "percent_covered_display": "100", "missing_lines": 0, "excluded_lines": 0, "percent_statements_covered": 100.0, "percent_statements_covered_display": "100", "num_branches": 6, "num_partial_branches": 0, "covered_branches": 6, "missing_branches": 0, "percent_branches_covered": 100.0, "percent_branches_covered_display": "100"}, "missing_lines": [], "excluded_lines": [], "start_line": 41, "executed_branches": [[46, 47], [46, 48], [54, 55], [54, 58], [55, 54], [55, 56]], "missing_branches": []}, "evaluate_price_forecasts": {"executed_lines": [70, 71, 73, 74, 75, 76, 77, 78, 79, 80, 81, 89, 90, 91, 97, 104, 107, 108, 109, 110, 111, 112, 118, 126, 127, 131, 135, 139, 149, 150, 151], "summary": {"covered_lines": 31, "num_statements": 32, "percent_covered": 95.0, "percent_covered_display": "95", "missing_lines": 1, "excluded_lines": 0, "percent_statements_covered": 96.875, "percent_statements_covered_display": "97", "num_branches": 8, "num_partial_branches": 1, "covered_branches": 7, "missing_branches": 1, "percent_branches_covered": 87.5, "percent_branches_covered_display": "88"}, "missing_lines": [72], "excluded_lines": [], "start_line": 61, "executed_branches": [[71, 73], [74, 75], [74, 76], [77, 78], [77, 79], [79, 80], [79, 81]], "missing_branches": [[71, 72]]}, "": {"executed_lines": [3, 5, 6, 8, 9, 10, 11, 12, 13, 21, 41, 61], "summary": {"covered_lines": 12, "num_statements": 12, "percent_covered": 100.0, "percent_covered_display": "100", "missing_lines": 0, "excluded_lines": 0, "percent_statements_covered": 100.0, "percent_statements_covered_display": "100", "num_branches": 0, "num_partial_branches": 0, "covered_branches": 0, "missing_branches": 0, "percent_branches_covered": 100.0, "percent_branches_covered_display": "100"}, "missing_lines": [], "excluded_lines": [], "start_line": 1, "executed_branches": [], "missing_branches": []}}, "classes": {"": {"executed_lines": [3, 5, 6, 8, 9, 10, 11, 12, 13, 21, 25, 34, 35, 36, 37, 38, 41, 45, 46, 47, 48, 52, 53, 54, 55, 56, 57, 58, 61, 70, 71, 73, 74, 75, 76, 77, 78, 79, 80, 81, 89, 90, 91, 97, 104, 107, 108, 109, 110, 111, 112, 118, 126, 127, 131, 135, 139, 149, 150, 151], "summary": {"covered_lines": 60, "num_statements": 61, "percent_covered": 97.33333333333333, "percent_covered_display": "97", "missing_lines": 1, "excluded_lines": 0, "percent_statements_covered": 98.36065573770492, "percent_statements_covered_display": "98", "num_branches": 14, "num_partial_branches": 1, "covered_branches": 13, "missing_branches": 1, "percent_branches_covered": 92.85714285714286, "percent_branches_covered_display": "93"}, "missing_lines": [72], "excluded_lines": [], "start_line": 1, "executed_branches": [[46, 47], [46, 48], [54, 55], [54, 58], [55, 54], [55, 56], [71, 73], [74, 75], [74, 76], [77, 78], [77, 79], [79, 80], [79, 81]], "missing_branches": [[71, 72]]}}}, "src\\dmf_pulse\\prices\\latent_pressure.py": {"executed_lines": [3, 5, 6, 7, 9, 10, 19, 26, 43, 53, 55, 57, 59, 60, 61, 62, 63, 64, 65, 71, 77, 80, 83, 90, 91, 92, 117, 127, 128, 129, 130, 131, 132, 133, 134, 135, 136, 137, 138, 139, 140, 141], "summary": {"covered_lines": 42, "num_statements": 49, "percent_covered": 82.6086956521739, "percent_covered_display": "83", "missing_lines": 7, "excluded_lines": 0, "percent_statements_covered": 85.71428571428571, "percent_statements_covered_display": "86", "num_branches": 20, "num_partial_branches": 5, "covered_branches": 15, "missing_branches": 5, "percent_branches_covered": 75.0, "percent_branches_covered_display": "75"}, "missing_lines": [54, 56, 58, 78, 79, 81, 82], "excluded_lines": [], "executed_branches": [[53, 55], [55, 57], [57, 59], [77, 80], [80, 83], [90, 91], [90, 92], [127, 128], [127, 129], [130, 131], [130, 132], [135, 136], [135, 138], [138, 139], [138, 141]], "missing_branches": [[53, 54], [55, 56], [57, 58], [77, 78], [80, 81]], "functions": {"initial_latent_pressure": {"executed_lines": [26], "summary": {"covered_lines": 1, "num_statements": 1, "percent_covered": 100.0, "percent_covered_display": "100", "missing_lines": 0, "excluded_lines": 0, "percent_statements_covered": 100.0, "percent_statements_covered_display": "100", "num_branches": 0, "num_partial_branches": 0, "covered_branches": 0, "missing_branches": 0, "percent_branches_covered": 100.0, "percent_branches_covered_display": "100"}, "missing_lines": [], "excluded_lines": [], "start_line": 19, "executed_branches": [], "missing_branches": []}, "update_latent_pressure": {"executed_lines": [53, 55, 57, 59, 60, 61, 62, 63, 64, 65, 71, 77, 80, 83, 90, 91, 92], "summary": {"covered_lines": 17, "num_statements": 24, "percent_covered": 66.66666666666667, "percent_covered_display": "67", "missing_lines": 7, "excluded_lines": 0, "percent_statements_covered": 70.83333333333333, "percent_statements_covered_display": "71", "num_branches": 12, "num_partial_branches": 5, "covered_branches": 7, "missing_branches": 5, "percent_branches_covered": 58.333333333333336, "percent_branches_covered_display": "58"}, "missing_lines": [54, 56, 58, 78, 79, 81, 82], "excluded_lines": [], "start_line": 43, "executed_branches": [[53, 55], [55, 57], [57, 59], [77, 80], [80, 83], [90, 91], [90, 92]], "missing_branches": [[53, 54], [55, 56], [57, 58], [77, 78], [80, 81]]}, "transition_after_price_event": {"executed_lines": [127, 128, 129, 130, 131, 132, 133, 134, 135, 136, 137, 138, 139, 140, 141], "summary": {"covered_lines": 15, "num_statements": 15, "percent_covered": 100.0, "percent_covered_display": "100", "missing_lines": 0, "excluded_lines": 0, "percent_statements_covered": 100.0, "percent_statements_covered_display": "100", "num_branches": 8, "num_partial_branches": 0, "covered_branches": 8, "missing_branches": 0, "percent_branches_covered": 100.0, "percent_branches_covered_display": "100"}, "missing_lines": [], "excluded_lines": [], "start_line": 117, "executed_branches": [[127, 128], [127, 129], [130, 131], [130, 132], [135, 136], [135, 138], [138, 139], [138, 141]], "missing_branches": []}, "": {"executed_lines": [3, 5, 6, 7, 9, 10, 19, 43, 117], "summary": {"covered_lines": 9, "num_statements": 9, "percent_covered": 100.0, "percent_covered_display": "100", "missing_lines": 0, "excluded_lines": 0, "percent_statements_covered": 100.0, "percent_statements_covered_display": "100", "num_branches": 0, "num_partial_branches": 0, "covered_branches": 0, "missing_branches": 0, "percent_branches_covered": 100.0, "percent_branches_covered_display": "100"}, "missing_lines": [], "excluded_lines": [], "start_line": 1, "executed_branches": [], "missing_branches": []}}, "classes": {"": {"executed_lines": [3, 5, 6, 7, 9, 10, 19, 26, 43, 53, 55, 57, 59, 60, 61, 62, 63, 64, 65, 71, 77, 80, 83, 90, 91, 92, 117, 127, 128, 129, 130, 131, 132, 133, 134, 135, 136, 137, 138, 139, 140, 141], "summary": {"covered_lines": 42, "num_statements": 49, "percent_covered": 82.6086956521739, "percent_covered_display": "83", "missing_lines": 7, "excluded_lines": 0, "percent_statements_covered": 85.71428571428571, "percent_statements_covered_display": "86", "num_branches": 20, "num_partial_branches": 5, "covered_branches": 15, "missing_branches": 5, "percent_branches_covered": 75.0, "percent_branches_covered_display": "75"}, "missing_lines": [54, 56, 58, 78, 79, 81, 82], "excluded_lines": [], "start_line": 1, "executed_branches": [[53, 55], [55, 57], [57, 59], [77, 80], [80, 83], [90, 91], [90, 92], [127, 128], [127, 129], [130, 131], [130, 132], [135, 136], [135, 138], [138, 139], [138, 141]], "missing_branches": [[53, 54], [55, 56], [57, 58], [77, 78], [80, 81]]}}}, "src\\dmf_pulse\\prices\\models.py": {"executed_lines": [3, 5, 6, 7, 8, 10, 20, 22, 23, 24, 25, 26, 29, 32, 33, 34, 36, 39, 40, 41, 42, 43, 44, 45, 46, 47, 50, 53, 55, 56, 57, 58, 59, 62, 63, 64, 65, 66, 67, 70, 73, 74, 75, 76, 77, 78, 79, 80, 83, 84, 85, 86, 89, 90, 91, 92, 93, 96, 97, 98, 99, 100, 101, 102, 103, 104, 107, 108, 109, 110, 111, 114, 115, 116, 117, 118, 121, 122, 123, 124, 125, 126, 129, 130, 131, 132, 133, 134, 135, 136, 139, 140, 141, 142, 143, 146, 147, 148, 149, 152, 153, 154, 155, 158, 159, 160, 161, 162, 165, 166, 167, 168, 169, 170, 173, 174, 175, 176, 177, 178, 179, 180, 181, 182, 183, 184, 185, 186, 187, 188, 189, 190, 191, 192, 193, 194, 195, 196, 197, 199, 200, 201, 202, 203, 204, 205, 207, 209, 211, 213, 218, 221, 222, 225, 226, 227, 228, 229, 230, 231, 232, 233, 234, 235, 236, 237, 238, 239, 240, 241, 242, 243, 245, 246, 247, 248, 249, 250, 252, 253, 257, 258, 261, 267, 269, 272, 273, 274, 275, 276, 277, 279, 280, 281, 282, 283, 284, 286, 288, 289, 290, 292, 295, 296, 297, 298, 299, 300, 301, 302, 303, 304, 305, 306, 307, 308, 309, 310, 311, 312, 313, 314, 315, 317, 318, 319, 320, 321, 322, 324, 330, 331, 332, 333, 335, 336, 338, 340, 342, 347, 348, 349, 354, 356, 361, 362, 364, 366, 367, 368, 369, 370, 371, 373, 374, 376, 378, 381, 382, 383, 384, 387, 388, 389, 390, 391, 392, 393, 394, 395, 396, 397, 398, 399, 400, 401, 402, 404, 405, 406, 408, 411, 412, 413, 414, 415, 416, 417, 418, 419, 420, 421, 422, 423, 424, 425, 426, 427, 428, 429, 430, 431, 432, 433, 434, 435, 436, 437, 438, 439, 440, 441, 442, 443, 444, 445, 446, 447, 448, 449, 450, 451, 452, 453, 454, 455, 456, 457, 458, 459, 460, 462, 463, 464, 465, 469, 471, 473, 475, 478, 479, 480, 483, 484, 485, 486, 487, 488, 490, 491, 492, 493, 494, 496, 498, 499, 502, 503, 504, 505, 506, 507, 509, 510, 511, 512, 514, 517, 518, 519, 520, 522, 523, 524, 525, 527, 530, 531, 532, 533, 536, 537, 538, 539, 540, 541, 542, 543, 544, 545, 546, 547, 548, 549, 551, 552, 553, 554, 556, 558, 563, 564, 569, 571, 574, 575, 576, 577, 578, 579, 580, 581, 582, 583, 584, 586, 587, 588, 589, 590, 592, 594, 597, 598, 599, 600, 602, 603, 604, 605, 606, 608, 609, 610, 611, 612, 613, 614, 618, 619, 620, 621, 622, 623, 624, 625, 626, 627, 628, 629, 630, 631, 632, 634, 635, 636, 637, 640, 641, 642, 643, 644, 645, 646, 647, 648, 649, 650, 651, 652, 654, 655, 656, 658, 660, 663, 664, 665, 668, 669, 671, 672, 673, 674, 676, 678, 680, 681, 682, 688, 689, 690, 691, 693, 694, 695, 697, 700, 701, 702, 703, 704, 705, 706, 708, 709, 710, 712, 715, 716, 717, 718, 719, 720, 721, 722, 723, 724, 725, 726, 727, 728, 729, 730, 732, 733, 734, 735, 736, 737, 738, 739, 740, 741, 742, 744, 750, 752, 753, 754, 755, 757, 758, 759, 760, 761, 762, 763, 768, 769, 770, 771, 773, 779, 780, 781, 783, 784, 787, 788, 789, 790, 791, 792, 793, 794, 795, 796, 797, 798, 799, 803, 806, 808, 812, 813, 817, 818, 821, 822, 823, 824, 825, 826, 827, 828, 829, 830, 831, 832, 833, 835, 836, 837, 838, 843, 844, 845, 846, 849, 850, 851, 852, 853, 856, 859, 860, 861, 862, 863, 864, 865, 866, 867, 868, 869, 870, 871, 872, 873, 874, 875, 876, 877, 878, 879, 880, 881, 882, 883, 884, 885, 886, 888, 889, 890, 897, 902, 908, 912, 915, 916, 917, 918, 919, 920, 921, 924, 925, 926, 927, 928, 929, 931, 932, 933, 935, 939, 940, 942, 945, 946, 947, 948, 949, 950, 951, 952, 953, 954, 955, 956, 957, 959, 960, 961, 977, 978, 984, 985, 988, 989, 990, 991, 992, 993, 994, 995, 996, 997, 998, 999, 1000, 1001, 1002, 1003, 1005, 1006, 1007, 1008, 1013, 1015, 1016, 1018, 1024, 1025, 1027, 1029, 1030, 1032, 1037, 1042, 1046, 1048, 1051, 1052, 1053, 1054, 1055, 1056, 1057, 1058, 1059, 1060, 1061, 1062, 1064, 1065, 1066, 1067, 1068, 1070, 1075, 1079, 1082, 1083, 1084, 1085, 1086, 1087, 1088, 1089, 1090, 1091, 1092, 1093, 1094, 1095, 1096, 1097, 1098, 1099, 1100, 1101, 1102, 1103, 1104, 1105, 1106, 1107, 1108, 1109, 1110, 1113, 1114, 1115, 1116, 1119, 1120, 1121, 1122, 1123, 1124, 1125, 1126, 1127, 1128, 1129, 1130, 1131, 1133, 1134, 1135, 1141, 1143], "summary": {"covered_lines": 785, "num_statements": 857, "percent_covered": 86.53667595171774, "percent_covered_display": "87", "missing_lines": 72, "excluded_lines": 0, "percent_statements_covered": 91.59859976662777, "percent_statements_covered_display": "92", "num_branches": 220, "num_partial_branches": 73, "covered_branches": 147, "missing_branches": 73, "percent_branches_covered": 66.81818181818181, "percent_branches_covered_display": "67"}, "missing_lines": [35, 206, 208, 210, 212, 217, 251, 266, 268, 285, 287, 291, 323, 334, 337, 339, 341, 346, 355, 363, 365, 372, 375, 377, 407, 468, 470, 472, 474, 495, 513, 526, 555, 557, 562, 568, 570, 591, 593, 615, 657, 659, 675, 677, 696, 711, 743, 749, 751, 756, 772, 782, 807, 896, 907, 911, 934, 938, 941, 1014, 1017, 1026, 1028, 1031, 1036, 1041, 1045, 1047, 1069, 1078, 1140, 1142], "excluded_lines": [], "executed_branches": [[32, 33], [32, 34], [34, 36], [40, 41], [40, 42], [42, 43], [42, 45], [43, -39], [43, 44], [45, -39], [45, 46], [46, -39], [46, 47], [205, 207], [207, 209], [209, 211], [211, 213], [213, 218], [250, 252], [252, 253], [252, 261], [257, 258], [261, 267], [267, 269], [284, 286], [286, 288], [288, 289], [288, 292], [290, 292], [322, 324], [324, 330], [324, 333], [331, 324], [331, 332], [333, 335], [335, 336], [335, 338], [336, 340], [338, 340], [340, 342], [342, 347], [347, 348], [347, 356], [354, 356], [362, 364], [364, 366], [366, 367], [366, 373], [371, 373], [373, 374], [373, 378], [374, 376], [376, 378], [406, 408], [465, 469], [469, 471], [471, 473], [473, 475], [494, 496], [512, 514], [525, 527], [554, 556], [556, 558], [558, 563], [564, 569], [569, 571], [590, 592], [592, 594], [604, 605], [604, 606], [609, 610], [609, 611], [611, 612], [611, 613], [613, 614], [656, 658], [658, 660], [674, 676], [676, 678], [695, 697], [710, 712], [735, 736], [735, 737], [737, 738], [737, 739], [739, 740], [739, 741], [742, 744], [744, 750], [750, 752], [752, 753], [752, 754], [755, 757], [768, 769], [768, 795], [769, 770], [769, 771], [771, 773], [773, 779], [773, 783], [779, 780], [779, 781], [781, 773], [787, 788], [787, 789], [789, 790], [789, 791], [791, 792], [791, 793], [793, 768], [793, 794], [806, 808], [808, 812], [808, 813], [813, 817], [813, 818], [838, 843], [838, 846], [844, 838], [844, 845], [846, 849], [846, 850], [850, 851], [850, 852], [852, 853], [852, 856], [890, 897], [902, 908], [908, 912], [933, 935], [935, 939], [940, 942], [1013, 1015], [1016, 1018], [1025, 1027], [1027, 1029], [1029, 1030], [1029, 1037], [1030, 1032], [1032, 1042], [1037, 1042], [1042, 1046], [1046, 1048], [1068, 1070], [1075, 1079], [1135, 1141], [1141, 1143]], "missing_branches": [[34, 35], [205, 206], [207, 208], [209, 210], [211, 212], [213, 217], [250, 251], [257, 261], [261, 266], [267, 268], [284, 285], [286, 287], [290, 291], [322, 323], [333, 334], [336, 337], [338, 339], [340, 341], [342, 346], [354, 355], [362, 363], [364, 365], [371, 372], [374, 375], [376, 377], [406, 407], [465, 468], [469, 470], [471, 472], [473, 474], [494, 495], [512, 513], [525, 526], [554, 555], [556, 557], [558, 562], [564, 568], [569, 570], [590, 591], [592, 593], [613, 615], [656, 657], [658, 659], [674, 675], [676, 677], [695, 696], [710, 711], [742, 743], [744, 749], [750, 751], [755, 756], [771, 772], [781, 782], [806, 807], [890, 896], [902, 907], [908, 911], [933, 934], [935, 938], [940, 941], [1013, 1014], [1016, 1017], [1025, 1026], [1027, 1028], [1030, 1031], [1032, 1036], [1037, 1041], [1042, 1045], [1046, 1047], [1068, 1069], [1075, 1078], [1135, 1140], [1141, 1142]], "functions": {"require_utc": {"executed_lines": [32, 33, 34, 36], "summary": {"covered_lines": 4, "num_statements": 5, "percent_covered": 77.77777777777777, "percent_covered_display": "78", "missing_lines": 1, "excluded_lines": 0, "percent_statements_covered": 80.0, "percent_statements_covered_display": "80", "num_branches": 4, "num_partial_branches": 1, "covered_branches": 3, "missing_branches": 1, "percent_branches_covered": 75.0, "percent_branches_covered_display": "75"}, "missing_lines": [35], "excluded_lines": [], "start_line": 29, "executed_branches": [[32, 33], [32, 34], [34, 36]], "missing_branches": [[34, 35]]}, "_reject_binary_floats": {"executed_lines": [40, 41, 42, 43, 44, 45, 46, 47], "summary": {"covered_lines": 8, "num_statements": 8, "percent_covered": 100.0, "percent_covered_display": "100", "missing_lines": 0, "excluded_lines": 0, "percent_statements_covered": 100.0, "percent_statements_covered_display": "100", "num_branches": 10, "num_partial_branches": 0, "covered_branches": 10, "missing_branches": 0, "percent_branches_covered": 100.0, "percent_branches_covered_display": "100"}, "missing_lines": [], "excluded_lines": [], "start_line": 39, "executed_branches": [[40, 41], [40, 42], [42, 43], [42, 45], [43, -39], [43, 44], [45, -39], [45, 46], [46, -39], [46, 47]], "missing_branches": []}, "PriceModel.binary_floats_are_forbidden": {"executed_lines": [58, 59], "summary": {"covered_lines": 2, "num_statements": 2, "percent_covered": 100.0, "percent_covered_display": "100", "missing_lines": 0, "excluded_lines": 0, "percent_statements_covered": 100.0, "percent_statements_covered_display": "100", "num_branches": 0, "num_partial_branches": 0, "covered_branches": 0, "missing_branches": 0, "percent_branches_covered": 100.0, "percent_branches_covered_display": "100"}, "missing_lines": [], "excluded_lines": [], "start_line": 57, "executed_branches": [], "missing_branches": []}, "PriceObservation.temporal_and_mode_contract": {"executed_lines": [201, 202, 203, 204, 205, 207, 209, 211, 213, 218], "summary": {"covered_lines": 10, "num_statements": 15, "percent_covered": 60.0, "percent_covered_display": "60", "missing_lines": 5, "excluded_lines": 0, "percent_statements_covered": 66.66666666666667, "percent_statements_covered_display": "67", "num_branches": 10, "num_partial_branches": 5, "covered_branches": 5, "missing_branches": 5, "percent_branches_covered": 50.0, "percent_branches_covered_display": "50"}, "missing_lines": [206, 208, 210, 212, 217], "excluded_lines": [], "start_line": 200, "executed_branches": [[205, 207], [207, 209], [209, 211], [211, 213], [213, 218]], "missing_branches": [[205, 206], [207, 208], [209, 210], [211, 212], [213, 217]]}, "ExternalPredictorObservation.temporal_contract": {"executed_lines": [247, 248, 249, 250, 252, 253, 257, 258, 261, 267, 269], "summary": {"covered_lines": 11, "num_statements": 14, "percent_covered": 70.83333333333333, "percent_covered_display": "71", "missing_lines": 3, "excluded_lines": 0, "percent_statements_covered": 78.57142857142857, "percent_statements_covered_display": "79", "num_branches": 10, "num_partial_branches": 4, "covered_branches": 6, "missing_branches": 4, "percent_branches_covered": 60.0, "percent_branches_covered_display": "60"}, "missing_lines": [251, 266, 268], "excluded_lines": [], "start_line": 246, "executed_branches": [[250, 252], [252, 253], [252, 261], [257, 258], [261, 267], [267, 269]], "missing_branches": [[250, 251], [257, 261], [261, 266], [267, 268]]}, "PriceUpdateWindow.valid_window": {"executed_lines": [281, 282, 283, 284, 286, 288, 289, 290, 292], "summary": {"covered_lines": 9, "num_statements": 12, "percent_covered": 70.0, "percent_covered_display": "70", "missing_lines": 3, "excluded_lines": 0, "percent_statements_covered": 75.0, "percent_statements_covered_display": "75", "num_branches": 8, "num_partial_branches": 3, "covered_branches": 5, "missing_branches": 3, "percent_branches_covered": 62.5, "percent_branches_covered_display": "62"}, "missing_lines": [285, 287, 291], "excluded_lines": [], "start_line": 280, "executed_branches": [[284, 286], [286, 288], [288, 289], [288, 292], [290, 292]], "missing_branches": [[284, 285], [286, 287], [290, 291]]}, "PriceUpdateCycle.cycle_contract": {"executed_lines": [319, 320, 321, 322, 324, 330, 331, 332, 333, 335, 336, 338, 340, 342, 347, 348, 349, 354, 356, 361, 362, 364, 366, 367, 368, 369, 3
[...]
lay": "100", "num_branches": 0, "num_partial_branches": 0, "covered_branches": 0, "missing_branches": 0, "percent_branches_covered": 100.0, "percent_branches_covered_display": "100"}, "missing_lines": [], "excluded_lines": [], "start_line": 1, "executed_branches": [], "missing_branches": []}}, "classes": {"PriceService": {"executed_lines": [264, 267, 270, 271, 282, 285, 301, 304, 309, 310, 311, 320, 321, 345, 354, 361, 362, 363, 384, 387, 395, 396, 408], "summary": {"covered_lines": 23, "num_statements": 23, "percent_covered": 100.0, "percent_covered_display": "100", "missing_lines": 0, "excluded_lines": 0, "percent_statements_covered": 100.0, "percent_statements_covered_display": "100", "num_branches": 2, "num_partial_branches": 0, "covered_branches": 2, "missing_branches": 0, "percent_branches_covered": 100.0, "percent_branches_covered_display": "100"}, "missing_lines": [], "excluded_lines": [], "start_line": 260, "executed_branches": [[309, 310], [309, 311]], "missing_branches": []}, "": {"executed_lines": [3, 5, 6, 7, 8, 10, 12, 13, 14, 15, 16, 17, 18, 19, 20, 21, 22, 23, 24, 51, 52, 53, 57, 58, 60, 61, 62, 63, 66, 67, 70, 71, 74, 75, 78, 79, 80, 82, 85, 89, 91, 92, 93, 94, 95, 101, 102, 107, 114, 121, 138, 140, 142, 143, 144, 145, 149, 150, 151, 156, 157, 158, 159, 160, 161, 171, 172, 175, 176, 181, 186, 187, 191, 198, 199, 217, 229, 257, 260, 263, 266, 281, 295, 319, 344, 353, 360, 383, 394, 407], "summary": {"covered_lines": 90, "num_statements": 98, "percent_covered": 87.09677419354838, "percent_covered_display": "87", "missing_lines": 8, "excluded_lines": 0, "percent_statements_covered": 91.83673469387755, "percent_statements_covered_display": "92", "num_branches": 26, "num_partial_branches": 6, "covered_branches": 18, "missing_branches": 8, "percent_branches_covered": 69.23076923076923, "percent_branches_covered_display": "69"}, "missing_lines": [81, 90, 139, 141, 165, 170, 173, 174], "excluded_lines": [], "start_line": 1, "executed_branches": [[80, 82], [89, 91], [92, 93], [92, 94], [138, 140], [140, 142], [144, 145], [144, 149], [149, 150], [149, 151], [151, 156], [151, 157], [157, 158], [157, 159], [159, 160], [159, 171], [160, 161], [172, 175]], "missing_branches": [[80, 81], [89, 90], [138, 139], [140, 141], [160, 165], [165, 170], [165, 171], [172, 173]]}}}, "src\\dmf_pulse\\prices\\status.py": {"executed_lines": [3, 5, 6, 8, 9, 12, 19, 22, 23, 24, 26, 27, 28], "summary": {"covered_lines": 13, "num_statements": 15, "percent_covered": 78.94736842105263, "percent_covered_display": "79", "missing_lines": 2, "excluded_lines": 0, "percent_statements_covered": 86.66666666666667, "percent_statements_covered_display": "87", "num_branches": 4, "num_partial_branches": 2, "covered_branches": 2, "missing_branches": 2, "percent_branches_covered": 50.0, "percent_branches_covered_display": "50"}, "missing_lines": [20, 25], "excluded_lines": [], "executed_branches": [[19, 22], [24, 26]], "missing_branches": [[19, 20], [24, 25]], "functions": {"status_features": {"executed_lines": [19, 22, 23, 24, 26, 27, 28], "summary": {"covered_lines": 7, "num_statements": 9, "percent_covered": 69.23076923076923, "percent_covered_display": "69", "missing_lines": 2, "excluded_lines": 0, "percent_statements_covered": 77.77777777777777, "percent_statements_covered_display": "78", "num_branches": 4, "num_partial_branches": 2, "covered_branches": 2, "missing_branches": 2, "percent_branches_covered": 50.0, "percent_branches_covered_display": "50"}, "missing_lines": [20, 25], "excluded_lines": [], "start_line": 12, "executed_branches": [[19, 22], [24, 26]], "missing_branches": [[19, 20], [24, 25]]}, "": {"executed_lines": [3, 5, 6, 8, 9, 12], "summary": {"covered_lines": 6, "num_statements": 6, "percent_covered": 100.0, "percent_covered_display": "100", "missing_lines": 0, "excluded_lines": 0, "percent_statements_covered": 100.0, "percent_statements_covered_display": "100", "num_branches": 0, "num_partial_branches": 0, "covered_branches": 0, "missing_branches": 0, "percent_branches_covered": 100.0, "percent_branches_covered_display": "100"}, "missing_lines": [], "excluded_lines": [], "start_line": 1, "executed_branches": [], "missing_branches": []}}, "classes": {"": {"executed_lines": [3, 5, 6, 8, 9, 12, 19, 22, 23, 24, 26, 27, 28], "summary": {"covered_lines": 13, "num_statements": 15, "percent_covered": 78.94736842105263, "percent_covered_display": "79", "missing_lines": 2, "excluded_lines": 0, "percent_statements_covered": 86.66666666666667, "percent_statements_covered_display": "87", "num_branches": 4, "num_partial_branches": 2, "covered_branches": 2, "missing_branches": 2, "percent_branches_covered": 50.0, "percent_branches_covered_display": "50"}, "missing_lines": [20, 25], "excluded_lines": [], "start_line": 1, "executed_branches": [[19, 22], [24, 26]], "missing_branches": [[19, 20], [24, 25]]}}}, "src\\dmf_pulse\\prices\\transfer_flows.py": {"executed_lines": [3, 5, 6, 7, 8, 10, 11, 12, 13, 26, 27, 32, 35, 36, 37, 38, 39, 40, 41, 42, 45, 46, 47, 50, 56, 65, 71, 72, 73, 74, 75, 81, 82, 83, 89, 90, 91, 95, 96, 102, 106, 107, 108, 109, 110, 112, 113, 114, 115, 116, 117, 127, 130, 131, 132, 133, 134, 135, 136, 137, 138, 139, 140, 141, 142, 143, 146, 147, 148, 149, 150, 151, 153, 154, 157, 169, 176, 177, 178, 185, 191, 192, 193, 194, 200, 201, 202, 203, 204, 210, 214, 219, 224, 225, 226, 227, 228, 229, 232, 233, 234, 235, 236, 243, 248, 249, 255, 315, 323, 346, 347, 352], "summary": {"covered_lines": 112, "num_statements": 114, "percent_covered": 96.62162162162163, "percent_covered_display": "97", "missing_lines": 2, "excluded_lines": 0, "percent_statements_covered": 98.24561403508773, "percent_statements_covered_display": "98", "num_branches": 34, "num_partial_branches": 3, "covered_branches": 31, "missing_branches": 3, "percent_branches_covered": 91.17647058823529, "percent_branches_covered_display": "91"}, "missing_lines": [220, 348], "excluded_lines": [], "executed_branches": [[72, 73], [72, 127], [74, 75], [74, 82], [82, 83], [82, 89], [95, 96], [95, 102], [102, 106], [102, 115], [106, 107], [106, 108], [108, 109], [108, 112], [137, 138], [137, 143], [148, 149], [148, 154], [150, 151], [150, 153], [178, 185], [178, 191], [192, 193], [192, 201], [193, 194], [193, 200], [202, 203], [202, 214], [203, 204], [219, 224], [347, 352]], "missing_branches": [[203, 210], [219, 220], [347, 348]], "functions": {"_hours": {"executed_lines": [46, 47], "summary": {"covered_lines": 2, "num_statements": 2, "percent_covered": 100.0, "percent_covered_display": "100", "missing_lines": 0, "excluded_lines": 0, "percent_statements_covered": 100.0, "percent_statements_covered_display": "100", "num_branches": 0, "num_partial_branches": 0, "covered_branches": 0, "missing_branches": 0, "percent_branches_covered": 100.0, "percent_branches_covered_display": "100"}, "missing_lines": [], "excluded_lines": [], "start_line": 45, "executed_branches": [], "missing_branches": []}, "_append_anomaly": {"executed_lines": [56], "summary": {"covered_lines": 1, "num_statements": 1, "percent_covered": 100.0, "percent_covered_display": "100", "missing_lines": 0, "excluded_lines": 0, "percent_statements_covered": 100.0, "percent_statements_covered_display": "100", "num_branches": 0, "num_partial_branches": 0, "covered_branches": 0, "missing_branches": 0, "percent_branches_covered": 100.0, "percent_branches_covered_display": "100"}, "missing_lines": [], "excluded_lines": [], "start_line": 50, "executed_branches": [], "missing_branches": []}, "_intervals": {"executed_lines": [71, 72, 73, 74, 75, 81, 82, 83, 89, 90, 91, 95, 96, 102, 106, 107, 108, 109, 110, 112, 113, 114, 115, 116, 117, 127], "summary": {"covered_lines": 26, "num_statements": 26, "percent_covered": 100.0, "percent_covered_display": "100", "missing_lines": 0, "excluded_lines": 0, "percent_statements_covered": 100.0, "percent_statements_covered_display": "100", "num_branches": 14, "num_partial_branches": 0, "covered_branches": 14, "missing_branches": 0, "percent_branches_covered": 100.0, "percent_branches_covered_display": "100"}, "missing_lines": [], "excluded_lines": [], "start_line": 65, "executed_branches": [[72, 73], [72, 127], [74, 75], [74, 82], [82, 83], [82, 89], [95, 96], [95, 102], [102, 106], [102, 115], [106, 107], [106, 108], [108, 109], [108, 112]], "missing_branches": []}, "_ewma": {"executed_lines": [131, 132, 133, 134, 135, 136, 137, 138, 139, 140, 141, 142, 143], "summary": {"covered_lines": 13, "num_statements": 13, "percent_covered": 100.0, "percent_covered_display": "100", "missing_lines": 0, "excluded_lines": 0, "percent_statements_covered": 100.0, "percent_statements_covered_display": "100", "num_branches": 2, "num_partial_branches": 0, "covered_branches": 2, "missing_branches": 0, "percent_branches_covered": 100.0, "percent_branches_covered_display": "100"}, "missing_lines": [], "excluded_lines": [], "start_line": 130, "executed_branches": [[137, 138], [137, 143]], "missing_branches": []}, "_consecutive_sign": {"executed_lines": [147, 148, 149, 150, 151, 153, 154], "summary": {"covered_lines": 7, "num_statements": 7, "percent_covered": 100.0, "percent_covered_display": "100", "missing_lines": 0, "excluded_lines": 0, "percent_statements_covered": 100.0, "percent_statements_covered_display": "100", "num_branches": 4, "num_partial_branches": 0, "covered_branches": 4, "missing_branches": 0, "percent_branches_covered": 100.0, "percent_branches_covered_display": "100"}, "missing_lines": [], "excluded_lines": [], "start_line": 146, "executed_branches": [[148, 149], [148, 154], [150, 151], [150, 153]], "missing_branches": []}, "build_transfer_flow_features": {"executed_lines": [169, 176, 177, 178, 185, 191, 192, 193, 194, 200, 201, 202, 203, 204, 210, 214, 219, 224, 225, 226, 227, 228, 229, 232, 233, 234, 235, 236, 243, 248, 249, 255], "summary": {"covered_lines": 32, "num_statements": 33, "percent_covered": 93.33333333333333, "percent_covered_display": "93", "missing_lines": 1, "excluded_lines": 0, "percent_statements_covered": 96.96969696969697, "percent_statements_covered_display": "97", "num_branches": 12, "num_partial_branches": 2, "covered_branches": 10, "missing_branches": 2, "percent_branches_covered": 83.33333333333333, "percent_branches_covered_display": "83"}, "missing_lines": [220], "excluded_lines": [], "start_line": 157, "executed_branches": [[178, 185], [178, 191], [192, 193], [192, 201], [193, 194], [193, 200], [202, 203], [202, 214], [203, 204], [219, 224]], "missing_branches": [[203, 210], [219, 220]]}, "transfer_features_to_vector": {"executed_lines": [323, 346, 347, 352], "summary": {"covered_lines": 4, "num_statements": 5, "percent_covered": 71.42857142857143, "percent_covered_display": "71", "missing_lines": 1, "excluded_lines": 0, "percent_statements_covered": 80.0, "percent_statements_covered_display": "80", "num_branches": 2, "num_partial_branches": 1, "covered_branches": 1, "missing_branches": 1, "percent_branches_covered": 50.0, "percent_branches_covered_display": "50"}, "missing_lines": [348], "excluded_lines": [], "start_line": 315, "executed_branches": [[347, 352]], "missing_branches": [[347, 348]]}, "": {"executed_lines": [3, 5, 6, 7, 8, 10, 11, 12, 13, 26, 27, 32, 35, 36, 37, 38, 39, 40, 41, 42, 45, 50, 65, 130, 146, 157, 315], "summary": {"covered_lines": 27, "num_statements": 27, "percent_covered": 100.0, "percent_covered_display": "100", "missing_lines": 0, "excluded_lines": 0, "percent_statements_covered": 100.0, "percent_statements_covered_display": "100", "num_branches": 0, "num_partial_branches": 0, "covered_branches": 0, "missing_branches": 0, "percent_branches_covered": 100.0, "percent_branches_covered_display": "100"}, "missing_lines": [], "excluded_lines": [], "start_line": 1, "executed_branches": [], "missing_branches": []}}, "classes": {"_Interval": {"executed_lines": [], "summary": {"covered_lines": 0, "num_statements": 0, "percent_covered": 100.0, "percent_covered_display": "100", "missing_lines": 0, "excluded_lines": 0, "percent_statements_covered": 100.0, "percent_statements_covered_display": "100", "num_branches": 0, "num_partial_branches": 0, "covered_branches": 0, "missing_branches": 0, "percent_branches_covered": 100.0, "percent_branches_covered_display": "100"}, "missing_lines": [], "excluded_lines": [], "start_line": 36, "executed_branches": [], "missing_branches": []}, "": {"executed_lines": [3, 5, 6, 7, 8, 10, 11, 12, 13, 26, 27, 32, 35, 36, 37, 38, 39, 40, 41, 42, 45, 46, 47, 50, 56, 65, 71, 72, 73, 74, 75, 81, 82, 83, 89, 90, 91, 95, 96, 102, 106, 107, 108, 109, 110, 112, 113, 114, 115, 116, 117, 127, 130, 131, 132, 133, 134, 135, 136, 137, 138, 139, 140, 141, 142, 143, 146, 147, 148, 149, 150, 151, 153, 154, 157, 169, 176, 177, 178, 185, 191, 192, 193, 194, 200, 201, 202, 203, 204, 210, 214, 219, 224, 225, 226, 227, 228, 229, 232, 233, 234, 235, 236, 243, 248, 249, 255, 315, 323, 346, 347, 352], "summary": {"covered_lines": 112, "num_statements": 114, "percent_covered": 96.62162162162163, "percent_covered_display": "97", "missing_lines": 2, "excluded_lines": 0, "percent_statements_covered": 98.24561403508773, "percent_statements_covered_display": "98", "num_branches": 34, "num_partial_branches": 3, "covered_branches": 31, "missing_branches": 3, "percent_branches_covered": 91.17647058823529, "percent_branches_covered_display": "91"}, "missing_lines": [220, 348], "excluded_lines": [], "start_line": 1, "executed_branches": [[72, 73], [72, 127], [74, 75], [74, 82], [82, 83], [82, 89], [95, 96], [95, 102], [102, 106], [102, 115], [106, 107], [106, 108], [108, 109], [108, 112], [137, 138], [137, 143], [148, 149], [148, 154], [150, 151], [150, 153], [178, 185], [178, 191], [192, 193], [192, 201], [193, 194], [193, 200], [202, 203], [202, 214], [203, 204], [219, 224], [347, 352]], "missing_branches": [[203, 210], [219, 220], [347, 348]]}}}, "src\\dmf_pulse\\prices\\update_cycles.py": {"executed_lines": [3, 5, 7, 8, 9, 19, 20, 21, 22, 23, 24, 25, 26, 27, 30, 33, 35, 46, 49, 50, 51, 52, 53, 59, 69, 70, 71, 73, 74, 75, 76, 77, 78, 83, 84, 86, 87, 88, 94, 97, 98, 99, 100, 101, 124, 125, 126, 127, 128, 129, 130, 131, 132, 134, 135, 136, 146, 171], "summary": {"covered_lines": 58, "num_statements": 62, "percent_covered": 91.11111111111111, "percent_covered_display": "91", "missing_lines": 4, "excluded_lines": 0, "percent_statements_covered": 93.54838709677419, "percent_statements_covered_display": "94", "num_branches": 28, "num_partial_branches": 4, "covered_branches": 24, "missing_branches": 4, "percent_branches_covered": 85.71428571428571, "percent_branches_covered_display": "86"}, "missing_lines": [34, 72, 82, 85], "excluded_lines": [], "executed_branches": [[21, 22], [21, 23], [23, 24], [23, 25], [25, 26], [25, 27], [33, 35], [49, 50], [49, 51], [71, 73], [74, 75], [74, 83], [76, 77], [76, 78], [78, 74], [84, 86], [87, 88], [87, 171], [99, 100], [99, 125], [128, 129], [128, 131], [131, 132], [131, 134]], "missing_branches": [[33, 34], [71, 72], [78, 82], [84, 85]], "functions": {"_event_from_prices": {"executed_lines": [20, 21, 22, 23, 24, 25, 26, 27], "summary": {"covered_lines": 8, "num_statements": 8, "percent_covered": 100.0, "percent_covered_display": "100", "missing_lines": 0, "excluded_lines": 0, "percent_statements_covered": 100.0, "percent_statements_covered_display": "100", "num_branches": 6, "num_partial_branches": 0, "covered_branches": 6, "missing_branches": 0, "percent_branches_covered": 100.0, "percent_branches_covered_display": "100"}, "missing_lines": [], "excluded_lines": [], "start_line": 19, "executed_branches": [[21, 22], [21, 23], [23, 24], [23, 25], [25, 26], [25, 27]], "missing_branches": []}, "_latest_pre_update": {"executed_lines": [33, 35], "summary": {"covered_lines": 2, "num_statements": 3, "percent_covered": 60.0, "percent_covered_display": "60", "missing_lines": 1, "excluded_lines": 0, "percent_statements_covered": 66.66666666666667, "percent_statements_covered_display": "67", "num_branches": 2, "num_partial_branches": 1, "covered_branches": 1, "missing_branches": 1, "percent_branches_covered": 50.0, "percent_branches_covered_display": "50"}, "missing_lines": [34], "excluded_lines": [], "start_line": 30, "executed_branches": [[33, 35]], "missing_branches": [[33, 34]]}, "_first_post_update": {"executed_lines": [49, 50, 51, 52, 53], "summary": {"covered_lines": 5, "num_statements": 5, "percent_covered": 100.0, "percent_covered_display": "100", "missing_lines": 0, "excluded_lines": 0, "percent_statements_covered": 100.0, "percent_statements_covered_display": "100", "num_branches": 2, "num_partial_branches": 0, "covered_branches": 2, "missing_branches": 0, "percent_branches_covered": 100.0, "percent_branches_covered_display": "100"}, "missing_lines": [], "excluded_lines": [], "start_line": 46, "executed_branches": [[49, 50], [49, 51]], "missing_branches": []}, "build_price_update_cycles": {"executed_lines": [69, 70, 71, 73, 74, 75, 76, 77, 78, 83, 84, 86, 87, 88, 94, 97, 98, 99, 100, 101, 124, 125, 126, 127, 128, 129, 130, 131, 132, 134, 135, 136, 146, 171], "summary": {"covered_lines": 34, "num_statements": 37, "percent_covered": 89.0909090909091, "percent_covered_display": "89", "missing_lines": 3, "excluded_lines": 0, "percent_statements_covered": 91.89189189189189, "percent_statements_covered_display": "92", "num_branches": 18, "num_partial_branches": 3, "covered_branches": 15, "missing_branches": 3, "percent_branches_covered": 83.33333333333333, "percent_branches_covered_display": "83"}, "missing_lines": [72, 82, 85], "excluded_lines": [], "start_line": 59, "executed_branches": [[71, 73], [74, 75], [74, 83], [76, 77], [76, 78], [78, 74], [84, 86], [87, 88], [87, 171], [99, 100], [99, 125], [128, 129], [128, 131], [131, 132], [131, 134]], "missing_branches": [[71, 72], [78, 82], [84, 85]]}, "": {"executed_lines": [3, 5, 7, 8, 9, 19, 30, 46, 59], "summary": {"covered_lines": 9, "num_statements": 9, "percent_covered": 100.0, "percent_covered_display": "100", "missing_lines": 0, "excluded_lines": 0, "percent_statements_covered": 100.0, "percent_statements_covered_display": "100", "num_branches": 0, "num_partial_branches": 0, "covered_branches": 0, "missing_branches": 0, "percent_branches_covered": 100.0, "percent_branches_covered_display": "100"}, "missing_lines": [], "excluded_lines": [], "start_line": 1, "executed_branches": [], "missing_branches": []}}, "classes": {"": {"executed_lines": [3, 5, 7, 8, 9, 19, 20, 21, 22, 23, 24, 25, 26, 27, 30, 33, 35, 46, 49, 50, 51, 52, 53, 59, 69, 70, 71, 73, 74, 75, 76, 77, 78, 83, 84, 86, 87, 88, 94, 97, 98, 99, 100, 101, 124, 125, 126, 127, 128, 129, 130, 131, 132, 134, 135, 136, 146, 171], "summary": {"covered_lines": 58, "num_statements": 62, "percent_covered": 91.11111111111111, "percent_covered_display": "91", "missing_lines": 4, "excluded_lines": 0, "percent_statements_covered": 93.54838709677419, "percent_statements_covered_display": "94", "num_branches": 28, "num_partial_branches": 4, "covered_branches": 24, "missing_branches": 4, "percent_branches_covered": 85.71428571428571, "percent_branches_covered_display": "86"}, "missing_lines": [34, 72, 82, 85], "excluded_lines": [], "start_line": 1, "executed_branches": [[21, 22], [21, 23], [23, 24], [23, 25], [25, 26], [25, 27], [33, 35], [49, 50], [49, 51], [71, 73], [74, 75], [74, 83], [76, 77], [76, 78], [78, 74], [84, 86], [87, 88], [87, 171], [99, 100], [99, 125], [128, 129], [128, 131], [131, 132], [131, 134]], "missing_branches": [[33, 34], [71, 72], [78, 82], [84, 85]]}}}}, "totals": {"covered_lines": 1883, "num_statements": 2004, "percent_covered": 90.57120500782473, "percent_covered_display": "91", "missing_lines": 121, "excluded_lines": 0, "percent_statements_covered": 93.9620758483034, "percent_statements_covered_display": "94", "num_branches": 552, "num_partial_branches": 118, "covered_branches": 432, "missing_branches": 120, "percent_branches_covered": 78.26086956521739, "percent_branches_covered_display": "78"}}