{"meta": {"format": 3, "version": "7.15.2", "timestamp": "2026-08-26T19:34:22.156469", "branch_coverage": true, "show_contexts": false}, "files": {"src\\dmf_pulse\\ingestion\\odds\\identity.py": {"executed_lines": [9, 11, 12, 14, 16, 17, 18, 24, 29, 37, 40, 44, 52, 53, 60, 61, 62, 63, 64, 65, 66, 67, 68, 71, 74, 77, 78, 79, 80, 81, 82, 83, 86, 87, 88, 89, 90, 91, 92, 93, 94, 95, 96, 98, 99, 100, 101, 109, 112, 115, 116, 117, 118, 119, 120, 121, 122, 123, 124, 125, 126, 127, 128, 129, 130, 131, 132, 133, 134, 135, 136, 137, 138, 141, 142, 143, 145, 146, 147, 156, 162, 163, 164, 166, 169, 170, 171, 172, 173, 176, 177, 178, 191, 192, 193, 194, 196, 197, 202, 207, 210, 213, 222, 227, 245, 264, 267, 270, 273, 291, 302, 311, 322, 326, 327, 328, 333, 339, 345, 372, 373, 374, 377, 381, 384, 392, 414, 415, 416, 442, 445, 451, 462, 463, 464, 465, 466, 468, 469, 470, 471, 476, 479, 480, 481, 484, 485, 486, 487, 488, 495, 496, 497, 500, 505, 509, 510, 522, 523, 527, 558, 566, 567, 568, 569, 572, 573, 574, 576, 585, 586, 587, 592, 593, 594, 595, 596, 599, 600, 601, 602, 608, 609, 638, 657, 660, 663, 664, 665, 666, 667, 668, 669, 670, 671, 672, 675, 678, 679, 680, 681, 682, 683, 684, 685, 686, 687, 688, 689, 690, 691, 692, 693, 694, 695, 696, 697, 698, 699, 700, 701, 703, 704, 705, 706, 707, 708, 709, 731, 732, 736, 737, 738, 739, 740, 741, 748, 749, 752, 755, 756, 757, 758, 759, 760, 761, 762, 763, 764, 765, 767, 768, 769, 783, 784, 787, 790, 791, 792, 793, 794, 795, 796, 797, 798, 799, 800, 801, 802, 803, 804, 805, 806, 807, 808, 809, 810, 811, 812, 813, 814, 815, 816, 817, 818, 819, 820, 823, 826, 827, 828, 829, 830, 831, 832, 833, 835, 836, 837, 844, 845, 850, 852, 853, 856, 857, 862, 863, 877, 878, 895, 898, 899, 900, 902, 904, 905, 909, 911, 912, 913, 914, 915, 938, 939, 940, 948, 949, 950, 951, 952, 954, 955, 960, 961, 966, 969, 980, 994, 1002, 1011, 1012, 1030, 1031, 1032, 1035, 1043, 1052, 1053, 1065, 1066, 1081, 1082, 1086, 1087, 1088, 1089, 1092, 1095, 1098, 1103, 1112, 1113, 1114, 1117, 1125, 1126, 1127, 1128, 1129, 1130, 1131, 1147, 1156, 1165, 1168, 1176, 1187, 1188, 1197, 1198, 1209, 1215, 1222, 1223, 1232, 1233, 1234, 1240, 1241, 1246, 1250, 1257, 1264, 1265, 1275, 1283, 1285, 1310, 1311, 1328, 1329, 1333, 1337, 1373, 1383, 1384, 1385, 1386, 1387, 1388, 1389, 1390, 1398, 1406, 1408, 1409, 1410, 1418, 1419, 1421, 1422, 1426, 1427, 1428, 1436, 1437, 1445, 1446, 1454, 1455, 1456, 1457, 1458, 1460, 1461, 1462, 1463, 1473, 1474, 1475, 1476, 1477, 1478, 1479, 1486, 1487, 1495, 1497, 1498, 1510, 1511, 1519, 1561, 1562, 1563, 1564, 1565, 1568], "summary": {"covered_lines": 459, "num_statements": 490, "percent_covered": 91.1042944785276, "percent_covered_display": "91", "missing_lines": 31, "excluded_lines": 0, "percent_statements_covered": 93.6734693877551, "percent_statements_covered_display": "94", "num_branches": 162, "num_partial_branches": 27, "covered_branches": 135, "missing_branches": 27, "percent_branches_covered": 83.33333333333333, "percent_branches_covered_display": "83"}, "missing_lines": [108, 155, 161, 165, 203, 329, 330, 334, 461, 467, 494, 570, 571, 606, 843, 849, 851, 896, 901, 903, 910, 947, 1080, 1104, 1144, 1148, 1157, 1247, 1272, 1284, 1464], "excluded_lines": [], "executed_branches": [[62, 63], [62, 68], [64, 62], [64, 65], [65, 66], [65, 67], [101, 109], [147, 156], [156, 162], [164, 166], [170, 171], [170, 172], [172, 173], [172, 176], [176, 177], [176, 192], [178, 176], [178, 191], [192, 193], [192, 194], [202, 207], [333, -322], [372, -339], [372, 373], [373, 372], [373, 374], [392, 414], [392, 415], [416, -377], [416, 442], [451, 462], [464, 465], [464, 466], [466, 468], [469, 470], [469, 471], [476, 479], [476, 480], [487, 488], [487, 497], [488, 495], [505, 509], [505, 510], [586, 587], [586, 592], [593, 594], [593, 600], [595, 596], [595, 599], [601, 602], [601, 608], [602, 601], [709, 731], [709, 732], [732, 736], [732, 737], [737, 738], [737, 739], [739, 740], [739, 741], [741, 748], [741, 749], [769, 783], [769, 784], [837, 844], [845, 850], [850, 852], [857, 862], [857, 863], [863, 877], [863, 878], [895, 898], [900, 902], [902, 904], [909, 911], [911, 912], [911, 939], [915, 911], [915, 938], [940, 948], [948, 949], [948, 950], [950, 951], [950, 952], [960, 961], [960, 966], [1030, -994], [1030, 1031], [1031, 1030], [1031, 1032], [1053, 1065], [1053, 1066], [1066, 1081], [1086, 1087], [1086, 1088], [1088, 1089], [1088, 1092], [1103, 1112], [1114, 1117], [1114, 1125], [1127, 1128], [1127, 1165], [1131, 1147], [1147, 1156], [1156, 1127], [1222, 1223], [1222, 1232], [1232, 1233], [1232, 1234], [1234, 1240], [1234, 1241], [1241, 1246], [1257, 1264], [1257, 1265], [1265, -1250], [1283, 1285], [1409, 1410], [1409, 1418], [1422, 1426], [1422, 1460], [1427, 1428], [1427, 1436], [1436, 1437], [1436, 1445], [1445, 1446], [1445, 1454], [1463, 1473], [1474, 1475], [1474, 1497], [1475, 1476], [1475, 1477], [1486, 1487], [1486, 1495], [1497, 1498], [1497, 1510]], "missing_branches": [[101, 108], [147, 155], [156, 161], [164, 165], [202, 203], [333, 334], [451, 461], [466, 467], [488, 494], [602, 606], [837, 843], [845, 849], [850, 851], [895, 896], [900, 901], [902, 903], [909, 910], [940, 947], [1066, 1080], [1103, 1104], [1131, 1144], [1147, 1148], [1156, 1157], [1241, 1247], [1265, 1272], [1283, 1284], [1463, 1464]], "functions": {"_FrozenIdentityModel.normalize_datetimes": {"executed_lines": [62, 63, 64, 65, 66, 67, 68], "summary": {"covered_lines": 7, "num_statements": 7, "percent_covered": 100.0, "percent_covered_display": "100", "missing_lines": 0, "excluded_lines": 0, "percent_statements_covered": 100.0, "percent_statements_covered_display": "100", "num_branches": 6, "num_partial_branches": 0, "covered_branches": 6, "missing_branches": 0, "percent_branches_covered": 100.0, "percent_branches_covered_display": "100"}, "missing_lines": [], "excluded_lines": [], "start_line": 61, "executed_branches": [[62, 63], [62, 68], [64, 62], [64, 65], [65, 66], [65, 67]], "missing_branches": []}, "ResolvedCurrentTeam.validate_team_identity": {"executed_lines": [100, 101, 109], "summary": {"covered_lines": 3, "num_statements": 4, "percent_covered": 66.66666666666667, "percent_covered_display": "67", "missing_lines": 1, "excluded_lines": 0, "percent_statements_covered": 75.0, "percent_statements_covered_display": "75", "num_branches": 2, "num_partial_branches": 1, "covered_branches": 1, "missing_branches": 1, "percent_branches_covered": 50.0, "percent_branches_covered_display": "50"}, "missing_lines": [108], "excluded_lines": [], "start_line": 99, "executed_branches": [[101, 109]], "missing_branches": [[101, 108]]}, "CurrentTeamIdentityMap.validate_identity_map": {"executed_lines": [147, 156, 162, 163, 164, 166, 169, 170, 171, 172, 173, 176, 177, 178, 191, 192, 193, 194], "summary": {"covered_lines": 18, "num_statements": 21, "percent_covered": 83.78378378378379, "percent_covered_display": "84", "missing_lines": 3, "excluded_lines": 0, "percent_statements_covered": 85.71428571428571, "percent_statements_covered_display": "86", "num_branches": 16, "num_partial_branches": 3, "covered_branches": 13, "missing_branches": 3, "percent_branches_covered": 81.25, "percent_branches_covered_display": "81"}, "missing_lines": [155, 161, 165], "excluded_lines": [], "start_line": 146, "executed_branches": [[147, 156], [156, 162], [164, 166], [170, 171], [170, 172], [172, 173], [172, 176], [176, 177], [176, 192], [178, 176], [178, 191], [192, 193], [192, 194]], "missing_branches": [[147, 155], [156, 161], [164, 165]]}, "CurrentTeamIdentityMap.team": {"executed_lines": [197, 202, 207], "summary": {"covered_lines": 3, "num_statements": 4, "percent_covered": 66.66666666666667, "percent_covered_display": "67", "missing_lines": 1, "excluded_lines": 0, "percent_statements_covered": 75.0, "percent_statements_covered_display": "75", "num_branches": 2, "num_partial_branches": 1, "covered_branches": 1, "missing_branches": 1, "percent_branches_covered": 50.0, "percent_branches_covered_display": "50"}, "missing_lines": [203], "excluded_lines": [], "start_line": 196, "executed_branches": [[202, 207]], "missing_branches": [[202, 203]]}, "current_fpl_identity_view_sha256": {"executed_lines": [213, 222, 227, 245], "summary": {"covered_lines": 4, "num_statements": 4, "percent_covered": 100.0, "percent_covered_display": "100", "missing_lines": 0, "excluded_lines": 0, "percent_statements_covered": 100.0, "percent_statements_covered_display": "100", "num_branches": 0, "num_partial_branches": 0, "covered_branches": 0, "missing_branches": 0, "percent_branches_covered": 100.0, "percent_branches_covered_display": "100"}, "missing_lines": [], "excluded_lines": [], "start_line": 210, "executed_branches": [], "missing_branches": []}, "current_odds_provider_provenance_sha256": {"executed_lines": [267], "summary": {"covered_lines": 1, "num_statements": 1, "percent_covered": 100.0, "percent_covered_display": "100", "missing_lines": 0, "excluded_lines": 0, "percent_statements_covered": 100.0, "percent_statements_covered_display": "100", "num_branches": 0, "num_partial_branches": 0, "covered_branches": 0, "missing_branches": 0, "percent_branches_covered": 100.0, "percent_branches_covered_display": "100"}, "missing_lines": [], "excluded_lines": [], "start_line": 264, "executed_branches": [], "missing_branches": []}, "current_odds_identity_semantic_sha256": {"executed_lines": [273, 291], "summary": {"covered_lines": 2, "num_statements": 2, "percent_covered": 100.0, "percent_covered_display": "100", "missing_lines": 0, "excluded_lines": 0, "percent_statements_covered": 100.0, "percent_statements_covered_display": "100", "num_branches": 0, "num_partial_branches": 0, "covered_branches": 0, "missing_branches": 0, "percent_branches_covered": 100.0, "percent_branches_covered_display": "100"}, "missing_lines": [], "excluded_lines": [], "start_line": 270, "executed_branches": [], "missing_branches": []}, "bind_current_team_resolution_request": {"executed_lines": [311], "summary": {"covered_lines": 1, "num_statements": 1, "percent_covered": 100.0, "percent_covered_display": "100", "missing_lines": 0, "excluded_lines": 0, "percent_statements_covered": 100.0, "percent_statements_covered_display": "100", "num_branches": 0, "num_partial_branches": 0, "covered_branches": 0, "missing_branches": 0, "percent_branches_covered": 100.0, "percent_branches_covered_display": "100"}, "missing_lines": [], "excluded_lines": [], "start_line": 302, "executed_branches": [], "missing_branches": []}, "_revalidate_source_structures": {"executed_lines": [326, 327, 328, 333], "summary": {"covered_lines": 4, "num_statements": 7, "percent_covered": 55.55555555555556, "percent_covered_display": "56", "missing_lines": 3, "excluded_lines": 0, "percent_statements_covered": 57.142857142857146, "percent_statements_covered_display": "57", "num_branches": 2, "num_partial_branches": 1, "covered_branches": 1, "missing_branches": 1, "percent_branches_covered": 50.0, "percent_branches_covered_display": "50"}, "missing_lines": [329, 330, 334], "excluded_lines": [], "start_line": 322, "executed_branches": [[333, -322]], "missing_branches": [[333, 334]]}, "_require_exact_bound_hashes": {"executed_lines": [345, 372, 373, 374], "summary": {"covered_lines": 4, "num_statements": 4, "percent_covered": 100.0, "percent_covered_display": "100", "missing_lines": 0, "excluded_lines": 0, "percent_statements_covered": 100.0, "percent_statements_covered_display": "100", "num_branches": 4, "num_partial_branches": 0, "covered_branches": 4, "missing_branches": 0, "percent_branches_covered": 100.0, "percent_branches_covered_display": "100"}, "missing_lines": [], "excluded_lines": [], "start_line": 339, "executed_branches": [[372, -339], [372, 373], [373, 372], [373, 374]], "missing_branches": []}, "_require_source_rights": {"executed_lines": [381, 384, 392, 414, 415, 416, 442], "summary": {"covered_lines": 7, "num_statements": 7, "percent_covered": 100.0, "percent_covered_display": "100", "missing_lines": 0, "excluded_lines": 0, "percent_statements_covered": 100.0, "percent_statements_covered_display": "100", "num_branches": 4, "num_partial_branches": 0, "covered_branches": 4, "missing_branches": 0, "percent_branches_covered": 100.0, "percent_branches_covered_display": "100"}, "missing_lines": [], "excluded_lines": [], "start_line": 377, "executed_branches": [[392, 414], [392, 415], [416, -377], [416, 442]], "missing_branches": []}, "_require_current_context": {"executed_lines": [451, 462, 463, 464, 465, 466, 468, 469, 470, 471, 476, 479, 480, 481], "summary": {"covered_lines": 14, "num_statements": 16, "percent_covered": 84.61538461538461, "percent_covered_display": "85", "missing_lines": 2, "excluded_lines": 0, "percent_statements_covered": 87.5, "percent_statements_covered_display": "88", "num_branches": 10, "num_partial_branches": 2, "covered_branches": 8, "missing_branches": 2, "percent_branches_covered": 80.0, "percent_branches_covered_display": "80"}, "missing_lines": [461, 467], "excluded_lines": [], "start_line": 445, "executed_branches": [[451, 462], [464, 465], [464, 466], [466, 468], [469, 470], [469, 471], [476, 479], [476, 480]], "missing_branches": [[451, 461], [466, 467]]}, "_team_by_id": {"executed_lines": [485, 486, 487, 488, 495, 496, 497], "summary": {"covered_lines": 7, "num_statements": 8, "percent_covered": 83.33333333333333, "percent_covered_display": "83", "missing_lines": 1, "excluded_lines": 0, "percent_statements_covered": 87.5, "percent_statements_covered_display": "88", "num_branches": 4, "num_partial_branches": 1, "covered_branches": 3, "missing_branches": 1, "percent_branches_covered": 75.0, "percent_branches_covered_display": "75"}, "missing_lines": [494], "excluded_lines": [], "start_line": 484, "executed_branches": [[487, 488], [487, 497], [488, 495]], "missing_branches": [[488, 494]]}, "_resolved_team": {"executed_lines": [505, 509, 510], "summary": {"covered_lines": 3, "num_statements": 3, "percent_covered": 100.0, "percent_covered_display": "100", "missing_lines": 0, "excluded_lines": 0, "percent_statements_covered": 100.0, "percent_statements_covered_display": "100", "num_branches": 2, "num_partial_branches": 0, "covered_branches": 2, "missing_branches": 0, "percent_branches_covered": 100.0, "percent_branches_covered_display": "100"}, "missing_lines": [], "excluded_lines": [], "start_line": 500, "executed_branches": [[505, 509], [505, 510]], "missing_branches": []}, "_team_identity_map_sha256": {"executed_lines": [523, 527], "summary": {"covered_lines": 2, "num_statements": 2, "percent_covered": 100.0, "percent_covered_display": "100", "missing_lines": 0, "excluded_lines": 0, "percent_statements_covered": 100.0, "percent_statements_covered_display": "100", "num_branches": 0, "num_partial_branches": 0, "covered_branches": 0, "missing_branches": 0, "percent_branches_covered": 100.0, "percent_branches_covered_display": "100"}, "missing_lines": [], "excluded_lines": [], "start_line": 522, "executed_branches": [], "missing_branches": []}, "resolve_current_team_identities": {"executed_lines": [566, 567, 568, 569, 572, 573, 574, 576, 585, 586, 587, 592, 593, 594, 595, 596, 599, 600, 601, 602, 608, 609, 638], "summary": {"covered_lines": 23, "num_statements": 26, "percent_covered": 88.88888888888889, "percent_covered_display": "89", "missing_lines": 3, "excluded_lines": 0, "percent_statements_covered": 88.46153846153847, "percent_statements_covered_display": "88", "num_branches": 10, "num_partial_branches": 1, "covered_branches": 9, "missing_branches": 1, "percent_branches_covered": 90.0, "percent_branches_covered_display": "90"}, "missing_lines": [570, 571, 606], "excluded_lines": [], "start_line": 558, "executed_branches": [[586, 587], [586, 592], [593, 594], [593, 600], [595, 596], [595, 599], [601, 602], [601, 608], [602, 601]], "missing_branches": [[602, 606]]}, "ResolvedCurrentFixture.validate_resolved_fixture": {"executed_lines": [705, 706, 707, 708, 709, 731, 732, 736, 737, 738, 739, 740, 741, 748, 749], "summary": {"covered_lines": 15, "num_statements": 15, "percent_covered": 100.0, "percent_covered_display": "100", "missing_lines": 0, "excluded_lines": 0, "percent_statements_covered": 100.0, "percent_statements_covered_display": "100", "num_branches": 10, "num_partial_branches": 0, "covered_branches": 10, "missing_branches": 0, "percent_branches_covered": 100.0, "percent_branches_covered_display": "100"}, "missing_lines": [], "excluded_lines": [], "start_line": 704, "executed_branches": [[709, 731], [709, 732], [732, 736], [732, 737], [737, 738], [737, 739], [739, 740], [739, 741], [741, 748], [741, 749]], "missing_branches": []}, "CurrentFixtureCoverage.validate_complete_coverage": {"executed_lines": [769, 783, 784], "summary": {"covered_lines": 3, "num_statements": 3, "percent_covered": 100.0, "percent_covered_display": "100", "missing_lines": 0, "excluded_lines": 0, "percent_statements_covered": 100.0, "percent_statements_covered_display": "100", "num_branches": 2, "num_partial_branches": 0, "covered_branches": 2, "missing_branches": 0, "percent_branches_covered": 100.0, "percent_branches_covered_display": "100"}, "missing_lines": [], "excluded_lines": [], "start_line": 768, "executed_branches": [[769, 783], [769, 784]], "missing_branches": []}, "FplOddsIdentityMap.validate_final_identity_map": {"executed_lines": [837, 844, 845, 850, 852, 853, 856, 857, 862, 863, 877, 878, 895, 898, 899, 900, 902, 904, 905, 909, 911, 912, 913, 914, 915, 938, 939, 940, 948, 949, 950, 951, 952], "summary": {"covered_lines": 33, "num_statements": 41, "percent_covered": 76.81159420289855, "percent_covered_display": "77", "missing_lines": 8, "excluded_lines": 0, "percent_statements_covered": 80.48780487804878, "percent_statements_covered_display": "80", "num_branches": 28, "num_partial_branches": 8, "covered_branches": 20, "missing_branches": 8, "percent_branches_covered": 71.42857142857143, "percent_branches_covered_display": "71"}, "missing_lines": [843, 849, 851, 896, 901, 903, 910, 947], "excluded_lines": [], "start_line": 836, "executed_branches": [[837, 844], [845, 850], [850, 852], [857, 862], [857, 863], [863, 877], [863, 878], [895, 898], [900, 902], [902, 904], [909, 911], [911, 912], [911, 939], [915, 911], [915, 938], [940, 948], [948, 949], [948, 950], [950, 951], [950, 952]], "missing_branches": [[837, 843], [845, 849], [850, 851], [895, 896], [900, 901], [902, 903], [909, 910], [940, 947]]}, "FplOddsIdentityMap.fixture": {"executed_lines": [955, 960, 961, 966], "summary": {"covered_lines": 4, "num_statements": 4, "percent_covered": 100.0, "percent_covered_display": "100", "missing_lines": 0, "excluded_lines": 0, "percent_statements_covered": 100.0, "percent_statements_covered_display": "100", "num_branches": 2, "num_partial_branches": 0, "covered_branches": 2, "missing_branches": 0, "percent_branches_covered": 100.0, "percent_branches_covered_display": "100"}, "missing_lines": [], "excluded_lines": [], "start_line": 954, "executed_branches": [[960, 961], [960, 966]], "missing_branches": []}, "bind_current_fixture_resolution_request": {"executed_lines": [980], "summary": {"covered_lines": 1, "num_statements": 1, "percent_covered": 100.0, "percent_covered_display": "100", "missing_lines": 0, "excluded_lines": 0, "percent_statements_covered": 100.0, "percent_statements_covered_display": "100", "num_branches": 0, "num_partial_branches": 0, "covered_branches": 0, "missing_branches": 0, "percent_branches_covered": 100.0, "percent_branches_covered_display": "100"}, "missing_lines": [], "excluded_lines": [], "start_line": 969, "executed_branches": [], "missing_branches": []}, "_require_fixture_bound_hashes": {"executed_lines": [1002, 1011, 1012, 1030, 1031, 1032], "summary": {"covered_lines": 6, "num_statements": 6, "percent_covered": 100.0, "percent_covered_display": "100", "missing_lines": 0, "excluded_lines": 0, "percent_statements_covered": 100.0, "percent_statements_covered_display": "100", "num_branches": 4, "num_partial_branches": 0, "covered_branches": 4, "missing_branches": 0, "percent_branches_covered": 100.0, "percent_branches_covered_display": "100"}, "missing_lines": [], "excluded_lines": [], "start_line": 994, "executed_branches": [[1030, -994], [1030, 1031], [1031, 1030], [1031, 1032]], "missing_branches": []}, "_require_fixture_context": {"executed_lines": [1043, 1052, 1053, 1065, 1066, 1081, 1082, 1086, 1087, 1088, 1089, 1092], "summary": {"covered_lines": 12, "num_statements": 13, "percent_covered": 90.47619047619048, "percent_covered_display": "90", "missing_lines": 1, "excluded_lines": 0, "percent_statements_covered": 92.3076923076923, "percent_statements_covered_display": "92", "num_branches": 8, "num_partial_branches": 1, "covered_branches": 7, "missing_branches": 1, "percent_branches_covered": 87.5, "percent_branches_covered_display": "88"}, "missing_lines": [1080], "excluded_lines": [], "start_line": 1035, "executed_branches": [[1053, 1065], [1053, 1066], [1066, 1081], [1086, 1087], [1086, 1088], [1088, 1089], [1088, 1092]], "missing_branches": [[1066, 1080]]}, "_target_gameweek_fixtures": {"executed_lines": [1098, 1103, 1112, 1113, 1114, 1117, 1125, 1126, 1127, 1128, 1129, 1130, 1131, 1147, 1156, 1165], "summary": {"covered_lines": 16, "num_statements": 20, "percent_covered": 75.0, "percent_covered_display": "75", "missing_lines": 4, "excluded_lines": 0, "percent_statements_covered": 80.0, "percent_statements_covered_display": "80", "num_branches": 12, "num_partial_branches": 4, "covered_branches": 8, "missing_branches": 4, "percent_branches_covered": 66.66666666666667, "percent_branches_covered_display": "67"}, "missing_lines": [1104, 1144, 1148, 1157], "excluded_lines": [], "start_line": 1095, "executed_branches": [[1103, 1112], [1114, 1117], [1114, 1125], [1127, 1128], [1127, 1165], [1131, 1147], [1147, 1156], [1156, 1127]], "missing_branches": [[1103, 1104], [1131, 1144], [1147, 1148], [1156, 1157]]}, "_event_identity_sha256_from_values": {"executed_lines": [1176], "summary": {"covered_lines": 1, "num_statements": 1, "percent_covered": 100.0, "percent_covered_display": "100", "missing_lines": 0, "excluded_lines": 0, "percent_statements_covered": 100.0, "percent_statements_covered_display": "100", "num_branches": 0, "num_partial_branches": 0, "covered_branches": 0, "missing_branches": 0, "percent_branches_covered": 100.0, "percent_branches_covered_display": "100"}, "missing_lines": [], "excluded_lines": [], "start_line": 1168, "executed_branches": [], "missing_branches": []}, "_event_identity_sha256": {"executed_lines": [1188], "summary": {"covered_lines": 1, "num_statements": 1, "percent_covered": 100.0, "percent_covered_display": "100", "missing_lines": 0, "excluded_lines": 0, "percent_statements_covered": 100.0, "percent_statements_covered_display": "100", "num_branches": 0, "num_partial_branches": 0, "covered_branches": 0, "missing_branches": 0, "percent_branches_covered": 100.0, "percent_branches_covered_display": "100"}, "missing_lines": [], "excluded_lines": [], "start_line": 1187, "executed_branches": [], "missing_branches": []}, "_mapping_error": {"executed_lines": [1198], "summary": {"covered_lines": 1, "num_statements": 1, "percent_covered": 100.0, "percent_covered_display": "100", "missing_lines": 0, "excluded_lines": 0, "percent_statements_covered": 100.0, "percent_statements_covered_display": "100", "num_branches": 0, "num_partial_branches": 0, "covered_branches": 0, "missing_branches": 0, "percent_branches_covered": 100.0, "percent_branches_covered_display": "100"}, "missing_lines": [], "excluded_lines": [], "start_line": 1197, "executed_branches": [], "missing_branches": []}, "_exact_fixture_candidate": {"executed_lines": [1215, 1222, 1223, 1232, 1233, 1234, 1240, 1241, 1246], "summary": {"covered_lines": 9, "num_statements": 10, "percent_covered": 88.88888888888889, "percent_covered_display": "89", "missing_lines": 1, "excluded_lines": 0, "percent_statements_covered": 90.0, "percent_statements_covered_display": "90", "num_branches": 8, "num_partial_branches": 1, "covered_branches": 7, "missing_branches": 1, "percent_branches_covered": 87.5, "percent_branches_covered_display": "88"}, "missing_lines": [1247], "excluded_lines": [], "start_line": 1209, "executed_branches": [[1222, 1223], [1222, 1232], [1232, 1233], [1232, 1234], [1234, 1240], [1234, 1241], [1241, 1246]], "missing_branches": [[1241, 1247]]}, "_validate_explicit_binding": {"executed_lines": [1257, 1264, 1265], "summary": {"covered_lines": 3, "num_statements": 4, "percent_covered": 75.0, "percent_covered_display": "75", "missing_lines": 1, "excluded_lines": 0, "percent_statements_covered": 75.0, "percent_statements_covered_display": "75", "num_branches": 4, "num_partial_branches": 1, "covered_branches": 3, "missing_branches": 1, "percent_branches_covered": 75.0, "percent_branches_covered_display": "75"}, "missing_lines": [1272], "excluded_lines": [], "start_line": 1250, "executed_branches": [[1257, 1264], [1257, 1265], [1265, -1250]], "missing_branches": [[1265, 1272]]}, "_resolved_fixture": {"executed_lines": [1283, 1285], "summary": {"covered_lines": 2, "num_statements": 3, "percent_covered": 60.0, "percent_covered_display": "60", "missing_lines": 1, "excluded_lines": 0, "percent_statements_covered": 66.66666666666667, "percent_statements_covered_display": "67", "num_branches": 2, "num_partial_branches": 1, "covered_branches": 1, "missing_branches": 1, "percent_branches_covered": 50.0, "percent_branches_covered_display": "50"}, "missing_lines": [1284], "excluded_lines": [], "start_line": 1275, "executed_branches": [[1283, 1285]], "missing_branches": [[1283, 1284]]}, "_identity_source_lineage_sha256": {"executed_lines": [1311], "summary": {"covered_lines": 1, "num_statements": 1, "percent_covered": 100.0, "percent_covered_display": "100", "missing_lines": 0, "excluded_lines": 0, "percent_statements_covered": 100.0, "percent_statements_covered_display": "100", "num_branches": 0, "num_partial_branches": 0, "covered_branches": 0, "missing_branches": 0, "percent_branches_covered": 100.0, "percent_branches_covered_display": "100"}, "missing_lines": [], "excluded_lines": [], "start_line": 1310, "executed_branches": [], "missing_branches": []}, "_fpl_odds_identity_map_sha256": {"executed_lines": [1329, 1333, 1337], "summary": {"covered_lines": 3, "num_statements": 3, "percent_covered": 100.0, "percent_covered_display": "100", "missing_lines": 0, "excluded_lines": 0, "percent_statements_covered": 100.0, "percent_statements_covered_display": "100", "num_branches": 0, "num_partial_branches": 0, "covered_branches": 0, "missing_branches": 0, "percent_branches_covered": 100.0, "percent_branches_covered_display": "100"}, "missing_lines": [], "excluded_lines": [], "start_line": 1328, "executed_branches": [], "missing_branches": []}, "resolve_current_fixture_identities": {"executed_lines": [1383, 1384, 1385, 1386, 1387, 1388, 1389, 1390, 1398, 1406, 1408, 1409, 1410, 1418, 1419, 1421, 1422, 1426, 1427, 1428, 1436, 1437, 1445, 1446, 1454, 1455, 1456, 1457, 1458, 1460, 1461, 1462, 1463, 1473, 1474, 1475, 1476, 1477, 1478, 1479, 1486, 1487, 1495, 1497, 1498, 1510, 1511, 1519, 1561, 1562, 1563, 1564, 1565], "summary": {"covered_lines": 53, "num_statements": 54, "percent_covered": 97.29729729729729, "percent_covered_display": "97", "missing_lines": 1, "excluded_lines": 0, "percent_statements_covered": 98.14814814814815, "percent_statements_covered_display": "98", "num_branches": 20, "num_partial_branches": 1, "covered_branches": 19, "missing_branches": 1, "percent_branches_covered": 95.0, "percent_branches_covered_display": "95"}, "missing_lines": [1464], "excluded_lines": [], "start_line": 1373, "executed_branches": [[1409, 1410], [1409, 1418], [1422, 1426], [1422, 1460], [1427, 1428], [1427, 1436], [1436, 1437], [1436, 1445], [1445, 1446], [1445, 1454], [1463, 1473], [1474, 1475], [1474, 1497], [1475, 1476], [1475, 1477], [1486, 1487], [1486, 1495], [1497, 1498], [1497, 1510]], "missing_branches": [[1463, 1464]]}, "": {"executed_lines": [9, 11, 12, 14, 16, 17, 18, 24, 29, 37, 40, 44, 52, 53, 60, 61, 71, 74, 77, 78, 79, 80, 81, 82, 83, 86, 87, 88, 89, 90, 91, 92, 93, 94, 95, 96, 98, 99, 112, 115, 116, 117, 118, 119, 120, 121, 122, 123, 124, 125, 126, 127, 128, 129, 130, 131, 132, 133, 134, 135, 136, 137, 138, 141, 142, 143, 145, 146, 196, 210, 264, 270, 302, 322, 339, 377, 445, 484, 500, 522, 558, 657, 660, 663, 664, 665, 666, 667, 668, 669, 670, 671, 672, 675, 678, 679, 680, 681, 682, 683, 684, 685, 686, 687, 688, 689, 690, 691, 692, 693, 694, 695, 696, 697, 698, 699, 700, 701, 703, 704, 752, 755, 756, 757, 758, 759, 760, 761, 762, 763, 764, 765, 767, 768, 787, 790, 791, 792, 793, 794, 795, 796, 797, 798, 799, 800, 801, 802, 803, 804, 805, 806, 807, 808, 809, 810, 811, 812, 813, 814, 815, 816, 817, 818, 819, 820, 823, 826, 827, 828, 829, 830, 831, 832, 833, 835, 836, 954, 969, 994, 1035, 1095, 1168, 1187, 1197, 1209, 1250, 1275, 1310, 1328, 1373, 1568], "summary": {"covered_lines": 192, "num_statements": 192, "percent_covered": 100.0, "percent_covered_display": "100", "missing_lines": 0, "excluded_lines": 0, "percent_statements_covered": 100.0, "percent_statements_covered_display": "100", "num_branches": 0, "num_partial_branches": 0, "covered_branches": 0, "missing_branches": 0, "percent_branches_covered": 100.0, "percent_branches_covered_display": "100"}, "missing_lines": [], "excluded_lines": [], "start_line": 1, "executed_branches": [], "missing_branches": []}}, "classes": {"_FrozenIdentityModel": {"executed_lines": [62, 63, 64, 65, 66, 67, 68], "summary": {"covered_lines": 7, "num_statements": 7, "percent_covered": 100.0, "percent_covered_display": "100", "missing_lines": 0, "excluded_lines": 0, "percent_statements_covered": 100.0, "percent_statements_covered_display": "100", "num_branches": 6, "num_partial_branches": 0, "covered_branches": 6, "missing_branches": 0, "percent_branches_covered": 100.0, "percent_branches_covered_display": "100"}, "missing_lines": [], "excluded_lines": [], "start_line": 52, "executed_branches": [[62, 63], [62, 68], [64, 62], [64, 65], [65, 66], [65, 67]], "missing_branches": []}, "CurrentTeamResolutionRequest": {"executed_lines": [], "summary": {"covered_lines": 0, "num_statements": 0, "percent_covered": 100.0, "percent_covered_display": "100", "missing_lines": 0, "excluded_lines": 0, "percent_statements_covered": 100.0, "percent_statements_covered_display": "100", "num_branches": 0, "num_partial_branches": 0, "covered_branches": 0, "missing_branches": 0, "percent_branches_covered": 100.0, "percent_branches_covered_display": "100"}, "missing_lines": [], "excluded_lines": [], "start_line": 71, "executed_branches": [], "missing_branches": []}, "ResolvedCurrentTeam": {"executed_lines": [100, 101, 109], "summary": {"covered_lines": 3, "num_statements": 4, "percent_covered": 66.66666666666667, "percent_covered_display": "67", "missing_lines": 1, "excluded_lines": 0, "percent_statements_covered": 75.0, "percent_statements_covered_display": "75", "num_branches": 2, "num_partial_branches": 1, "covered_branches": 1, "missing_branches": 1, "percent_branches_covered": 50.0, "percent_branches_covered_display": "50"}, "missing_lines": [108], "excluded_lines": [], "start_line": 86, "executed_branches": [[101, 109]], "missing_branches": [[101, 108]]}, "CurrentTeamIdentityMap": {"executed_lines": [147, 156, 162, 163, 164, 166, 169, 170, 171, 172, 173, 176, 177, 178, 191, 192, 193, 194, 197, 202, 207], "summary": {"covered_lines": 21, "num_statements": 25, "percent_covered": 81.3953488372093, "percent_covered_display": "81", "missing_lines": 4, "excluded_lines": 0, "percent_statements_covered": 84.0, "percent_statements_covered_display": "84", "num_branches": 18, "num_partial_branches": 4, "covered_branches": 14, "missing_branches": 4, "percent_branches_covered": 77.77777777777777, "percent_branches_covered_display": "78"}, "missing_lines": [155, 161, 165, 203], "excluded_lines": [], "start_line": 112, "executed_branches": [[147, 156], [156, 162], [164, 166], [170, 171], [170, 172], [172, 173], [172, 176], [176, 177], [176, 192], [178, 176], [178, 191], [192, 193], [192, 194], [202, 207]], "missing_branches": [[147, 155], [156, 161], [164, 165], [202, 203]]}, "CurrentFixtureResolutionRequest": {"executed_lines": [], "summary": {"covered_lines": 0, "num_statements": 0, "percent_covered": 100.0, "percent_covered_display": "100", "missing_lines": 0, "excluded_lines": 0, "percent_statements_covered": 100.0, "percent_statements_covered_display": "100", "num_branches": 0, "num_partial_branches": 0, "covered_branches": 0, "missing_branches": 0, "percent_branches_covered": 100.0, "percent_branches_covered_display": "100"}, "missing_lines": [], "excluded_lines": [], "start_line": 657, "executed_branches": [], "missing_branches": []}, "ResolvedCurrentFixture": {"executed_lines": [705, 706, 707, 708, 709, 731, 732, 736, 737, 738, 739, 740, 741, 748, 749], "summary": {"covered_lines": 15, "num_statements": 15, "percent_covered": 100.0, "percent_covered_display": "100", "missing_lines": 0, "excluded_lines": 0, "percent_statements_covered": 100.0, "percent_statements_covered_display": "100", "num_branches": 10, "num_partial_branches": 0, "covered_branches": 10, "missing_branches": 0, "percent_branches_covered": 100.0, "percent_branches_covered_display": "100"}, "missing_lines": [], "excluded_lines": [], "start_line": 675, "executed_branches": [[709, 731], [709, 732], [732, 736], [732, 737], [737, 738], [737, 739], [739, 740], [739, 741], [741, 748], [741, 749]], "missing_branches": []}, "CurrentFixtureCoverage": {"executed_lines": [769, 783, 784], "summary": {"covered_lines": 3, "num_statements": 3, "percent_covered": 100.0, "percent_covered_display": "100", "missing_lines": 0, "excluded_lines": 0, "percent_statements_covered": 100.0, "percent_statements_covered_display": "100", "num_branches": 2, "num_partial_branches": 0, "covered_branches": 2, "missing_branches": 0, "percent_branches_covered": 100.0, "percent_branches_covered_display": "100"}, "missing_lines": [], "excluded_lines": [], "start_line": 752, "executed_branches": [[769, 783], [769, 784]], "missing_branches": []}, "FplOddsIdentityMap": {"executed_lines": [837, 844, 845, 850, 852, 853, 856, 857, 862, 863, 877, 878, 895, 898, 899, 900, 902, 904, 905, 909, 911, 912, 913, 914, 915, 938, 939, 940, 948, 949, 950, 951, 952, 955, 960, 961, 966], "summary": {"covered_lines": 37, "num_statements": 45, "percent_covered": 78.66666666666667, "percent_covered_display": "79", "missing_lines": 8, "excluded_lines": 0, "percent_statements_covered": 82.22222222222223, "percent_statements_covered_display": "82", "num_branches": 30, "num_partial_branches": 8, "covered_branches": 22, "missing_branches": 8, "percent_branches_covered": 73.33333333333333, "percent_branches_covered_display": "73"}, "missing_lines": [843, 849, 851, 896, 901, 903, 910, 947], "excluded_lines": [], "start_line": 787, "executed_branches": [[837, 844], [845, 850], [850, 852], [857, 862], [857, 863], [863, 877], [863, 878], [895, 898], [900, 902], [902, 904], [909, 911], [911, 912], [911, 939], [915, 911], [915, 938], [940, 948], [948, 949], [948, 950], [950, 951], [950, 952], [960, 961], [960, 966]], "missing_branches": [[837, 843], [845, 849], [850, 851], [895, 896], [900, 901], [902, 903], [909, 910], [940, 947]]}, "": {"executed_lines": [9, 11, 12, 14, 16, 17, 18, 24, 29, 37, 40, 44, 52, 53, 60, 61, 71, 74, 77, 78, 79, 80, 81, 82, 83, 86, 87, 88, 89, 90, 91, 92, 93, 94, 95, 96, 98, 99, 112, 115, 116, 117, 118, 119, 120, 121, 122, 123, 124, 125, 126, 127, 128, 129, 130, 131, 132, 133, 134, 135, 136, 137, 138, 141, 142, 143, 145, 146, 196, 210, 213, 222, 227, 245, 264, 267, 270, 273, 291, 302, 311, 322, 326, 327, 328, 333, 339, 345, 372, 373, 374, 377, 381, 384, 392, 414, 415, 416, 442, 445, 451, 462, 463, 464, 465, 466, 468, 469, 470, 471, 476, 479, 480, 481, 484, 485, 486, 487, 488, 495, 496, 497, 500, 505, 509, 510, 522, 523, 527, 558, 566, 567, 568, 569, 572, 573, 574, 576, 585, 586, 587, 592, 593, 594, 595, 596, 599, 600, 601, 602, 608, 609, 638, 657, 660, 663, 664, 665, 666, 667, 668, 669, 670, 671, 672, 675, 678, 679, 680, 681, 682, 683, 684, 685, 686, 687, 688, 689, 690, 691, 692, 693, 694, 695, 696, 697, 698, 699, 700, 701, 703, 704, 752, 755, 756, 757, 758, 759, 760, 761, 762, 763, 764, 765, 767, 768, 787, 790, 791, 792, 793, 794, 795, 796, 797, 798, 799, 800, 801, 802, 803, 804, 805, 806, 807, 808, 809, 810, 811, 812, 813, 814, 815, 816, 817, 818, 819, 820, 823, 826, 827, 828, 829, 830, 831, 832, 833, 835, 836, 954, 969, 980, 994, 1002, 1011, 1012, 1030, 1031, 1032, 1035, 1043, 1052, 1053, 1065, 1066, 1081, 1082, 1086, 1087, 1088, 1089, 1092, 1095, 1098, 1103, 1112, 1113, 1114, 1117, 1125, 1126, 1127, 1128, 1129, 1130, 1131, 1147, 1156, 1165, 1168, 1176, 1187, 1188, 1197, 1198, 1209, 1215, 1222, 1223, 1232, 1233, 1234, 1240, 1241, 1246, 1250, 1257, 1264, 1265, 1275, 1283, 1285, 1310, 1311, 1328, 1329, 1333, 1337, 1373, 1383, 1384, 1385, 1386, 1387, 1388, 1389, 1390, 1398, 1406, 1408, 1409, 1410, 1418, 1419, 1421, 1422, 1426, 1427, 1428, 1436, 1437, 1445, 1446, 1454, 1455, 1456, 1457, 1458, 1460, 1461, 1462, 1463, 1473, 1474, 1475, 1476, 1477, 1478, 1479, 1486, 1487, 1495, 1497, 1498, 1510, 1511, 1519, 1561, 1562, 1563, 1564, 1565, 1568], "summary": {"covered_lines": 373, "num_statements": 391, "percent_covered": 93.4020618556701, "percent_covered_display": "93", "missing_lines": 18, "excluded_lines": 0, "percent_statements_covered": 95.39641943734016, "percent_statements_covered_display": "95", "num_branches": 94, "num_partial_branches": 14, "covered_branches": 80, "missing_branches": 14, "percent_branches_covered": 85.1063829787234, "percent_branches_covered_display": "85"}, "missing_lines": [329, 330, 334, 461, 467, 494, 570, 571, 606, 1080, 1104, 1144, 1148, 1157, 1247, 1272, 1284, 1464], "excluded_lines": [], "start_line": 1, "executed_branches": [[333, -322], [372, -339], [372, 373], [373, 372], [373, 374], [392, 414], [392, 415], [416, -377], [416, 442], [451, 462], [464, 465], [464, 466], [466, 468], [469, 470], [469, 471], [476, 479], [476, 480], [487, 488], [487, 497], [488, 495], [505, 509], [505, 510], [586, 587], [586, 592], [593, 594], [593, 600], [595, 596], [595, 599], [601, 602], [601, 608], [602, 601], [1030, -994], [1030, 1031], [1031, 1030], [1031, 1032], [1053, 1065], [1053, 1066], [1066, 1081], [1086, 1087], [1086, 1088], [1088, 1089], [1088, 1092], [1103, 1112], [1114, 1117], [1114, 1125], [1127, 1128], [1127, 1165], [1131, 1147], [1147, 1156], [1156, 1127], [1222, 1223], [1222, 1232], [1232, 1233], [1232, 1234], [1234, 1240], [1234, 1241], [1241, 1246], [1257, 1264], [1257, 1265], [1265, -1250], [1283, 1285], [1409, 1410], [1409, 1418], [1422, 1426], [1422, 1460], [1427, 1428], [1427, 1436], [1436, 1437], [1436, 1445], [1445, 1446], [1445, 1454], [1463, 1473], [1474, 1475], [1474, 1497], [1475, 1476], [1475, 1477], [1486, 1487], [1486, 1495], [1497, 1498], [1497, 1510]], "missing_branches": [[333, 334], [451, 461], [466, 467], [488, 494], [602, 606], [1066, 1080], [1103, 1104], [1131, 1144], [1147, 1148], [1156, 1157], [1241, 1247], [1265, 1272], [1283, 1284], [1463, 1464]]}}}, "src\\dmf_pulse\\ingestion\\odds\\mapping.py": {"executed_lines": [3, 5, 6, 7, 8, 10, 12, 13, 14, 15, 18, 19, 22, 23, 24, 25, 26, 29, 30, 31, 32, 33, 34, 35, 36, 38, 39, 40, 41, 43, 46, 47, 48, 49, 50, 51, 54, 55, 56, 57, 58, 59, 60, 61, 62, 63, 64, 66, 67, 68, 69, 71, 73, 74, 75, 76, 77, 78, 80, 81, 82, 83, 84, 87, 88, 92, 94, 95, 96, 98, 99, 102, 103, 106, 108, 109, 110, 111, 114, 117, 119, 122, 125, 130, 131, 138, 139, 140, 141, 142, 143, 145, 146, 149, 150, 151, 152, 153, 159, 166, 167, 178, 181, 182, 183, 184, 185, 186, 187, 188, 189, 190, 191, 192, 194, 195, 196, 197, 199, 200, 201, 207, 209, 210, 211, 214, 217, 220, 221, 222, 225, 226, 227, 228, 229, 230, 231, 232, 233, 235, 236, 237, 238, 240, 241, 242, 243, 244, 248, 249, 250, 251, 252, 253, 262, 263, 265, 266, 267, 268, 272, 274, 275, 280, 285, 288, 291, 292, 293, 294, 295, 296, 297, 298, 299, 300, 301, 302, 303, 304, 305, 306, 307, 309, 310, 311, 312, 314, 315, 316, 317, 319, 320, 321, 327, 333, 339, 341, 343, 344, 345, 348, 351, 352, 353, 354, 357, 358, 359, 360, 361, 362, 363, 364, 365, 366, 367, 368, 369, 370, 371, 373, 374, 375, 376, 378, 379, 380, 381, 382, 386, 387, 388, 389, 390, 392, 393, 403, 404, 406, 407, 408, 409, 413, 415, 433, 434, 435, 436, 438, 439, 442, 443, 444, 445, 446, 447], "summary": {"covered_lines": 257, "num_statements": 276, "percent_covered": 89.05325443786982, "percent_covered_display": "89", "missing_lines": 19, "excluded_lines": 0, "percent_statements_covered": 93.1159420289855, "percent_statements_covered_display": "93", "num_branches": 62, "num_partial_branches": 12, "covered_branches": 44, "missing_branches": 18, "percent_branches_covered": 70.96774193548387, "percent_branches_covered_display": "71"}, "missing_lines": [42, 70, 79, 89, 90, 91, 144, 154, 155, 156, 175, 281, 340, 391, 416, 421, 422, 430, 437], "excluded_lines": [], "executed_branches": [[41, 43], [69, 71], [78, 80], [80, 81], [80, 82], [82, 83], [82, 84], [87, 88], [88, 92], [102, 103], [102, 106], [110, 111], [110, 114], [140, 141], [140, 146], [142, 140], [142, 143], [143, 145], [150, 151], [151, 152], [151, 153], [167, -159], [248, 249], [248, 250], [250, 251], [250, 252], [252, 253], [252, 263], [253, 252], [253, 262], [280, 285], [339, 341], [386, 387], [386, 388], [388, 389], [388, 390], [390, 392], [392, 393], [392, 404], [393, 392], [393, 403], [435, 436], [435, 439], [436, 438]], "missing_branches": [[41, 42], [69, 70], [78, 79], [87, 90], [88, 89], [90, 91], [90, 92], [143, 144], [150, 154], [154, 155], [154, 156], [167, 175], [280, 281], [339, 340], [390, 391], [421, 422], [421, 430], [436, 437]], "functions": {"FixtureMapping.parse_time": {"executed_lines": [41, 43], "summary": {"covered_lines": 2, "num_statements": 3, "percent_covered": 60.0, "percent_covered_display": "60", "missing_lines": 1, "excluded_lines": 0, "percent_statements_covered": 66.66666666666667, "percent_statements_covered_display": "67", "num_branches": 2, "num_partial_branches": 1, "covered_branches": 1, "missing_branches": 1, "percent_branches_covered": 50.0, "percent_branches_covered_display": "50"}, "missing_lines": [42], "excluded_lines": [], "start_line": 40, "executed_branches": [[41, 43]], "missing_branches": [[41, 42]]}, "OddsMappingPlan.parse_approved_at": {"executed_lines": [69, 71], "summary": {"covered_lines": 2, "num_statements": 3, "percent_covered": 60.0, "percent_covered_display": "60", "missing_lines": 1, "excluded_lines": 0, "percent_statements_covered": 66.66666666666667, "percent_statements_covered_display": "67", "num_branches": 2, "num_partial_branches": 1, "covered_branches": 1, "missing_branches": 1, "percent_branches_covered": 50.0, "percent_branches_covered_display": "50"}, "missing_lines": [70], "excluded_lines": [], "start_line": 68, "executed_branches": [[69, 71]], "missing_branches": [[69, 70]]}, "OddsMappingPlan.validate_unique_explicit_mappings": {"executed_lines": [75, 76, 77, 78, 80, 81, 82, 83, 84, 87, 88, 92], "summary": {"covered_lines": 12, "num_statements": 16, "percent_covered": 67.85714285714286, "percent_covered_display": "68", "missing_lines": 4, "excluded_lines": 0, "percent_statements_covered": 75.0, "percent_statements_covered_display": "75", "num_branches": 12, "num_partial_branches": 3, "covered_branches": 7, "missing_branches": 5, "percent_branches_covered": 58.333333333333336, "percent_branches_covered_display": "58"}, "missing_lines": [79, 89, 90, 91], "excluded_lines": [], "start_line": 74, "executed_branches": [[78, 80], [80, 81], [80, 82], [82, 83], [82, 84], [87, 88], [88, 92]], "missing_branches": [[78, 79], [87, 90], [88, 89], [90, 91], [90, 92]]}, "OddsMappingPlan.sha256": {"executed_lines": [96], "summary": {"covered_lines": 1, "num_statements": 1, "percent_covered": 100.0, "percent_covered_display": "100", "missing_lines": 0, "excluded_lines": 0, "percent_statements_covered": 100.0, "percent_statements_covered_display": "100", "num_branches": 0, "num_partial_branches": 0, "covered_branches": 0, "missing_branches": 0, "percent_branches_covered": 100.0, "percent_branches_covered_display": "100"}, "missing_lines": [], "excluded_lines": [], "start_line": 95, "executed_branches": [], "missing_branches": []}, "OddsMappingPlan.fixture": {"executed_lines": [99, 102, 103, 106], "summary": {"covered_lines": 4, "num_statements": 4, "percent_covered": 100.0, "percent_covered_display": "100", "missing_lines": 0, "excluded_lines": 0, "percent_statements_covered": 100.0, "percent_statements_covered_display": "100", "num_branches": 2, "num_partial_branches": 0, "covered_branches": 2, "missing_branches": 0, "percent_branches_covered": 100.0, "percent_branches_covered_display": "100"}, "missing_lines": [], "excluded_lines": [], "start_line": 98, "executed_branches": [[102, 103], [102, 106]], "missing_branches": []}, "OddsMappingPlan.operator": {"executed_lines": [109, 110, 111, 114], "summary": {"covered_lines": 4, "num_statements": 4, "percent_covered": 100.0, "percent_covered_display": "100", "missing_lines": 0, "excluded_lines": 0, "percent_statements_covered": 100.0, "percent_statements_covered_display": "100", "num_branches": 2, "num_partial_branches": 0, "covered_branches": 2, "missing_branches": 0, "percent_branches_covered": 100.0, "percent_branches_covered_display": "100"}, "missing_lines": [], "excluded_lines": [], "start_line": 108, "executed_branches": [[110, 111], [110, 114]], "missing_branches": []}, "_FrozenCurrentMapping.normalize_datetimes": {"executed_lines": [140, 141, 142, 143, 145, 146], "summary": {"covered_lines": 6, "num_statements": 7, "percent_covered": 84.61538461538461, "percent_covered_display": "85", "missing_lines": 1, "excluded_lines": 0, "percent_statements_covered": 85.71428571428571, "percent_statements_covered_display": "86", "num_branches": 6, "num_partial_branches": 1, "covered_branches": 5, "missing_branches": 1, "percent_branches_covered": 83.33333333333333, "percent_branches_covered_display": "83"}, "missing_lines": [144], "excluded_lines": [], "start_line": 139, "executed_branches": [[140, 141], [140, 146], [142, 140], [142, 143], [143, 145]], "missing_branches": [[143, 144]]}, "_parse_current_mapping_time": {"executed_lines": [150, 151, 152, 153], "summary": {"covered_lines": 4, "num_statements": 7, "percent_covered": 53.84615384615385, "percent_covered_display": "54", "missing_lines": 3, "excluded_lines": 0, "percent_statements_covered": 57.142857142857146, "percent_statements_covered_display": "57", "num_branches": 6, "num_partial_branches": 1, "covered_branches": 3, "missing_branches": 3, "percent_branches_covered": 50.0, "percent_branches_covered_display": "50"}, "missing_lines": [154, 155, 156], "excluded_lines": [], "start_line": 149, "executed_branches": [[150, 151], [151, 152], [151, 153]], "missing_branches": [[150, 154], [154, 155], [154, 156]]}, "_validate_current_identity": {"executed_lines": [166, 167], "summary": {"covered_lines": 2, "num_statements": 3, "percent_covered": 60.0, "percent_covered_display": "60", "missing_lines": 1, "excluded_lines": 0, "percent_statements_covered": 66.66666666666667, "percent_statements_covered_display": "67", "num_branches": 2, "num_partial_branches": 1, "covered_branches": 1, "missing_branches": 1, "percent_branches_covered": 50.0, "percent_branches_covered_display": "50"}, "missing_lines": [175], "excluded_lines": [], "start_line": 159, "executed_branches": [[167, -159]], "missing_branches": [[167, 175]]}, "CurrentTeamAliasMapping.parse_approved_at": {"executed_lines": [197], "summary": {"covered_lines": 1, "num_statements": 1, "percent_covered": 100.0, "percent_covered_display": "100", "missing_lines": 0, "excluded_lines": 0, "percent_statements_covered": 100.0, "percent_statements_covered_display": "100", "num_branches": 0, "num_partial_branches": 0, "covered_branches": 0, "missing_branches": 0, "percent_branches_covered": 100.0, "percent_branches_covered_display": "100"}, "missing_lines": [], "excluded_lines": [], "start_line": 196, "executed_branches": [], "missing_branches": []}, "CurrentTeamAliasMapping.validate_identity": {"executed_lines": [201, 207], "summary": {"covered_lines": 2, "num_statements": 2, "percent_covered": 100.0, "percent_covered_display": "100", "missing_lines": 0, "excluded_lines": 0, "percent_statements_covered": 100.0, "percent_statements_covered_display": "100", "num_branches": 0, "num_partial_branches": 0, "covered_branches": 0, "missing_branches": 0, "percent_branches_covered": 100.0, "percent_branches_covered_display": "100"}, "missing_lines": [], "excluded_lines": [], "start_line": 200, "executed_branches": [], "missing_branches": []}, "CurrentTeamAliasMapping.sha256": {"executed_lines": [211], "summary": {"covered_lines": 1, "num_statements": 1, "percent_covered": 100.0, "percent_covered_display": "100", "missing_lines": 0, "excluded_lines": 0, "percent_statements_covered": 100.0, "percent_statements_covered_display": "100", "num_branches": 0, "num_partial_branches": 0, "covered_branches": 0, "missing_branches": 0, "percent_branches_covered": 100.0, "percent_branches_covered_display": "100"}, "missing_lines": [], "excluded_lines": [], "start_line": 210, "executed_branches": [], "missing_branches": []}, "CurrentTeamAliasPlan.parse_approved_at": {"executed_lines": [238], "summary": {"covered_lines": 1, "num_statements": 1, "percent_covered": 100.0, "percent_covered_display": "100", "missing_lines": 0, "excluded_lines": 0, "percent_statements_covered": 100.0, "percent_statements_covered_display": "100", "num_branches": 0, "num_partial_branches": 0, "covered_branches": 0, "missing_branches": 0, "percent_branches_covered": 100.0, "percent_branches_covered_display": "100"}, "missing_lines": [], "excluded_lines": [], "start_line": 237, "executed_branches": [], "missing_branches": []}, "CurrentTeamAliasPlan.validate_current_scope": {"executed_lines": [242, 243, 244, 248, 249, 250, 251, 252, 253, 262, 263], "summary": {"covered_lines": 11, "num_statements": 11, "percent_covered": 100.0, "percent_covered_display": "100", "missing_lines": 0, "excluded_lines": 0, "percent_statements_covered": 100.0, "percent_statements_covered_display": "100", "num_branches": 8, "num_partial_branches": 0, "covered_branches": 8, "missing_branches": 0, "percent_branches_covered": 100.0, "percent_branches_covered_display": "100"}, "missing_lines": [], "excluded_lines": [], "start_line": 241, "executed_branches": [[248, 249], [248, 250], [250, 251], [250, 252], [252, 253], [252, 263], [253, 252], [253, 262]], "missing_branches": []}, "CurrentTeamAliasPlan.sha256": {"executed_lines": [267, 268, 272], "summary": {"covered_lines": 3, "num_statements": 3, "percent_covered": 100.0, "percent_covered_display": "100", "missing_lines": 0, "excluded_lines": 0, "percent_statements_covered": 100.0, "percent_statements_covered_display": "100", "num_branches": 0, "num_partial_branches": 0, "covered_branches": 0, "missing_branches": 0, "percent_branches_covered": 100.0, "percent_branches_covered_display": "100"}, "missing_lines": [], "excluded_lines": [], "start_line": 266, "executed_branches": [], "missing_branches": []}, "CurrentTeamAliasPlan.team": {"executed_lines": [275, 280, 285], "summary": {"covered_lines": 3, "num_statements": 4, "percent_covered": 66.66666666666667, "percent_covered_display": "67", "missing_lines": 1, "excluded_lines": 0, "percent_statements_covered": 75.0, "percent_statements_covered_display": "75", "num_branches": 2, "num_partial_branches": 1, "covered_branches": 1, "missing_branches": 1, "percent_branches_covered": 50.0, "percent_branches_covered_display": "50"}, "missing_lines": [281], "excluded_lines": [], "start_line": 274, "executed_branches": [[280, 285]], "missing_branches": [[280, 281]]}, "CurrentFixtureBinding.parse_expected_commence_time": {"executed_lines": [312], "summary": {"covered_lines": 1, "num_statements": 1, "percent_covered": 100.0, "percent_covered_display": "100", "missing_lines": 0, "excluded_lines": 0, "percent_statements_covered": 100.0, "percent_statements_covered_display": "100", "num_branches": 0, "num_partial_branches": 0, "covered_branches": 0, "missing_branches": 0, "percent_branches_covered": 100.0, "percent_branches_covered_display": "100"}, "missing_lines": [], "excluded_lines": [], "start_line": 311, "executed_branches": [], "missing_branches": []}, "CurrentFixtureBinding.parse_approved_at": {"executed_lines": [317], "summary": {"covered_lines": 1, "num_statements": 1, "percent_covered": 100.0, "percent_covered_display": "100", "missing_lines": 0, "excluded_lines": 0, "percent_statements_covered": 100.0, "percent_statements_covered_display": "100", "num_branches": 0, "num_partial_branches": 0, "covered_branches": 0, "missing_branches": 0, "percent_branches_covered": 100.0, "percent_branches_covered_display": "100"}, "missing_lines": [], "excluded_lines": [], "start_line": 316, "executed_branches": [], "missing_branches": []}, "CurrentFixtureBinding.validate_identities": {"executed_lines": [321, 327, 333, 339, 341], "summary": {"covered_lines": 5, "num_statements": 6, "percent_covered": 75.0, "percent_covered_display": "75", "missing_lines": 1, "excluded_lines": 0, "percent_statements_covered": 83.33333333333333, "percent_statements_covered_display": "83", "num_branches": 2, "num_partial_branches": 1, "covered_branches": 1, "missing_branches": 1, "percent_branches_covered": 50.0, "percent_branches_covered_display": "50"}, "missing_lines": [340], "excluded_lines": [], "start_line": 320, "executed_branches": [[339, 341]], "missing_branches": [[339, 340]]}, "CurrentFixtureBinding.sha256": {"executed_lines": [345], "summary": {"covered_lines": 1, "num_statements": 1, "percent_covered": 100.0, "percent_covered_display": "100", "missing_lines": 0, "excluded_lines": 0, "percent_statements_covered": 100.0, "percent_statements_covered_display": "100", "num_branches": 0, "num_partial_branches": 0, "covered_branches": 0, "missing_branches": 0, "percent_branches_covered": 100.0, "percent_branches_covered_display": "100"}, "missing_lines": [], "excluded_lines": [], "start_line": 344, "executed_branches": [], "missing_branches": []}, "CurrentFixtureMappingPlan.parse_approved_at": {"executed_lines": [376], "summary": {"covered_lines": 1, "num_statements": 1, "percent_covered": 100.0, "percent_covered_display": "100", "missing_lines": 0, "excluded_lines": 0, "percent_statements_covered": 100.0, "percent_statements_covered_display": "100", "num_branches": 0, "num_partial_branches": 0, "covered_branches": 0, "missing_branches": 0, "percent_branches_covered": 100.0, "percent_branches_covered_display": "100"}, "missing_lines": [], "excluded_lines": [], "start_line": 375, "executed_branches": [], "missing_branches": []}, "CurrentFixtureMappingPlan.validate_current_scope": {"executed_lines": [380, 381, 382, 386, 387, 388, 389, 390, 392, 393, 403, 404], "summary": {"covered_lines": 12, "num_statements": 13, "percent_covered": 91.30434782608695, "percent_covered_display": "91", "missing_lines": 1, "excluded_lines": 0, "percent_statements_covered": 92.3076923076923, "percent_statements_covered_display": "92", "num_branches": 10, "num_partial_branches": 1, "covered_branches": 9, "missing_branches": 1, "percent_branches_covered": 90.0, "percent_branches_covered_display": "90"}, "missing_lines": [391], "excluded_lines": [], "start_line": 379, "executed_branches": [[386, 387], [386, 388], [388, 389], [388, 390], [390, 392], [392, 393], [392, 404], [393, 392], [393, 403]], "missing_branches": [[390, 391]]}, "CurrentFixtureMappingPlan.sha256": {"executed_lines": [408, 409, 413], "summary": {"covered_lines": 3, "num_statements": 3, "percent_covered": 100.0, "percent_covered_display": "100", "missing_lines": 0, "excluded_lines": 0, "percent_statements_covered": 100.0, "percent_statements_covered_display": "100", "num_branches": 0, "num_partial_branches": 0, "covered_branches": 0, "missing_branches": 0, "percent_branches_covered": 100.0, "percent_branches_covered_display": "100"}, "missing_lines": [], "excluded_lines": [], "start_line": 407, "executed_branches": [], "missing_branches": []}, "CurrentFixtureMappingPlan.fixture": {"executed_lines": [], "summary": {"covered_lines": 0, "num_statements": 4, "percent_covered": 0.0, "percent_covered_display": "0", "missing_lines": 4, "excluded_lines": 0, "percent_statements_covered": 0.0, "percent_statements_covered_display": "0", "num_branches": 2, "num_partial_branches": 0, "covered_branches": 0, "missing_branches": 2, "percent_branches_covered": 0.0, "percent_branches_covered_display": "0"}, "missing_lines": [416, 421, 422, 430], "excluded_lines": [], "start_line": 415, "executed_branches": [], "missing_branches": [[421, 422], [421, 430]]}, "_strict_object": {"executed_lines": [434, 435, 436, 438, 439], "summary": {"covered_lines": 5, "num_statements": 6, "percent_covered": 80.0, "percent_covered_display": "80", "missing_lines": 1, "excluded_lines": 0, "percent_statements_covered": 83.33333333333333, "percent_statements_covered_display": "83", "num_branches": 4, "num_partial_branches": 1, "covered_branches": 3, "missing_branches": 1, "percent_branches_covered": 75.0, "percent_branches_covered_display": "75"}, "missing_lines": [437], "excluded_lines": [], "start_line": 433, "executed_branches": [[435, 436], [435, 439], [436, 438]], "missing_branches": [[436, 437]]}, "load_mapping_plan": {"executed_lines": [443, 444, 445, 446, 447], "summary": {"covered_lines": 5, "num_statements": 5, "percent_covered": 100.0, "percent_covered_display": "100", "missing_lines": 0, "excluded_lines": 0, "percent_statements_covered": 100.0, "percent_statements_covered_display": "100", "num_branches": 0, "num_partial_branches": 0, "covered_branches": 0, "missing_branches": 0, "percent_branches_covered": 100.0, "percent_branches_covered_display": "100"}, "missing_lines": [], "excluded_lines": [], "start_line": 442, "executed_branches": [], "missing_branches": []}, "": {"executed_lines": [3, 5, 6, 7, 8, 10, 12, 13, 14, 15, 18, 19, 22, 23, 24, 25, 26, 29, 30, 31, 32, 33, 34, 35, 36, 38, 39, 40, 46, 47, 48, 49, 50, 51, 54, 55, 56, 57, 58, 59, 60, 61, 62, 63, 64, 66, 67, 68, 73, 74, 94, 95, 98, 108, 117, 119, 122, 125, 130, 131, 138, 139, 149, 159, 178, 181, 182, 183, 184, 185, 186, 187, 188, 189, 190, 191, 192, 194, 195, 196, 199, 200, 209, 210, 214, 217, 220, 221, 222, 225, 226, 227, 228, 229, 230, 231, 232, 233, 235, 236, 237, 240, 241, 265, 266, 274, 288, 291, 292, 293, 294, 295, 296, 297, 298, 299, 300, 301, 302, 303, 304, 305, 306, 307, 309, 310, 311, 314, 315, 316, 319, 320, 343, 344, 348, 351, 352, 353, 354, 357, 358, 359, 360, 361, 362, 363, 364, 365, 366, 367, 368, 369, 370, 371, 373, 374, 375, 378, 379, 406, 407, 415, 433, 442], "summary": {"covered_lines": 164, "num_statements": 164, "percent_covered": 100.0, "percent_covered_display": "100", "missing_lines": 0, "excluded_lines": 0, "percent_statements_covered": 100.0, "percent_statements_covered_display": "100", "num_branches": 0, "num_partial_branches": 0, "covered_branches": 0, "missing_branches": 0, "percent_branches_covered": 100.0, "percent_branches_covered_display": "100"}, "missing_lines": [], "excluded_lines": [], "start_line": 1, "executed_branches": [], "missing_branches": []}}, "classes": {"_FrozenMapping": {"executed_lines": [], "summary": {"covered_lines": 0, "num_statements": 0, "percent_covered": 100.0, "percent_covered_display": "100", "missing_lines": 0, "excluded_lines": 0, "percent_statements_covered": 100.0, "percent_statements_covered_display": "100", "num_branches": 0, "num_partial_branches": 0, "covered_branches": 0, "missing_branches": 0, "percent_branches_covered": 100.0, "percent_branches_covered_display": "100"}, "missing_lines": [], "excluded_lines": [], "start_line": 18, "executed_branches": [], "missing_branches": []}, "CanonicalFixtureLookup": {"executed_lines": [], "summary": {"covered_lines": 0, "num_statements": 0, "percent_covered": 100.0, "percent_covered_display": "100", "missing_lines": 0, "excluded_lines": 0, "percent_statements_covered": 100.0, "percent_statements_covered_display": "100", "num_branches": 0, "num_partial_branches": 0, "covered_branches": 0, "missing_branches": 0, "percent_branches_covered": 100.0, "percent_branches_covered_display": "100"}, "missing_lines": [], "excluded_lines": [], "start_line": 22, "executed_branches": [], "missing_branches": []}, "FixtureMapping": {"executed_lines": [41, 43], "summary": {"covered_lines": 2, "num_statements": 3, "percent_covered": 60.0, "percent_covered_display": "60", "missing_lines": 1, "excluded_lines": 0, "percent_statements_covered": 66.66666666666667, "percent_statements_covered_display": "67", "num_branches": 2, "num_partial_branches": 1, "covered_branches": 1, "missing_branches": 1, "percent_branches_covered": 50.0, "percent_branches_covered_display": "50"}, "missing_lines": [42], "excluded_lines": [], "start_line": 29, "executed_branches": [[41, 43]], "missing_branches": [[41, 42]]}, "OperatorMapping": {"executed_lines": [], "summary": {"covered_lines": 0, "num_statements": 0, "percent_covered": 100.0, "percent_covered_display": "100", "missing_lines": 0, "excluded_lines": 0, "percent_statements_covered": 100.0, "percent_statements_covered_display": "100", "num_branches": 0, "num_partial_branches": 0, "covered_branches": 0, "missing_branches": 0, "percent_branches_covered": 100.0, "percent_branches_covered_display": "100"}, "missing_lines": [], "excluded_lines": [], "start_line": 46, "executed_branches": [], "missing_branches": []}, "OddsMappingPlan": {"executed_lines": [69, 71, 75, 76, 77, 78, 80, 81, 82, 83, 84, 87, 88, 92, 96, 99, 102, 103, 106, 109, 110, 111, 114], "summary": {"covered_lines": 23, "num_statements": 28, "percent_covered": 76.08695652173913, "percent_covered_display": "76", "missing_lines": 5, "excluded_lines": 0, "percent_statements_covered": 82.14285714285714, "percent_statements_covered_display": "82", "num_branches": 18, "num_partial_branches": 4, "covered_branches": 12, "missing_branches": 6, "percent_branches_covered": 66.66666666666667, "percent_branches_covered_display": "67"}, "missing_lines": [70, 79, 89, 90, 91], "excluded_lines": [], "start_line": 54, "executed_branches": [[69, 71], [78, 80], [80, 81], [80, 82], [82, 83], [82, 84], [87, 88], [88, 92], [102, 103], [102, 106], [110, 111], [110, 114]], "missing_branches": [[69, 70], [78, 79], [87, 90], [88, 89], [90, 91], [90, 92]]}, "_FrozenCurrentMapping": {"executed_lines": [140, 141, 142, 143, 145, 146], "summary": {"covered_lines": 6, "num_statements": 7, "percent_covered": 84.61538461538461, "percent_covered_display": "85", "missing_lines": 1, "excluded_lines": 0, "percent_statements_covered": 85.71428571428571, "percent_statements_covered_display": "86", "num_branches": 6, "num_partial_branches": 1, "covered_branches": 5, "missing_branches": 1, "percent_branches_covered": 83.33333333333333, "percent_branches_covered_display": "83"}, "missing_lines": [144], "excluded_lines": [], "start_line": 130, "executed_branches": [[140, 141], [140, 146], [142, 140], [142, 143], [143, 145]], "missing_branches": [[143, 144]]}, "CurrentTeamAliasMapping": {"executed_lines": [197, 201, 207, 211], "summary": {"covered_lines": 4, "num_statements": 4, "percent_covered": 100.0, "percent_covered_display": "100", "missing_lines": 0, "excluded_lines": 0, "percent_statements_covered": 100.0, "percent_statements_covered_display": "100", "num_branches": 0, "num_partial_branches": 0, "covered_branches": 0, "missing_branches": 0, "percent_branches_covered": 100.0, "percent_branches_covered_display": "100"}, "missing_lines": [], "excluded_lines": [], "start_line": 178, "executed_branches": [], "missing_branches": []}, "CurrentTeamAliasPlan": {"executed_lines": [238, 242, 243, 244, 248, 249, 250, 251, 252, 253, 262, 263, 267, 268, 272, 275, 280, 285], "summary": {"covered_lines": 18, "num_statements": 19, "percent_covered": 93.10344827586206, "percent_covered_display": "93", "missing_lines": 1, "excluded_lines": 0, "percent_statements_covered": 94.73684210526316, "percent_statements_covered_display": "95", "num_branches": 10, "num_partial_branches": 1, "covered_branches": 9, "missing_branches": 1, "percent_branches_covered": 90.0, "percent_branches_covered_display": "90"}, "missing_lines": [281], "excluded_lines": [], "start_line": 214, "executed_branches": [[248, 249], [248, 250], [250, 251], [250, 252], [252, 253], [252, 263], [253, 252], [253, 262], [280, 285]], "missing_branches": [[280, 281]]}, "CurrentFixtureBinding": {"executed_lines": [312, 317, 321, 327, 333, 339, 341, 345], "summary": {"covered_lines": 8, "num_statements": 9, "percent_covered": 81.81818181818181, "percent_covered_display": "82", "missing_lines": 1, "excluded_lines": 0, "percent_statements_covered": 88.88888888888889, "percent_statements_covered_display": "89", "num_branches": 2, "num_partial_branches": 1, "covered_branches": 1, "missing_branches": 1, "percent_branches_covered": 50.0, "percent_branches_covered_display": "50"}, "missing_lines": [340], "excluded_lines": [], "start_line": 288, "executed_branches": [[339, 341]], "missing_branches": [[339, 340]]}, "CurrentFixtureMappingPlan": {"executed_lines": [376, 380, 381, 382, 386, 387, 388, 389, 390, 392, 393, 403, 404, 408, 409, 413], "summary": {"covered_lines": 16, "num_statements": 21, "percent_covered": 75.75757575757575, "percent_covered_display": "76", "missing_lines": 5, "excluded_lines": 0, "percent_statements_covered": 76.19047619047619, "percent_statements_covered_display": "76", "num_branches": 12, "num_partial_branches": 1, "covered_branches": 9, "missing_branches": 3, "percent_branches_covered": 75.0, "percent_branches_covered_display": "75"}, "missing_lines": [391, 416, 421, 422, 430], "excluded_lines": [], "start_line": 348, "executed_branches": [[386, 387], [386, 388], [388, 389], [388, 390], [390, 392], [392, 393], [392, 404], [393, 392], [393, 403]], "missing_branches": [[390, 391], [421, 422], [421, 430]]}, "": {"executed_lines": [3, 5, 6, 7, 8, 10, 12, 13, 14, 15, 18, 19, 22, 23, 24, 25, 26, 29, 30, 31, 32, 33, 34, 35, 36, 38, 39, 40, 46, 47, 48, 49, 50, 51, 54, 55, 56, 57, 58, 59, 60, 61, 62, 63, 64, 66, 67, 68, 73, 74, 94, 95, 98, 108, 117, 119, 122, 125, 130, 131, 138, 139, 149, 150, 151, 152, 153, 159, 166, 167, 178, 181, 182, 183, 184, 185, 186, 187, 188, 189, 190, 191, 192, 194, 195, 196, 199, 200, 209, 210, 214, 217, 220, 221, 222, 225, 226, 227, 228, 229, 230, 231, 232, 233, 235, 236, 237, 240, 241, 265, 266, 274, 288, 291, 292, 293, 294, 295, 296, 297, 298, 299, 300, 301, 302, 303, 304, 305, 306, 307, 309, 310, 311, 314, 315, 316, 319, 320, 343, 344, 348, 351, 352, 353, 354, 357, 358, 359, 360, 361, 362, 363, 364, 365, 366, 367, 368, 369, 370, 371, 373, 374, 375, 378, 379, 406, 407, 415, 433, 434, 435, 436, 438, 439, 442, 443, 444, 445, 446, 447], "summary": {"covered_lines": 180, "num_statements": 185, "percent_covered": 94.9238578680203, "percent_covered_display": "95", "missing_lines": 5, "excluded_lines": 0, "percent_statements_covered": 97.29729729729729, "percent_statements_covered_display": "97", "num_branches": 12, "num_partial_branches": 3, "covered_branches": 7, "missing_branches": 5, "percent_branches_covered": 58.333333333333336, "percent_branches_covered_display": "58"}, "missing_lines": [154, 155, 156, 175, 437], "excluded_lines": [], "start_line": 1, "executed_branches": [[150, 151], [151, 152], [151, 153], [167, -159], [435, 436], [435, 439], [436, 438]], "missing_branches": [[150, 154], [154, 155], [154, 156], [167, 175], [436, 437]]}}}}, "totals": {"covered_lines": 716, "num_statements": 766, "percent_covered": 90.4040404040404, "percent_covered_display": "90", "missing_lines": 50, "excluded_lines": 0, "percent_statements_covered": 93.47258485639686, "percent_statements_covered_display": "93", "num_branches": 224, "num_partial_branches": 39, "covered_branches": 179, "missing_branches": 45, "percent_branches_covered": 79.91071428571429, "percent_branches_covered_display": "80"}}