{"meta": {"format": 3, "version": "7.15.2", "timestamp": "2026-08-16T22:05:11.402107", "branch_coverage": true, "show_contexts": false}, "files": {"src\\dmf_pulse\\optimisation\\__init__.py": {"executed_lines": [], "summary": {"covered_lines": 0, "num_statements": 0, "percent_covered": 100.0, "percent_covered_display": "100", "missing_lines": 0, "excluded_lines": 0, "percent_statements_covered": 100.0, "percent_statements_covered_display": "100", "num_branches": 0, "num_partial_branches": 0, "covered_branches": 0, "missing_branches": 0, "percent_branches_covered": 100.0, "percent_branches_covered_display": "100"}, "missing_lines": [], "excluded_lines": [], "executed_branches": [], "missing_branches": [], "functions": {"": {"executed_lines": [], "summary": {"covered_lines": 0, "num_statements": 0, "percent_covered": 100.0, "percent_covered_display": "100", "missing_lines": 0, "excluded_lines": 0, "percent_statements_covered": 100.0, "percent_statements_covered_display": "100", "num_branches": 0, "num_partial_branches": 0, "covered_branches": 0, "missing_branches": 0, "percent_branches_covered": 100.0, "percent_branches_covered_display": "100"}, "missing_lines": [], "excluded_lines": [], "start_line": 1, "executed_branches": [], "missing_branches": []}}, "classes": {"": {"executed_lines": [], "summary": {"covered_lines": 0, "num_statements": 0, "percent_covered": 100.0, "percent_covered_display": "100", "missing_lines": 0, "excluded_lines": 0, "percent_statements_covered": 100.0, "percent_statements_covered_display": "100", "num_branches": 0, "num_partial_branches": 0, "covered_branches": 0, "missing_branches": 0, "percent_branches_covered": 100.0, "percent_branches_covered_display": "100"}, "missing_lines": [], "excluded_lines": [], "start_line": 1, "executed_branches": [], "missing_branches": []}}}, "src\\dmf_pulse\\optimisation\\artifacts.py": {"executed_lines": [3, 5, 6, 7, 8, 10, 12, 13, 15, 23, 24, 25, 26, 29, 30, 34, 35, 36, 37, 38, 39, 42, 43, 44, 49, 52, 53, 54, 55, 56, 59, 60, 61, 62, 65, 68, 69, 70, 71, 72, 75, 76, 77, 78, 81, 82, 83, 86, 87, 94, 97, 100, 101, 102, 105, 106, 107, 114, 115, 116, 117, 120, 123, 124, 125, 126, 127, 128, 131, 132, 135, 136, 137, 138, 139, 140, 141, 142, 143, 144, 145, 146, 147, 148, 149, 150, 154, 155, 158, 159, 161, 162, 165, 174, 175, 176, 177, 178, 179, 180, 185], "summary": {"covered_lines": 101, "num_statements": 101, "percent_covered": 100.0, "percent_covered_display": "100", "missing_lines": 0, "excluded_lines": 0, "percent_statements_covered": 100.0, "percent_statements_covered_display": "100", "num_branches": 28, "num_partial_branches": 0, "covered_branches": 28, "missing_branches": 0, "percent_branches_covered": 100.0, "percent_branches_covered_display": "100"}, "missing_lines": [], "excluded_lines": [], "executed_branches": [[34, 35], [34, 36], [37, 38], [37, 43], [38, 39], [38, 42], [43, -29], [43, 44], [59, 60], [59, 61], [77, 78], [77, 81], [87, 94], [87, 97], [101, 102], [101, 105], [131, 132], [131, 135], [135, 136], [135, 139], [136, 137], [136, 138], [149, 150], [149, 154], [154, 155], [154, 158], [161, -123], [161, 162]], "missing_branches": [], "functions": {"_semantic_hash": {"executed_lines": [24, 25, 26], "summary": {"covered_lines": 3, "num_statements": 3, "percent_covered": 100.0, "percent_covered_display": "100", "missing_lines": 0, "excluded_lines": 0, "percent_statements_covered": 100.0, "percent_statements_covered_display": "100", "num_branches": 0, "num_partial_branches": 0, "covered_branches": 0, "missing_branches": 0, "percent_branches_covered": 100.0, "percent_branches_covered_display": "100"}, "missing_lines": [], "excluded_lines": [], "start_line": 23, "executed_branches": [], "missing_branches": []}, "_verify_embedded_hash": {"executed_lines": [30, 34, 35, 36, 37, 38, 39, 42, 43, 44], "summary": {"covered_lines": 10, "num_statements": 10, "percent_covered": 100.0, "percent_covered_display": "100", "missing_lines": 0, "excluded_lines": 0, "percent_statements_covered": 100.0, "percent_statements_covered_display": "100", "num_branches": 8, "num_partial_branches": 0, "covered_branches": 8, "missing_branches": 0, "percent_branches_covered": 100.0, "percent_branches_covered_display": "100"}, "missing_lines": [], "excluded_lines": [], "start_line": 29, "executed_branches": [[34, 35], [34, 36], [37, 38], [37, 43], [38, 39], [38, 42], [43, -29], [43, 44]], "missing_branches": []}, "load_canonical_json": {"executed_lines": [52, 53, 54, 55, 56, 59, 60, 61, 62], "summary": {"covered_lines": 9, "num_statements": 9, "percent_covered": 100.0, "percent_covered_display": "100", "missing_lines": 0, "excluded_lines": 0, "percent_statements_covered": 100.0, "percent_statements_covered_display": "100", "num_branches": 2, "num_partial_branches": 0, "covered_branches": 2, "missing_branches": 0, "percent_branches_covered": 100.0, "percent_branches_covered_display": "100"}, "missing_lines": [], "excluded_lines": [], "start_line": 49, "executed_branches": [[59, 60], [59, 61]], "missing_branches": []}, "load_verified_artifact": {"executed_lines": [68, 69, 70, 71, 72, 75, 76, 77, 78, 81, 82, 83], "summary": {"covered_lines": 12, "num_statements": 12, "percent_covered": 100.0, "percent_covered_display": "100", "missing_lines": 0, "excluded_lines": 0, "percent_statements_covered": 100.0, "percent_statements_covered_display": "100", "num_branches": 2, "num_partial_branches": 0, "covered_branches": 2, "missing_branches": 0, "percent_branches_covered": 100.0, "percent_branches_covered_display": "100"}, "missing_lines": [], "excluded_lines": [], "start_line": 65, "executed_branches": [[77, 78], [77, 81]], "missing_branches": []}, "_safe_segment": {"executed_lines": [87, 94, 97], "summary": {"covered_lines": 3, "num_statements": 3, "percent_covered": 100.0, "percent_covered_display": "100", "missing_lines": 0, "excluded_lines": 0, "percent_statements_covered": 100.0, "percent_statements_covered_display": "100", "num_branches": 2, "num_partial_branches": 0, "covered_branches": 2, "missing_branches": 0, "percent_branches_covered": 100.0, "percent_branches_covered_display": "100"}, "missing_lines": [], "excluded_lines": [], "start_line": 86, "executed_branches": [[87, 94], [87, 97]], "missing_branches": []}, "_contained_directory": {"executed_lines": [101, 102, 105, 106, 107, 114, 115, 116, 117, 120], "summary": {"covered_lines": 10, "num_statements": 10, "percent_covered": 100.0, "percent_covered_display": "100", "missing_lines": 0, "excluded_lines": 0, "percent_statements_covered": 100.0, "percent_statements_covered_display": "100", "num_branches": 2, "num_partial_branches": 0, "covered_branches": 2, "missing_branches": 0, "percent_branches_covered": 100.0, "percent_branches_covered_display": "100"}, "missing_lines": [], "excluded_lines": [], "start_line": 100, "executed_branches": [[101, 102], [101, 105]], "missing_branches": []}, "_write_once": {"executed_lines": [124, 125, 126, 127, 128, 131, 132, 135, 136, 137, 138, 139, 140, 141, 142, 143, 144, 145, 146, 147, 148, 149, 150, 154, 155, 158, 159, 161, 162], "summary": {"covered_lines": 29, "num_statements": 29, "percent_covered": 100.0, "percent_covered_display": "100", "missing_lines": 0, "excluded_lines": 0, "percent_statements_covered": 100.0, "percent_statements_covered_display": "100", "num_branches": 12, "num_partial_branches": 0, "covered_branches": 12, "missing_branches": 0, "percent_branches_covered": 100.0, "percent_branches_covered_display": "100"}, "missing_lines": [], "excluded_lines": [], "start_line": 123, "executed_branches": [[131, 132], [131, 135], [135, 136], [135, 139], [136, 137], [136, 138], [149, 150], [149, 154], [154, 155], [154, 158], [161, -123], [161, 162]], "missing_branches": []}, "persist_result": {"executed_lines": [174, 175, 176, 177, 178, 179, 180, 185], "summary": {"covered_lines": 8, "num_statements": 8, "percent_covered": 100.0, "percent_covered_display": "100", "missing_lines": 0, "excluded_lines": 0, "percent_statements_covered": 100.0, "percent_statements_covered_display": "100", "num_branches": 0, "num_partial_branches": 0, "covered_branches": 0, "missing_branches": 0, "percent_branches_covered": 100.0, "percent_branches_covered_display": "100"}, "missing_lines": [], "excluded_lines": [], "start_line": 165, "executed_branches": [], "missing_branches": []}, "": {"executed_lines": [3, 5, 6, 7, 8, 10, 12, 13, 15, 23, 29, 49, 65, 86, 100, 123, 165], "summary": {"covered_lines": 17, "num_statements": 17, "percent_covered": 100.0, "percent_covered_display": "100", "missing_lines": 0, "excluded_lines": 0, "percent_statements_covered": 100.0, "percent_statements_covered_display": "100", "num_branches": 0, "num_partial_branches": 0, "covered_branches": 0, "missing_branches": 0, "percent_branches_covered": 100.0, "percent_branches_covered_display": "100"}, "missing_lines": [], "excluded_lines": [], "start_line": 1, "executed_branches": [], "missing_branches": []}}, "classes": {"": {"executed_lines": [3, 5, 6, 7, 8, 10, 12, 13, 15, 23, 24, 25, 26, 29, 30, 34, 35, 36, 37, 38, 39, 42, 43, 44, 49, 52, 53, 54, 55, 56, 59, 60, 61, 62, 65, 68, 69, 70, 71, 72, 75, 76, 77, 78, 81, 82, 83, 86, 87, 94, 97, 100, 101, 102, 105, 106, 107, 114, 115, 116, 117, 120, 123, 124, 125, 126, 127, 128, 131, 132, 135, 136, 137, 138, 139, 140, 141, 142, 143, 144, 145, 146, 147, 148, 149, 150, 154, 155, 158, 159, 161, 162, 165, 174, 175, 176, 177, 178, 179, 180, 185], "summary": {"covered_lines": 101, "num_statements": 101, "percent_covered": 100.0, "percent_covered_display": "100", "missing_lines": 0, "excluded_lines": 0, "percent_statements_covered": 100.0, "percent_statements_covered_display": "100", "num_branches": 28, "num_partial_branches": 0, "covered_branches": 28, "missing_branches": 0, "percent_branches_covered": 100.0, "percent_branches_covered_display": "100"}, "missing_lines": [], "excluded_lines": [], "start_line": 1, "executed_branches": [[34, 35], [34, 36], [37, 38], [37, 43], [38, 39], [38, 42], [43, -29], [43, 44], [59, 60], [59, 61], [77, 78], [77, 81], [87, 94], [87, 97], [101, 102], [101, 105], [131, 132], [131, 135], [135, 136], [135, 139], [136, 137], [136, 138], [149, 150], [149, 154], [154, 155], [154, 158], [161, -123], [161, 162]], "missing_branches": []}}}, "src\\dmf_pulse\\optimisation\\autosub_evaluator.py": {"executed_lines": [3, 5, 6, 7, 9, 10, 18, 21, 22, 25, 26, 29, 35, 36, 37, 38, 46, 51, 52, 53, 61, 64, 72, 73, 74, 75, 83, 84, 85, 90, 99, 100, 101, 102, 103, 106, 107, 108, 109, 110], "summary": {"covered_lines": 40, "num_statements": 40, "percent_covered": 100.0, "percent_covered_display": "100", "missing_lines": 0, "excluded_lines": 0, "percent_statements_covered": 100.0, "percent_statements_covered_display": "100", "num_branches": 8, "num_partial_branches": 0, "covered_branches": 8, "missing_branches": 0, "percent_branches_covered": 100.0, "percent_branches_covered_display": "100"}, "missing_lines": [], "excluded_lines": [], "executed_branches": [[46, 51], [46, 61], [72, 73], [72, 83], [73, 74], [102, 103], [102, 106]], "missing_branches": [], "functions": {"canonical_weight_token": {"executed_lines": [22], "summary": {"covered_lines": 1, "num_statements": 1, "percent_covered": 100.0, "percent_covered_display": "100", "missing_lines": 0, "excluded_lines": 0, "percent_statements_covered": 100.0, "percent_statements_covered_display": "100", "num_branches": 0, "num_partial_branches": 0, "covered_branches": 0, "missing_branches": 0, "percent_branches_covered": 100.0, "percent_branches_covered_display": "100"}, "missing_lines": [], "excluded_lines": [], "start_line": 21, "executed_branches": [], "missing_branches": []}, "weight_fraction": {"executed_lines": [26], "summary": {"covered_lines": 1, "num_statements": 1, "percent_covered": 100.0, "percent_covered_display": "100", "missing_lines": 0, "excluded_lines": 0, "percent_statements_covered": 100.0, "percent_statements_covered_display": "100", "num_branches": 0, "num_partial_branches": 0, "covered_branches": 0, "missing_branches": 0, "percent_branches_covered": 100.0, "percent_branches_covered_display": "100"}, "missing_lines": [], "excluded_lines": [], "start_line": 25, "executed_branches": [], "missing_branches": []}, "evaluate_scenario": {"executed_lines": [35, 36, 37, 38, 46, 51, 52, 53, 61, 64, 72, 73, 74, 75, 83, 84, 85, 90, 99, 100, 101, 102, 103, 106, 107, 108, 109, 110], "summary": {"covered_lines": 28, "num_statements": 28, "percent_covered": 100.0, "percent_covered_display": "100", "missing_lines": 0, "excluded_lines": 0, "percent_statements_covered": 100.0, "percent_statements_covered_display": "100", "num_branches": 8, "num_partial_branches": 0, "covered_branches": 8, "missing_branches": 0, "percent_branches_covered": 100.0, "percent_branches_covered_display": "100"}, "missing_lines": [], "excluded_lines": [], "start_line": 29, "executed_branches": [[46, 51], [46, 61], [72, 73], [72, 83], [73, 74], [102, 103], [102, 106]], "missing_branches": []}, "": {"executed_lines": [3, 5, 6, 7, 9, 10, 18, 21, 25, 29], "summary": {"covered_lines": 10, "num_statements": 10, "percent_covered": 100.0, "percent_covered_display": "100", "missing_lines": 0, "excluded_lines": 0, "percent_statements_covered": 100.0, "percent_statements_covered_display": "100", "num_branches": 0, "num_partial_branches": 0, "covered_branches": 0, "missing_branches": 0, "percent_branches_covered": 100.0, "percent_branches_covered_display": "100"}, "missing_lines": [], "excluded_lines": [], "start_line": 1, "executed_branches": [], "missing_branches": []}}, "classes": {"": {"executed_lines": [3, 5, 6, 7, 9, 10, 18, 21, 22, 25, 26, 29, 35, 36, 37, 38, 46, 51, 52, 53, 61, 64, 72, 73, 74, 75, 83, 84, 85, 90, 99, 100, 101, 102, 103, 106, 107, 108, 109, 110], "summary": {"covered_lines": 40, "num_statements": 40, "percent_covered": 100.0, "percent_covered_display": "100", "missing_lines": 0, "excluded_lines": 0, "percent_statements_covered": 100.0, "percent_statements_covered_display": "100", "num_branches": 8, "num_partial_branches": 0, "covered_branches": 8, "missing_branches": 0, "percent_branches_covered": 100.0, "percent_branches_covered_display": "100"}, "missing_lines": [], "excluded_lines": [], "start_line": 1, "executed_branches": [[46, 51], [46, 61], [72, 73], [72, 83], [73, 74], [102, 103], [102, 106]], "missing_branches": []}}}, "src\\dmf_pulse\\optimisation\\candidate_pool.py": {"executed_lines": [3, 5, 6, 7, 9, 10, 11, 22, 23, 25, 26, 27, 30, 33, 39, 42, 43, 44, 45, 46, 47, 48, 49, 50, 53, 59, 60, 61, 62, 63, 64, 65, 66, 67, 68, 69, 70, 71, 72, 73, 77, 78, 79, 80, 81, 82, 83, 86, 91, 92, 93, 94, 95, 96, 97, 98, 99, 100, 101, 102, 103, 104, 105, 106, 107, 108, 113, 114, 115, 116, 117, 118, 119, 120, 121, 123], "summary": {"covered_lines": 76, "num_statements": 76, "percent_covered": 100.0, "percent_covered_display": "100", "missing_lines": 0, "excluded_lines": 0, "percent_statements_covered": 100.0, "percent_statements_covered_display": "100", "num_branches": 44, "num_partial_branches": 0, "covered_branches": 44, "missing_branches": 0, "percent_branches_covered": 100.0, "percent_branches_covered_display": "100"}, "missing_lines": [], "excluded_lines": [], "executed_branches": [[42, 43], [42, 44], [44, 45], [44, 46], [48, 49], [48, 50], [60, 61], [60, 62], [62, 63], [62, 64], [64, 65], [64, 66], [66, 67], [66, 68], [68, 69], [68, 71], [69, 68], [69, 70], [71, 72], [71, 78], [72, 73], [72, 78], [73, 72], [73, 77], [78, -53], [78, 79], [80, 81], [80, 82], [82, -53], [82, 83], [92, 93], [92, 94], [95, 96], [95, 100], [96, 97], [96, 98], [100, 101], [100, 107], [102, 103], [102, 104], [104, 105], [104, 106], [114, -113], [114, 115]], "missing_branches": [], "functions": {"snapshot_hash": {"executed_lines": [23, 25, 26, 27], "summary": {"covered_lines": 4, "num_statements": 4, "percent_covered": 100.0, "percent_covered_display": "100", "missing_lines": 0, "excluded_lines": 0, "percent_statements_covered": 100.0, "percent_statements_covered_display": "100", "num_branches": 0, "num_partial_branches": 0, "covered_branches": 0, "missing_branches": 0, "percent_branches_covered": 100.0, "percent_branches_covered_display": "100"}, "missing_lines": [], "excluded_lines": [], "start_line": 22, "executed_branches": [], "missing_branches": []}, "_by_position": {"executed_lines": [33], "summary": {"covered_lines": 1, "num_statements": 1, "percent_covered": 100.0, "percent_covered_display": "100", "missing_lines": 0, "excluded_lines": 0, "percent_statements_covered": 100.0, "percent_statements_covered_display": "100", "num_branches": 0, "num_partial_branches": 0, "covered_branches": 0, "missing_branches": 0, "percent_branches_covered": 100.0, "percent_branches_covered_display": "100"}, "missing_lines": [], "excluded_lines": [], "start_line": 30, "executed_branches": [], "missing_branches": []}, "conservative_squad_upper_bound": {"executed_lines": [42, 43, 44, 45, 46, 47, 48, 49, 50], "summary": {"covered_lines": 9, "num_statements": 9, "percent_covered": 100.0, "percent_covered_display": "100", "missing_lines": 0, "excluded_lines": 0, "percent_statements_covered": 100.0, "percent_statements_covered_display": "100", "num_branches": 6, "num_partial_branches": 0, "covered_branches": 6, "missing_branches": 0, "percent_branches_covered": 100.0, "percent_branches_covered_display": "100"}, "missing_lines": [], "excluded_lines": [], "start_line": 39, "executed_branches": [[42, 43], [42, 44], [44, 45], [44, 46], [48, 49], [48, 50]], "missing_branches": []}, "_validate_squad": {"executed_lines": [59, 60, 61, 62, 63, 64, 65, 66, 67, 68, 69, 70, 71, 72, 73, 77, 78, 79, 80, 81, 82, 83], "summary": {"covered_lines": 22, "num_statements": 22, "percent_covered": 100.0, "percent_covered_display": "100", "missing_lines": 0, "excluded_lines": 0, "percent_statements_covered": 100.0, "percent_statements_covered_display": "100", "num_branches": 24, "num_partial_branches": 0, "covered_branches": 24, "missing_branches": 0, "percent_branches_covered": 100.0, "percent_branches_covered_display": "100"}, "missing_lines": [], "excluded_lines": [], "start_line": 53, "executed_branches": [[60, 61], [60, 62], [62, 63], [62, 64], [64, 65], [64, 66], [66, 67], [66, 68], [68, 69], [68, 71], [69, 68], [69, 70], [71, 72], [71, 78], [72, 73], [72, 78], [73, 72], [73, 77], [78, -53], [78, 79], [80, 81], [80, 82], [82, -53], [82, 83]], "missing_branches": []}, "enumerate_squads": {"executed_lines": [91, 92, 93, 94, 95, 96, 97, 98, 99, 100, 101, 102, 103, 104, 105, 106, 107, 108, 113, 123], "summary": {"covered_lines": 20, "num_statements": 20, "percent_covered": 100.0, "percent_covered_display": "100", "missing_lines": 0, "excluded_lines": 0, "percent_statements_covered": 100.0, "percent_statements_covered_display": "100", "num_branches": 12, "num_partial_branches": 0, "covered_branches": 12, "missing_branches": 0, "percent_branches_covered": 100.0, "percent_branches_covered_display": "100"}, "missing_lines": [], "excluded_lines": [], "start_line": 86, "executed_branches": [[92, 93], [92, 94], [95, 96], [95, 100], [96, 97], [96, 98], [100, 101], [100, 107], [102, 103], [102, 104], [104, 105], [104, 106]], "missing_branches": []}, "enumerate_squads.generator": {"executed_lines": [114, 115, 116, 117, 118, 119, 120, 121], "summary": {"covered_lines": 8, "num_statements": 8, "percent_covered": 100.0, "percent_covered_display": "100", "missing_lines": 0, "excluded_lines": 0, "percent_statements_covered": 100.0, "percent_statements_covered_display": "100", "num_branches": 2, "num_partial_branches": 0, "covered_branches": 2, "missing_branches": 0, "percent_branches_covered": 100.0, "percent_branches_covered_display": "100"}, "missing_lines": [], "excluded_lines": [], "start_line": 113, "executed_branches": [[114, -113], [114, 115]], "missing_branches": []}, "": {"executed_lines": [3, 5, 6, 7, 9, 10, 11, 22, 30, 39, 53, 86], "summary": {"covered_lines": 12, "num_statements": 12, "percent_covered": 100.0, "percent_covered_display": "100", "missing_lines": 0, "excluded_lines": 0, "percent_statements_covered": 100.0, "percent_statements_covered_display": "100", "num_branches": 0, "num_partial_branches": 0, "covered_branches": 0, "missing_branches": 0, "percent_branches_covered": 100.0, "percent_branches_covered_display": "100"}, "missing_lines": [], "excluded_lines": [], "start_line": 1, "executed_branches": [], "missing_branches": []}}, "classes": {"": {"executed_lines": [3, 5, 6, 7, 9, 10, 11, 22, 23, 25, 26, 27, 30, 33, 39, 42, 43, 44, 45, 46, 47, 48, 49, 50, 53, 59, 60, 61, 62, 63, 64, 65, 66, 67, 68, 69, 70, 71, 72, 73, 77, 78, 79, 80, 81, 82, 83, 86, 91, 92, 93, 94, 95, 96, 97, 98, 99, 100, 101, 102, 103, 104, 105, 106, 107, 108, 113, 114, 115, 116, 117, 118, 119, 120, 121, 123], "summary": {"covered_lines": 76, "num_statements": 76, "percent_covered": 100.0, "percent_covered_display": "100", "missing_lines": 0, "excluded_lines": 0, "percent_statements_covered": 100.0, "percent_statements_covered_display": "100", "num_branches": 44, "num_partial_branches": 0, "covered_branches": 44, "missing_branches": 0, "percent_branches_covered": 100.0, "percent_branches_covered_display": "100"}, "missing_lines": [], "excluded_lines": [], "start_line": 1, "executed_branches": [[42, 43], [42, 44], [44, 45], [44, 46], [48, 49], [48, 50], [60, 61], [60, 62], [62, 63], [62, 64], [64, 65], [64, 66], [66, 67], [66, 68], [68, 69], [68, 71], [69, 68], [69, 70], [71, 72], [71, 78], [72, 73], [72, 78], [73, 72], [73, 77], [78, -53], [78, 79], [80, 81], [80, 82], [82, -53], [82, 83], [92, 93], [92, 94], [95, 96], [95, 100], [96, 97], [96, 98], [100, 101], [100, 107], [102, 103], [102, 104], [104, 105], [104, 106], [114, -113], [114, 115]], "missing_branches": []}}}, "src\\dmf_pulse\\optimisation\\errors.py": {"executed_lines": [3, 6, 7, 8, 9, 10, 11, 14, 15, 16, 17, 20, 21, 22], "summary": {"covered_lines": 14, "num_statements": 14, "percent_covered": 100.0, "percent_covered_display": "100", "missing_lines": 0, "excluded_lines": 0, "percent_statements_covered": 100.0, "percent_statements_covered_display": "100", "num_branches": 0, "num_partial_branches": 0, "covered_branches": 0, "missing_branches": 0, "percent_branches_covered": 100.0, "percent_branches_covered_display": "100"}, "missing_lines": [], "excluded_lines": [], "executed_branches": [], "missing_branches": [], "functions": {"OptimisationError.__init__": {"executed_lines": [8, 9, 10, 11], "summary": {"covered_lines": 4, "num_statements": 4, "percent_covered": 100.0, "percent_covered_display": "100", "missing_lines": 0, "excluded_lines": 0, "percent_statements_covered": 100.0, "percent_statements_covered_display": "100", "num_branches": 0, "num_partial_branches": 0, "covered_branches": 0, "missing_branches": 0, "percent_branches_covered": 100.0, "percent_branches_covered_display": "100"}, "missing_lines": [], "excluded_lines": [], "start_line": 7, "executed_branches": [], "missing_branches": []}, "ResourceLimitError.__init__": {"executed_lines": [16, 17], "summary": {"covered_lines": 2, "num_statements": 2, "percent_covered": 100.0, "percent_covered_display": "100", "missing_lines": 0, "excluded_lines": 0, "percent_statements_covered": 100.0, "percent_statements_covered_display": "100", "num_branches": 0, "num_partial_branches": 0, "covered_branches": 0, "missing_branches": 0, "percent_branches_covered": 100.0, "percent_branches_covered_display": "100"}, "missing_lines": [], "excluded_lines": [], "start_line": 15, "executed_branches": [], "missing_branches": []}, "InfeasibleError.__init__": {"executed_lines": [22], "summary": {"covered_lines": 1, "num_statements": 1, "percent_covered": 100.0, "percent_covered_display": "100", "missing_lines": 0, "excluded_lines": 0, "percent_statements_covered": 100.0, "percent_statements_covered_display": "100", "num_branches": 0, "num_partial_branches": 0, "covered_branches": 0, "missing_branches": 0, "percent_branches_covered": 100.0, "percent_branches_covered_display": "100"}, "missing_lines": [], "excluded_lines": [], "start_line": 21, "executed_branches": [], "missing_branches": []}, "": {"executed_lines": [3, 6, 7, 14, 15, 20, 21], "summary": {"covered_lines": 7, "num_statements": 7, "percent_covered": 100.0, "percent_covered_display": "100", "missing_lines": 0, "excluded_lines": 0, "percent_statements_covered": 100.0, "percent_statements_covered_display": "100", "num_branches": 0, "num_partial_branches": 0, "covered_branches": 0, "missing_branches": 0, "percent_branches_covered": 100.0, "percent_branches_covered_display": "100"}, "missing_lines": [], "excluded_lines": [], "start_line": 1, "executed_branches": [], "missing_branches": []}}, "classes": {"OptimisationError": {"executed_lines": [8, 9, 10, 11], "summary": {"covered_lines": 4, "num_statements": 4, "percent_covered": 100.0, "percent_covered_display": "100", "missing_lines": 0, "excluded_lines": 0, "percent_statements_covered": 100.0, "percent_statements_covered_display": "100", "num_branches": 0, "num_partial_branches": 0, "covered_branches": 0, "missing_branches": 0, "percent_branches_covered": 100.0, "percent_branches_covered_display": "100"}, "missing_lines": [], "excluded_lines": [], "start_line": 6, "executed_branches": [], "missing_branches": []}, "ResourceLimitError": {"executed_lines": [16, 17], "summary": {"covered_lines": 2, "num_statements": 2, "percent_covered": 100.0, "percent_covered_display": "100", "missing_lines": 0, "excluded_lines": 0, "percent_statements_covered": 100.0, "percent_statements_covered_display": "100", "num_branches": 0, "num_partial_branches": 0, "covered_branches": 0, "missing_branches": 0, "percent_branches_covered": 100.0, "percent_branches_covered_display": "100"}, "missing_lines": [], "excluded_lines": [], "start_line": 14, "executed_branches": [], "missing_branches": []}, "InfeasibleError": {"executed_lines": [22], "summary": {"covered_lines": 1, "num_statements": 1, "percent_covered": 100.0, "percent_covered_display": "100", "missing_lines": 0, "excluded_lines": 0, "percent_statements_covered": 100.0, "percent_statements_covered_display": "100", "num_branches": 0, "num_partial_branches": 0, "covered_branches": 0, "missing_branches": 0, "percent_branches_covered": 100.0, "percent_branches_covered_display": "100"}, "missing_lines": [], "excluded_lines": [], "start_line": 20, "executed_branches": [], "missing_branches": []}, "": {"executed_lines": [3, 6, 7, 14, 15, 20, 21], "summary": {"covered_lines": 7, "num_statements": 7, "percent_covered": 100.0, "percent_covered_display": "100", "missing_lines": 0, "excluded_lines": 0, "percent_statements_covered": 100.0, "percent_statements_covered_display": "100", "num_branches": 0, "num_partial_branches": 0, "covered_branches": 0, "missing_branches": 0, "percent_branches_covered": 100.0, "percent_branches_covered_display": "100"}, "missing_lines": [], "excluded_lines": [], "start_line": 1, "executed_branches": [], "missing_branches": []}}}, "src\\dmf_pulse\\optimisation\\legality.py": {"executed_lines": [3, 5, 6, 16, 26, 27, 28, 29, 30, 33, 34, 35, 42, 43, 50, 51, 52, 59, 60, 61, 68, 69, 73, 74, 79, 80, 81, 88, 89, 90, 95, 100, 106, 107, 110, 113, 119, 120, 121, 124, 125, 130, 131, 132, 135, 136, 137, 138, 139, 143, 146, 147, 152, 153, 156, 157, 160, 167, 168, 173, 177, 180, 181, 185, 190, 191, 192, 193, 196], "summary": {"covered_lines": 69, "num_statements": 69, "percent_covered": 98.4251968503937, "percent_covered_display": "98", "missing_lines": 0, "excluded_lines": 0, "percent_statements_covered": 100.0, "percent_statements_covered_display": "100", "num_branches": 58, "num_partial_branches": 2, "covered_branches": 56, "missing_branches": 2, "percent_branches_covered": 96.55172413793103, "percent_branches_covered_display": "97"}, "missing_lines": [], "excluded_lines": [], "executed_branches": [[27, 28], [27, 29], [29, 30], [29, 33], [33, 34], [33, 50], [34, 35], [34, 42], [42, 33], [42, 43], [51, 52], [51, 59], [60, 61], [60, 68], [68, 69], [68, 79], [73, 68], [73, 74], [79, 80], [80, 81], [80, 89], [81, 80], [81, 88], [89, 90], [89, 110], [95, 100], [95, 106], [106, 107], [124, 125], [124, 130], [131, 132], [131, 135], [135, 136], [135, 137], [137, 138], [137, 139], [139, 143], [139, 146], [146, 147], [146, 152], [152, 153], [152, 156], [156, 157], [156, 160], [167, 168], [167, 173], [173, 177], [173, 180], [180, 181], [180, 190], [181, 180], [181, 185], [190, 191], [190, 192], [192, 193], [192, 196]], "missing_branches": [[79, 89], [106, 110]], "functions": {"validate_squad_legality": {"executed_lines": [26, 27, 28, 29, 30, 33, 34, 35, 42, 43, 50, 51, 52, 59, 60, 61, 68, 69, 73, 74, 79, 80, 81, 88, 89, 90, 95, 100, 106, 107, 110], "summary": {"covered_lines": 31, "num_statements": 31, "percent_covered": 96.72131147540983, "percent_covered_display": "97", "missing_lines": 0, "excluded_lines": 0, "percent_statements_covered": 100.0, "percent_statements_covered_display": "100", "num_branches": 30, "num_partial_branches": 2, "covered_branches": 28, "missing_branches": 2, "percent_branches_covered": 93.33333333333333, "percent_branches_covered_display": "93"}, "missing_lines": [], "excluded_lines": [], "start_line": 16, "executed_branches": [[27, 28], [27, 29], [29, 30], [29, 33], [33, 34], [33, 50], [34, 35], [34, 42], [42, 33], [42, 43], [51, 52], [51, 59], [60, 61], [60, 68], [68, 69], [68, 79], [73, 68], [73, 74], [79, 80], [80, 81], [80, 89], [81, 80], [81, 88], [89, 90], [89, 110], [95, 100], [95, 106], [106, 107]], "missing_branches": [[79, 89], [106, 110]]}, "validate_tactical_configuration": {"executed_lines": [119, 120, 121, 124, 125, 130, 131, 132, 135, 136, 137, 138, 139, 143, 146, 147, 152, 153, 156, 157, 160, 167, 168, 173, 177, 180, 181, 185, 190, 191, 192, 193, 196], "summary": {"covered_lines": 33, "num_statements": 33, "percent_covered": 100.0, "percent_covered_display": "100", "missing_lines": 0, "excluded_lines": 0, "percent_statements_covered": 100.0, "percent_statements_covered_display": "100", "num_branches": 28, "num_partial_branches": 0, "covered_branches": 28, "missing_branches": 0, "percent_branches_covered": 100.0, "percent_branches_covered_display": "100"}, "missing_lines": [], "excluded_lines": [], "start_line": 113, "executed_branches": [[124, 125], [124, 130], [131, 132], [131, 135], [135, 136], [135, 137], [137, 138], [137, 139], [139, 143], [139, 146], [146, 147], [146, 152], [152, 153], [152, 156], [156, 157], [156, 160], [167, 168], [167, 173], [173, 177], [173, 180], [180, 181], [180, 190], [181, 180], [181, 185], [190, 191], [190, 192], [192, 193], [192, 196]], "missing_branches": []}, "": {"executed_lines": [3, 5, 6, 16, 113], "summary": {"covered_lines": 5, "num_statements": 5, "percent_covered": 100.0, "percent_covered_display": "100", "missing_lines": 0, "excluded_lines": 0, "percent_statements_covered": 100.0, "percent_statements_covered_display": "100", "num_branches": 0, "num_partial_branches": 0, "covered_branches": 0, "missing_branches": 0, "percent_branches_covered": 100.0, "percent_branches_covered_display": "100"}, "missing_lines": [], "excluded_lines": [], "start_line": 1, "executed_branches": [], "missing_branches": []}}, "classes": {"": {"executed_lines": [3, 5, 6, 16, 26, 27, 28, 29, 30, 33, 34, 35, 42, 43, 50, 51, 52, 59, 60, 61, 68, 69, 73, 74, 79, 80, 81, 88, 89, 90, 95, 100, 106, 107, 110, 113, 119, 120, 121, 124, 125, 130, 131, 132, 135, 136, 137, 138, 139, 143, 146, 147, 152, 153, 156, 157, 160, 167, 168, 173, 177, 180, 181, 185, 190, 191, 192, 193, 196], "summary": {"covered_lines": 69, "num_statements": 69, "percent_covered": 98.4251968503937, "percent_covered_display": "98", "missing_lines": 0, "excluded_lines": 0, "percent_statements_covered": 100.0, "percent_statements_covered_display": "100", "num_branches": 58, "num_partial_branches": 2, "covered_branches": 56, "missing_branches": 2, "percent_branches_covered": 96.55172413793103, "percent_branches_covered_display": "97"}, "missing_lines": [], "excluded_lines": [], "start_line": 1, "executed_branches": [[27, 28], [27, 29], [29, 30], [29, 33], [33, 34], [33, 50], [34, 35], [34, 42], [42, 33], [42, 43], [51, 52], [51, 59], [60, 61], [60, 68], [68, 69], [68, 79], [73, 68], [73, 74], [79, 80], [80, 81], [80, 89], [81, 80], [81, 88], [89, 90], [89, 110], [95, 100], [95, 106], [106, 107], [124, 125], [124, 130], [131, 132], [131, 135], [135, 136], [135, 137], [137, 138], [137, 139], [139, 143], [139, 146], [146, 147], [146, 152], [152, 153], [152, 156], [156, 157], [156, 160], [167, 168], [167, 173], [173, 177], [173, 180], [180, 181], [180, 190], [181, 180], [181, 185], [190, 191], [190, 192], [192, 193], [192, 196]], "missing_branches": [[79, 89], [106, 110]]}}}, "src\\dmf_pulse\\optimisation\\models.py": {"executed_lines": [3, 5, 6, 7, 9, 11, 13, 14, 15, 18, 19, 22, 23, 24, 25, 26, 29, 30, 31, 32, 35, 36, 37, 38, 39, 42, 43, 44, 45, 46, 49, 50, 51, 52, 53, 54, 56, 57, 58, 59, 60, 61, 62, 63, 65, 67, 69, 70, 73, 75, 76, 80, 81, 83, 84, 85, 86, 87, 88, 89, 92, 93, 96, 97, 98, 99, 100, 101, 102, 103, 104, 105, 106, 108, 109, 110, 112, 114, 116, 118, 119, 121, 122, 124, 126, 130, 132, 134, 136, 137, 140, 142, 144, 146, 149, 150, 152, 153, 154, 156, 157, 158, 161, 162, 163, 164, 165, 166, 167, 170, 171, 172, 173, 174, 175, 176, 177, 178, 179, 180, 181, 182, 183, 184, 185, 186, 187, 188, 189, 190, 191, 193, 194, 195, 198, 199, 200, 201, 202, 203, 205, 206, 207, 208, 210, 212, 214, 216, 217, 218, 221, 222, 223, 224, 225, 227, 228, 232, 233, 234, 235, 238, 239, 240, 241, 242, 243, 244, 245, 246, 247, 248, 250, 251, 252, 255, 256, 257, 260, 261, 262, 263, 264, 265, 266, 267, 268, 269, 270, 271, 272, 273, 274, 276, 277, 280, 281, 284, 285, 289, 290, 291, 292, 293, 296, 297, 298, 301, 302, 303, 304, 305, 306, 307, 308, 309, 310, 311, 312, 313, 314, 315, 316, 317, 318, 319, 321, 322, 325, 326, 329, 330, 333, 334, 337, 338, 341, 342, 345, 346, 350, 351, 352, 353, 354, 355, 356, 357, 358, 359, 360, 361, 363, 364, 367, 368, 371, 372, 376, 377, 378, 379, 380, 381, 384, 385, 386, 387, 388, 389, 390, 391, 392, 393, 394, 395, 397, 398, 399, 400, 411, 412, 413, 415, 416, 417, 419, 420, 421, 423, 424, 427, 428, 434, 435, 438, 439, 440, 441, 444, 445, 446, 447, 448, 449, 450, 451, 452, 453, 455, 456, 457, 458, 459, 460, 462, 471, 472, 474, 476, 478, 480, 481, 484, 485, 486, 488, 489, 490], "summary": {"covered_lines": 329, "num_statements": 372, "percent_covered": 84.47488584474885, "percent_covered_display": "84", "missing_lines": 43, "excluded_lines": 0, "percent_statements_covered": 88.44086021505376, "percent_statements_covered_display": "88", "num_branches": 66, "num_partial_branches": 23, "covered_branches": 41, "missing_branches": 25, "percent_branches_covered": 62.121212121212125, "percent_branches_covered_display": "62"}, "missing_lines": [64, 66, 77, 111, 113, 115, 117, 120, 123, 125, 131, 133, 135, 141, 143, 145, 209, 211, 213, 229, 278, 282, 286, 323, 327, 331, 335, 339, 343, 347, 365, 369, 373, 425, 429, 430, 431, 461, 470, 473, 475, 477, 482], "excluded_lines": [], "executed_branches": [[59, 60], [59, 61], [61, 62], [61, 63], [63, 65], [65, 67], [85, 86], [85, 87], [87, 88], [87, 89], [110, 112], [112, 114], [114, 116], [116, 118], [119, 121], [121, 122], [121, 126], [122, 124], [124, 126], [126, 130], [126, 134], [130, 132], [132, 126], [134, 136], [140, 142], [142, 144], [144, 146], [146, 149], [146, 150], [208, 210], [210, 212], [212, 214], [457, 458], [457, 474], [458, 459], [458, 460], [460, 462], [462, 471], [472, 478], [474, 476], [476, 478]], "missing_branches": [[63, 64], [65, 66], [110, 111], [112, 113], [114, 115], [116, 117], [119, 120], [122, 123], [124, 125], [130, 131], [132, 133], [134, 135], [140, 141], [142, 143], [144, 145], [208, 209], [210, 211], [212, 213], [429, 430], [429, 431], [460, 461], [462, 470], [472, 473], [474, 475], [476, 477]], "functions": {"CandidatePoolSnapshot.candidates_are_canonical": {"executed_lines": [58, 59, 60, 61, 62, 63, 65, 67], "summary": {"covered_lines": 8, "num_statements": 10, "percent_covered": 77.77777777777777, "percent_covered_display": "78", "missing_lines": 2, "excluded_lines": 0, "percent_statements_covered": 80.0, "percent_statements_covered_display": "80", "num_branches": 8, "num_partial_branches": 2, "covered_branches": 6, "missing_branches": 2, "percent_branches_covered": 75.0, "percent_branches_covered_display": "75"}, "missing_lines": [64, 66], "excluded_lines": [], "start_line": 57, "executed_branches": [[59, 60], [59, 61], [61, 62], [61, 63], [63, 65], [65, 67]], "missing_branches": [[63, 64], [65, 66]]}, "CandidatePoolSnapshot.candidates": {"executed_lines": [73], "summary": {"covered_lines": 1, "num_statements": 1, "percent_covered": 100.0, "percent_covered_display": "100", "missing_lines": 0, "excluded_lines": 0, "percent_statements_covered": 100.0, "percent_statements_covered_display": "100", "num_branches": 0, "num_partial_branches": 0, "covered_branches": 0, "missing_branches": 0, "percent_branches_covered": 100.0, "percent_branches_covered_display": "100"}, "missing_lines": [], "excluded_lines": [], "start_line": 70, "executed_branches": [], "missing_branches": []}, "CandidatePoolSnapshot.candidate_snapshot_sha256": {"executed_lines": [], "summary": {"covered_lines": 0, "num_statements": 1, "percent_covered": 0.0, "percent_covered_display": "0", "missing_lines": 1, "excluded_lines": 0, "percent_statements_covered": 0.0, "percent_statements_covered_display": "0", "num_branches": 0, "num_partial_branches": 0, "covered_branches": 0, "missing_branches": 0, "percent_branches_covered": 100.0, "percent_branches_covered_display": "100"}, "missing_lines": [77], "excluded_lines": [], "start_line": 76, "executed_branches": [], "missing_branches": []}, "CandidateSquad.squad_is_canonical": {"executed_lines": [85, 86, 87, 88, 89], "summary": {"covered_lines": 5, "num_statements": 5, "percent_covered": 100.0, "percent_covered_display": "100", "missing_lines": 0, "excluded_lines": 0, "percent_statements_covered": 100.0, "percent_statements_covered_display": "100", "num_branches": 4, "num_partial_branches": 0, "covered_branches": 4, "missing_branches": 0, "percent_branches_covered": 100.0, "percent_branches_covered_display": "100"}, "missing_lines": [], "excluded_lines": [], "start_line": 84, "executed_branches": [[85, 86], [85, 87], [87, 88], [87, 89]], "missing_branches": []}, "OneGameweekOptimisationRequest.scope_shape_is_valid": {"executed_lines": [110, 112, 114, 116, 118, 119, 121, 122, 124, 126, 130, 132, 134, 136, 137, 140, 142, 144, 146, 149, 150], "summary": {"covered_lines": 21, "num_statements": 34, "percent_covered": 60.60606060606061, "percent_covered_display": "61", "missing_lines": 13, "excluded_lines": 0, "percent_statements_covered": 61.76470588235294, "percent_statements_covered_display": "62", "num_branches": 32, "num_partial_branches": 13, "covered_branches": 19, "missing_branches": 13, "percent_branches_covered": 59.375, "percent_branches_covered_display": "59"}, "missing_lines": [111, 113, 115, 117, 120, 123, 125, 131, 133, 135, 141, 143, 145], "excluded_lines": [], "start_line": 109, "executed_branches": [[110, 112], [112, 114], [114, 116], [116, 118], [119, 121], [121, 122], [121, 126], [122, 124], [124, 126], [126, 130], [126, 134], [130, 132], [132, 126], [134, 136], [140, 142], [142, 144], [144, 146], [146, 149], [146, 150]], "missing_branches": [[110, 111], [112, 113], [114, 115], [116, 117], [119, 120], [122, 123], [124, 125], [130, 131], [132, 133], [134, 135], [140, 141], [142, 143], [144, 145]]}, "OneGameweekOptimisationRequest.fixed_squad": {"executed_lines": [154], "summary": {"covered_lines": 1, "num_statements": 1, "percent_covered": 100.0, "percent_covered_display": "100", "missing_lines": 0, "excluded_lines": 0, "percent_statements_covered": 100.0, "percent_statements_covered_display": "100", "num_branches": 0, "num_partial_branches": 0, "covered_branches": 0, "missing_branches": 0, "percent_branches_covered": 100.0, "percent_branches_covered_display": "100"}, "missing_lines": [], "excluded_lines": [], "start_line": 153, "executed_branches": [], "missing_branches": []}, "OneGameweekOptimisationRequest.provided_squads": {"executed_lines": [158], "summary": {"covered_lines": 1, "num_statements": 1, "percent_covered": 100.0, "percent_covered_display": "100", "missing_lines": 0, "excluded_lines": 0, "percent_statements_covered": 100.0, "percent_statements_covered_display": "100", "num_branches": 0, "num_partial_branches": 0, "covered_branches": 0, "missing_branches": 0, "percent_branches_covered": 100.0, "percent_branches_covered_display": "100"}, "missing_lines": [], "excluded_lines": [], "start_line": 157, "executed_branches": [], "missing_branches": []}, "OneGameweekRulesView.capability": {"executed_lines": [195], "summary": {"covered_lines": 1, "num_statements": 1, "percent_covered": 100.0, "percent_covered_display": "100", "missing_lines": 0, "excluded_lines": 0, "percent_statements_covered": 100.0, "percent_statements_covered_display": "100", "num_branches": 0, "num_partial_branches": 0, "covered_branches": 0, "missing_branches": 0, "percent_branches_covered": 100.0, "percent_branches_covered_display": "100"}, "missing_lines": [], "excluded_lines": [], "start_line": 194, "executed_branches": [], "missing_branches": []}, "TacticalConfiguration.all_designations_are_distinct": {"executed_lines": [207, 208, 210, 212, 214], "summary": {"covered_lines": 5, "num_statements": 8, "percent_covered": 57.142857142857146, "percent_covered_display": "57", "missing_lines": 3, "excluded_lines": 0, "percent_statements_covered": 62.5, "percent_statements_covered_display": "62", "num_branches": 6, "num_partial_branches": 3, "covered_branches": 3, "missing_branches": 3, "percent_branches_covered": 50.0, "percent_branches_covered_display": "50"}, "missing_lines": [209, 211, 213], "excluded_lines": [], "start_line": 206, "executed_branches": [[208, 210], [210, 212], [212, 214]], "missing_branches": [[208, 209], [210, 211], [212, 213]]}, "TacticalConfiguration.outfield_bench_order": {"executed_lines": [218], "summary": {"covered_lines": 1, "num_statements": 1, "percent_covered": 100.0, "percent_covered_display": "100", "missing_lines": 0, "excluded_lines": 0, "percent_statements_covered": 100.0, "percent_statements_covered_display": "100", "num_branches": 0, "num_partial_branches": 0, "covered_branches": 0, "missing_branches": 0, "percent_branches_covered": 100.0, "percent_branches_covered_display": "100"}, "missing_lines": [], "excluded_lines": [], "start_line": 217, "executed_branches": [], "missing_branches": []}, "AutosubEvent.slot": {"executed_lines": [], "summary": {"covered_lines": 0, "num_statements": 1, "percent_covered": 0.0, "percent_covered_display": "0", "missing_lines": 1, "excluded_lines": 0, "percent_statements_covered": 0.0, "percent_statements_covered_display": "0", "num_branches": 0, "num_partial_branches": 0, "covered_branches": 0, "missing_branches": 0, "percent_branches_covered": 100.0, "percent_branches_covered_display": "100"}, "missing_lines": [229], "excluded_lines": [], "start_line": 228, "executed_branches": [], "missing_branches": []}, "ScenarioManagerScore.autosub_events": {"executed_lines": [252], "summary": {"covered_lines": 1, "num_statements": 1, "percent_covered": 100.0, "percent_covered_display": "100", "missing_lines": 0, "excluded_lines": 0, "percent_statements_covered": 100.0, "percent_statements_covered_display": "100", "num_branches": 0, "num_partial_branches": 0, "covered_branches": 0, "missing_branches": 0, "percent_branches_covered": 100.0, "percent_branches_covered_display": "100"}, "missing_lines": [], "excluded_lines": [], "start_line": 251, "executed_branches": [], "missing_branches": []}, "PointDistributionSummary.masses": {"executed_lines": [], "summary": {"covered_lines": 0, "num_statements": 1, "percent_covered": 0.0, "percent_covered_display": "0", "missing_lines": 1, "excluded_lines": 0, "percent_statements_covered": 0.0, "percent_statements_covered_display": "0", "num_branches": 0, "num_partial_branches": 0, "covered_branches": 0, "missing_branches": 0, "percent_branches_covered": 100.0, "percent_branches_covered_display": "100"}, "missing_lines": [278], "excluded_lines": [], "start_line": 277, "executed_branches": [], "missing_branches": []}, "PointDistributionSummary.minimum_points": {"executed_lines": [], "summary": {"covered_lines": 0, "num_statements": 1, "percent_covered": 0.0, "percent_covered_display": "0", "missing_lines": 1, "excluded_lines": 0, "percent_statements_covered": 0.0, "percent_statements_covered_display": "0", "num_branches": 0, "num_partial_branches": 0, "covered_branches": 0, "missing_branches": 0, "percent_branches_covered": 100.0, "percent_branches_covered_display": "100"}, "missing_lines": [282], "excluded_lines": [], "start_line": 281, "executed_branches": [], "missing_branches": []}, "PointDistributionSummary.maximum_points": {"executed_lines": [], "summary": {"covered_lines": 0, "num_statements": 1, "percent_covered": 0.0, "percent_covered_display": "0", "missing_lines": 1, "excluded_lines": 0, "percent_statements_covered": 0.0, "percent_statements_covered_display": "0", "num_branches": 0, "num_partial_branches": 0, "covered_branches": 0, "missing_branches": 0, "percent_branches_covered": 100.0, "percent_branches_covered_display": "100"}, "missing_lines": [286], "excluded_lines": [], "start_line": 285, "executed_branches": [], "missing_branches": []}, "SolverStatus.conservative_squad_upper_bound": {"executed_lines": [], "summary": {"covered_lines": 0, "num_statements": 1, "percent_covered": 0.0, "percent_covered_display": "0", "missing_lines": 1, "excluded_lines": 0, "percent_statements_covered": 0.0, "percent_statements_covered_display": "0", "num_branches": 0, "num_partial_branches": 0, "covered_branches": 0, "missing_branches": 0, "percent_branches_covered": 100.0, "percent_branches_covered_display": "100"}, "missing_lines": [323], "excluded_lines": [], "start_line": 322, "executed_branches": [], "missing_branches": []}, "SolverStatus.conservative_tactical_upper_bound": {"executed_lines": [], "summary": {"covered_lines": 0, "num_statements": 1, "percent_covered": 0.0, "percent_covered_display": "0", "missing_lines": 1, "excluded_lines": 0, "percent_statements_covered": 0.0, "percent_statements_covered_display": "0", "num_branches": 0, "num_partial_branches": 0, "covered_branches": 0, "missing_branches": 0, "percent_branches_covered": 100.0, "percent_branches_covered_display": "100"}, "missing_lines": [327], "excluded_lines": [], "start_line": 326, "executed_branches": [], "missing_branches": []}, "SolverStatus.conservative_operation_upper_bound": {"executed_lines": [], "summary": {"covered_lines": 0, "num_statements": 1, "percent_covered": 0.0, "percent_covered_display": "0", "missing_lines": 1, "excluded_lines": 0, "percent_statements_covered": 0.0, "percent_statements_covered_display": "0", "num_branches": 0, "num_partial_branches": 0, "covered_branches": 0, "missing_branches": 0, "percent_branches_covered": 100.0, "percent_branches_covered_display": "100"}, "missing_lines": [331], "excluded_lines": [], "start_line": 330, "executed_branches": [], "missing_branches": []}, "SolverStatus.squads_examined": {"executed_lines": [], "summary": {"covered_lines": 0, "num_statements": 1, "percent_covered": 0.0, "percent_covered_display": "0", "missing_lines": 1, "excluded_lines": 0, "percent_statements_covered": 0.0, "percent_statements_covered_display": "0", "num_branches": 0, "num_partial_branches": 0, "covered_branches": 0, "missing_branches": 0, "percent_branches_covered": 100.0, "percent_branches_covered_display": "100"}, "missing_lines": [335], "excluded_lines": [], "start_line": 334, "executed_branches": [], "missing_branches": []}, "SolverStatus.tactical_configurations_examined": {"executed_lines": [], "summary": {"covered_lines": 0, "num_statements": 1, "percent_covered": 0.0, "percent_covered_display": "0", "missing_lines": 1, "excluded_lines": 0, "percent_statements_covered": 0.0, "percent_statements_covered_display": "0", "num_branches": 0, "num_partial_branches": 0, "covered_branches": 0, "missing_branches": 0, "percent_branches_covered": 100.0, "percent_branches_covered_display": "100"}, "missing_lines": [339], "excluded_lines": [], "start_line": 338, "executed_branches": [], "missing_branches": []}, "SolverStatus.scenario_score_operations": {"executed_lines": [], "summary": {"covered_lines": 0, "num_statements": 1, "percent_covered": 0.0, "percent_covered_display": "0", "missing_lines": 1, "excluded_lines": 0, "percent_statements_covered": 0.0, "percent_statements_covered_display": "0", "num_branches": 0, "num_partial_branches": 0, "covered_branches": 0, "missing_branches": 0, "percent_branches_covered": 100.0, "percent_branches_covered_display": "100"}, "missing_lines": [343], "excluded_lines": [], "start_line": 342, "executed_branches": [], "missing_branches": []}, "SolverStatus.total_optimal_ties": {"executed_lines": [], "summary": {"covered_lines": 0, "num_statements": 1, "percent_covered": 0.0, "percent_covered_display": "0", "missing_lines": 1, "excluded_lines": 0, "percent_statements_covered": 0.0, "percent_statements_covered_display": "0", "num_branches": 0, "num_partial_branches": 0, "covered_branches": 0, "missing_branches": 0, "percent_branches_covered": 100.0, "percent_branches_covered_display": "100"}, "missing_lines": [347], "excluded_lines": [], "start_line": 346, "executed_branches": [], "missing_branches": []}, "OptimisationLineage.candidate_snapshot_sha256": {"executed_lines": [], "summary": {"covered_lines": 0, "num_statements": 1, "percent_covered": 0.0, "percent_covered_display": "0", "missing_lines": 1, "excluded_lines": 0, "percent_statements_covered": 0.0, "percent_statements_covered_display": "0", "num_branches": 0, "num_partial_branches": 0, "covered_branches": 0, "missing_branches": 0, "percent_branches_covered": 100.0, "percent_branches_covered_display": "100"}, "missing_lines": [365], "excluded_lines": [], "start_line": 364, "executed_branches": [], "missing_branches": []}, "OptimisationLineage.gameweek_artifact_sha256": {"executed_lines": [], "summary": {"covered_lines": 0, "num_statements": 1, "percent_covered": 0.0, "percent_covered_display": "0", "missing_lines": 1, "excluded_lines": 0, "percent_statements_covered": 0.0, "percent_statements_covered_display": "0", "num_branches": 0, "num_partial_branches": 0, "covered_branches": 0, "missing_branches": 0, "percent_branches_covered": 100.0, "percent_branches_covered_display": "100"}, "missing_lines": [369], "excluded_lines": [], "start_line": 368, "executed_branches": [], "missing_branches": []}, "OptimisationLineage.capability_hash": {"executed_lines": [], "summary": {"covered_lines": 0, "num_statements": 1, "percent_covered": 0.0, "percent_covered_display": "0", "missing_lines": 1, "excluded_lines": 0, "percent_statements_covered": 0.0, "percent_statements_covered_display": "0", "num_branches": 0, "num_partial_branches": 0, "covered_branches": 0, "missing_branches": 0, "percent_branches_covered": 100.0, "percent_branches_covered_display": "100"}, "missing_lines": [373], "excluded_lines": [], "start_line": 372, "executed_branches": [], "missing_branches": []}, "OneGameweekPlan.signature": {"executed_lines": [399, 400], "summary": {"covered_lines": 2, "num_statements": 2, "percent_covered": 100.0, "percent_covered_display": "100", "missing_lines": 0, "excluded_lines": 0, "percent_statements_covered": 100.0, "percent_statements_covered_display": "100", "num_branches": 0, "num_partial_branches": 0, "covered_branches": 0, "missing_branches": 0, "percent_branches_covered": 100.0, "percent_branches_covered_display": "100"}, "missing_lines": [], "excluded_lines": [], "start_line": 398, "executed_branches": [], "missing_branches": []}, "OneGameweekPlan.candidate_squad": {"executed_lines": [413], "summary": {"covered_lines": 1, "num_statements": 1, "percent_covered": 100.0, "percent_covered_display": "100", "missing_lines": 0, "excluded_lines": 0, "percent_statements_covered": 100.0, "percent_statements_covered_display": "100", "num_branches": 0, "num_partial_branches": 0, "covered_branches": 0, "missing_branches": 0, "percent_branches_covered": 100.0, "percent_branches_covered_display": "100"}, "missing_lines": [], "excluded_lines": [], "start_line": 412, "executed_branches": [], "missing_branches": []}, "OneGameweekPlan.distribution": {"executed_lines": [417], "summary": {"covered_lines": 1, "num_statements": 1, "percent_covered": 100.0, "percent_covered_display": "100", "missing_lines": 0, "excluded_lines": 0, "percent_statements_covered": 100.0, "percent_statements_covered_display": "100", "num_branches": 0, "num_partial_branches": 0, "covered_branches": 0, "missing_branches": 0, "percent_branches_covered": 100.0, "percent_branches_covered_display": "100"}, "missing_lines": [], "excluded_lines": [], "start_line": 416, "executed_branches": [], "missing_branches": []}, "OneGameweekPlan.legality_report": {"executed_lines": [421], "summary": {"covered_lines": 1, "num_statements": 1, "percent_covered": 100.0, "percent_covered_display": "100", "missing_lines": 0, "excluded_lines": 0, "percent_statements_covered": 100.0, "percent_statements_covered_display": "100", "num_branches": 0, "num_partial_branches": 0, "covered_branches": 0, "missing_branches": 0, "percent_branches_covered": 100.0, "percent_branches_covered_display": "100"}, "missing_lines": [], "excluded_lines": [], "start_line": 420, "executed_branches": [], "missing_branches": []}, "OneGameweekPlan.initial_selection_cost_tenths": {"executed_lines": [], "summary": {"covered_lines": 0, "num_statements": 1, "percent_covered": 0.0, "percent_covered_display": "0", "missing_lines": 1, "excluded_lines": 0, "percent_statements_covered": 0.0, "percent_statements_covered_display": "0", "num_branches": 0, "num_partial_branches": 0, "covered_branches": 0, "missing_branches": 0, "percent_branches_covered": 100.0, "percent_branches_covered_display": "100"}, "missing_lines": [425], "excluded_lines": [], "start_line": 424, "executed_branches": [], "missing_branches": []}, "OneGameweekPlan.budget_tenths": {"executed_lines": [], "summary": {"covered_lines": 0, "num_statements": 3, "percent_covered": 0.0, "percent_covered_display": "0", "missing_lines": 3, "excluded_lines": 0, "percent_statements_covered": 0.0, "percent_statements_covered_display": "0", "num_branches": 2, "num_partial_branches": 0, "covered_branches": 0, "missing_branches": 2, "percent_branches_covered": 0.0, "percent_branches_covered_display": "0"}, "missing_lines": [429, 430, 431], "excluded_lines": [], "start_line": 428, "executed_branches": [], "missing_branches": [[429, 430], [429, 431]]}, "OneGameweekOptimisationResult.status_shape_is_valid": {"executed_lines": [457, 458, 459, 460, 462, 471, 472, 474, 476, 478], "summary": {"covered_lines": 10, "num_statements": 15, "percent_covered": 65.51724137931035, "percent_covered_display": "66", "missing_lines": 5, "excluded_lines": 0, "percent_statements_covered": 66.66666666666667, "percent_statements_covered_display": "67", "num_branches": 14, "num_partial_branches": 5, "covered_branches": 9, "missing_branches": 5, "percent_branches_covered": 64.28571428571429, "percent_branches_covered_display": "64"}, "missing_lines": [461, 470, 473, 475, 477], "excluded_lines": [], "start_line": 456, "executed_branches": [[457, 458], [457, 474], [458, 459], [458, 460], [460, 462], [462, 471], [472, 478], [474, 476], [476, 478]], "missing_branches": [[460, 461], [462, 470], [472, 473], [474, 475], [476, 477]]}, "OneGameweekOptimisationResult.tied_plans": {"executed_lines": [], "summary": {"covered_lines": 0, "num_statements": 1, "percent_covered": 0.0, "percent_covered_display": "0", "missing_lines": 1, "excluded_lines": 0, "percent_statements_covered": 0.0, "percent_statements_covered_display": "0", "num_branches": 0, "num_partial_branches": 0, "covered_branches": 0, "missing_branches": 0, "percent_branches_covered": 100.0, "percent_branches_covered_display": "100"}, "missing_lines": [482], "excluded_lines": [], "start_line": 481, "executed_branches": [], "missing_branches": []}, "OneGameweekOptimisationResult.search_scope": {"executed_lines": [486], "summary": {"covered_lines": 1, "num_statements": 1, "percent_covered": 100.0, "percent_covered_display": "100", "missing_lines": 0, "excluded_lines": 0, "percent_statements_covered": 100.0, "percent_statements_covered_display": "100", "num_branches": 0, "num_partial_branches": 0, "covered_branches": 0, "missing_branches": 0, "percent_branches_covered": 100.0, "percent_branches_covered_display": "100"}, "missing_lines": [], "excluded_lines": [], "start_line": 485, "executed_branches": [], "missing_branches": []}, "OneGameweekOptimisationResult.optimality_guarantee": {"executed_lines": [490], "summary": {"covered_lines": 1, "num_statements": 1, "percent_covered": 100.0, "percent_covered_display": "100", "missing_lines": 0, "excluded_lines": 0, "percent_statements_covered": 100.0, "percent_statements_covered_display": "100", "num_branches": 0, "num_partial_branches": 0, "covered_branches": 0, "missing_branches": 0, "percent_branches_covered": 100.0, "percent_branches_covered_display": "100"}, "missing_lines": [], "excluded_lines": [], "start_line": 489, "executed_branches": [], "missing_branches": []}, "": {"executed_lines": [3, 5, 6, 7, 9, 11, 13, 14, 15, 18, 19, 22, 23, 24, 25, 26, 29, 30, 31, 32, 35, 36, 37, 38, 39, 42, 43, 44, 45, 46, 49, 50, 51, 52, 53, 54, 56, 57, 69, 70, 75, 76, 80, 81, 83, 84, 92, 93, 96, 97, 98, 99, 100, 101, 102, 103, 104, 105, 106, 108, 109, 152, 153, 156, 157, 161, 162, 163, 164, 165, 166, 167, 170, 171, 172, 173, 174, 175, 176, 177, 178, 179, 180, 181, 182, 183, 184, 185, 186, 187, 188, 189, 190, 191, 193, 194, 198, 199, 200, 201, 202, 203, 205, 206, 216, 217, 221, 222, 223, 224, 225, 227, 228, 232, 233, 234, 235, 238, 239, 240, 241, 242, 243, 244, 245, 246, 247, 248, 250, 251, 255, 256, 257, 260, 261, 262, 263, 264, 265, 266, 267, 268, 269, 270, 271, 272, 273, 274, 276, 277, 280, 281, 284, 285, 289, 290, 291, 292, 293, 296, 297, 298, 301, 302, 303, 304, 305, 306, 307, 308, 309, 310, 311, 312, 313, 314, 315, 316, 317, 318, 319, 321, 322, 325, 326, 329, 330, 333, 334, 337, 338, 341, 342, 345, 346, 350, 351, 352, 353, 354, 355, 356, 357, 358, 359, 360, 361, 363, 364, 367, 368, 371, 372, 376, 377, 378, 379, 380, 381, 384, 385, 386, 387, 388, 389, 390, 391, 392, 393, 394, 395, 397, 398, 411, 412, 415, 416, 419, 420, 423, 424, 427, 428, 434, 435, 438, 439, 440, 441, 444, 445, 446, 447, 448, 449, 450, 451, 452, 453, 455, 456, 480, 481, 484, 485, 488, 489], "summary": {"covered_lines": 267, "num_statements": 267, "percent_covered": 100.0, "percent_covered_display": "100", "missing_lines": 0, "excluded_lines": 0, "percent_statements_covered": 100.0, "percent_statements_covered_display": "100", "num_branches": 0, "num_partial_branches": 0, "covered_branches": 0, "missing_branches": 0, "percent_branches_covered": 100.0, "percent_branches_covered_display": "100"}, "missing_lines": [], "excluded_lines": [], "start_line": 1, "executed_branches": [], "missing_branches": []}}, "classes": {"OptimisationModel": {"executed_lines": [], "summary": {"covered_lines": 0, "num_statements": 0, "percent_covered": 100.0, "percent_covered_display": "100", "missing_lines": 0, "excluded_lines": 0, "percent_statements_covered": 100.0, "percent_statements_covered_display": "100", "num_branches": 0, "num_partial_branches": 0, "covered_branches": 0, "missing_branches": 0, "percent_branches_covered": 100.0, "percent_branches_covered_display": "100"}, "missing_lines": [], "excluded_lines": [], "start_line": 18, "executed_branches": [], "missing_branches": []}, "OptimisationStatus": {"executed_lines": [], "summary": {"covered_lines": 0, "num_statements": 0, "percent_covered": 100.0, "percent_covered_display": "100", "missing_lines": 0, "excluded_lines": 0, "percent_statements_covered": 100.0, "percent_statements_covered_display": "100", "num_branches": 0, "num_partial_branches": 0, "covered_branches": 0, "missing_branches": 0, "percent_branches_covered": 100.0, "percent_branches_covered_display": "100"}, "missing_lines": [], "excluded_lines": [], "start_line": 22, "executed_branches": [], "missing_branches": []}, "SearchScope": {"executed_lines": [], "summary": {"covered_lines": 0, "num_statements": 0, "percent_covered": 100.0, "percent_covered_display": "100", "missing_lines": 0, "excluded_lines": 0, "percent_statements_covered": 100.0, "percent_statements_covered_display": "100", "num_branches": 0, "num_partial_branches": 0, "covered_branches": 0, "missing_branches": 0, "percent_branches_covered": 100.0, "percent_branches_covered_display": "100"}, "missing_lines": [], "excluded_lines": [], "start_line": 29, "executed_branches": [], "missing_branches": []}, "OptimalityGuarantee": {"executed_lines": [], "summary": {"covered_lines": 0, "num_statements": 0, "percent_covered": 100.0, "percent_covered_display": "100", "missing_lines": 0, "excluded_lines": 0, "percent_statements_covered": 100.0, "percent_statements_covered_display": "100", "num_branches": 0, "num_partial_branches": 0, "covered_branches": 0, "missing_branches": 0, "percent_branches_covered": 100.0, "percent_branches_covered_display": "100"}, "missing_lines": [], "excluded_lines": [], "start_line": 35, "executed_branches": [], "missing_branches": []}, "CandidatePlayer": {"executed_lines": [], "summary": {"covered_lines": 0, "num_statements": 0, "percent_covered": 100.0, "percent_covered_display": "100", "missing_lines": 0, "excluded_lines": 0, "percent_statements_covered": 100.0, "percent_statements_covered_display": "100", "num_branches": 0, "num_partial_branches": 0, "covered_branches": 0, "missing_branches": 0, "percent_branches_covered": 100.0, "percent_branches_covered_display": "100"}, "missing_lines": [], "excluded_lines": [], "start_line": 42, "executed_branches": [], "missing_branches": []}, "CandidatePoolSnapshot": {"executed_lines": [58, 59, 60, 61, 62, 63, 65, 67, 73], "summary": {"covered_lines": 9, "num_statements": 12, "percent_covered": 75.0, "percent_covered_display": "75", "missing_lines": 3, "excluded_lines": 0, "percent_statements_covered": 75.0, "percent_statements_covered_display": "75", "num_branches": 8, "num_partial_branches": 2, "covered_branches": 6, "missing_branches": 2, "percent_branches_covered": 75.0, "percent_branches_covered_display": "75"}, "missing_lines": [64, 66, 77], "excluded_lines": [], "start_line": 49, "executed_branches": [[59, 60], [59, 61], [61, 62], [61, 63], [63, 65], [65, 67]], "missing_branches": [[63, 64], [65, 66]]}, "CandidateSquad": {"executed_lines": [85, 86, 87, 88, 89], "summary": {"covered_lines": 5, "num_statements": 5, "percent_covered": 100.0, "percent_covered_display": "100", "missing_lines": 0, "excluded_lines": 0, "percent_statements_covered": 100.0, "percent_statements_covered_display": "100", "num_branches": 4, "num_partial_branches": 0, "covered_branches": 4, "missing_branches": 0, "percent_branches_covered": 100.0, "percent_branches_covered_display": "100"}, "missing_lines": [], "excluded_lines": [], "start_line": 80, "executed_branches": [[85, 86], [85, 87], [87, 88], [87, 89]], "missing_branches": []}, "OneGameweekOptimisationRequest": {"executed_lines": [110, 112, 114, 116, 118, 119, 121, 122, 124, 126, 130, 132, 134, 136, 137, 140, 142, 144, 146, 149, 150, 154, 158], "summary": {"covered_lines": 23, "num_statements": 36, "percent_covered": 61.76470588235294, "percent_covered_display": "62", "missing_lines": 13, "excluded_lines": 0, "percent_statements_covered": 63.888888888888886, "percent_statements_covered_display": "64", "num_branches": 32, "num_partial_branches": 13, "covered_branches": 19, "missing_branches": 13, "percent_branches_covered": 59.375, "percent_branches_covered_display": "59"}, "missing_lines": [111, 113, 115, 117, 120, 123, 125, 131, 133, 135, 141, 143, 145], "excluded_lines": [], "start_line": 92, "executed_branches": [[110, 112], [112, 114], [114, 116], [116, 118], [119, 121], [121, 122], [121, 126], [122, 124], [124, 126], [126, 130], [126, 134], [130, 132], [132, 126], [134, 136], [140, 142], [142, 144], [144, 146], [146, 149], [146, 150]], "missing_branches": [[110, 111], [112, 113], [114, 115], [116, 117], [119, 120], [122, 123], [124, 125], [130, 131], [132, 133], [134, 135], [140, 141], [142, 143], [144, 145]]}, "OneGameweekOptimiserPolicy": {"executed_lines": [], "summary": {"covered_lines": 0, "num_statements": 0, "percent_covered": 100.0, "percent_covered_display": "100", "missing_lines": 0, "excluded_lines": 0, "percent_statements_covered": 100.0, "percent_statements_covered_display": "100", "num_branches": 0, "num_partial_branches": 0, "covered_branches": 0, "missing_branches": 0, "percent_branches_covered": 100.0, "percent_branches_covered_display": "100"}, "missing_lines": [], "excluded_lines": [], "start_line": 161, "executed_branches": [], "missing_branches": []}, "OneGameweekRulesView": {"executed_lines": [195], "summary": {"covered_lines": 1, "num_statements": 1, "percent_covered": 100.0, "percent_covered_display": "100", "missing_lines": 0, "excluded_lines": 0, "percent_statements_covered": 100.0, "percent_statements_covered_display": "100", "num_branches": 0, "num_partial_branches": 0, "covered_branches": 0, "missing_branches": 0, "percent_branches_covered": 100.0, "percent_branches_covered_display": "100"}, "missing_lines": [], "excluded_lines": [], "start_line": 170, "executed_branches": [], "missing_branches": []}, "TacticalConfiguration": {"executed_lines": [207, 208, 210, 212, 214, 218], "summary": {"covered_lines": 6, "num_statements": 9, "percent_covered": 60.0, "percent_covered_display": "60", "missing_lines": 3, "excluded_lines": 0, "percent_statements_covered": 66.66666666666667, "percent_statements_covered_display": "67", "num_branches": 6, "num_partial_branches": 3, "covered_branches": 3, "missing_branches": 3, "percent_branches_covered": 50.0, "percent_branches_covered_display": "50"}, "missing_lines": [209, 211, 213], "excluded_lines": [], "start_line": 198, "executed_branches": [[208, 210], [210, 212], [212, 214]], "missing_branches": [[208, 209], [210, 211], [212, 213]]}, "AutosubEvent": {"executed_lines": [], "summary": {"covered_lines": 0, "num_statements": 1, "percent_covered": 0.0, "percent_covered_display": "0", "missing_lines": 1, "excluded_lines": 0, "percent_statements_covered": 0.0, "percent_statements_covered_display": "0", "num_branches": 0, "num_partial_branches": 0, "covered_branches": 0, "missing_branches": 0, "percent_branches_covered": 100.0, "percent_branches_covered_display": "100"}, "missing_lines": [229], "excluded_lines": [], "start_line": 221, "executed_branches": [], "missing_branches": []}, "CaptainResolution": {"executed_lines": [], "summary": {"covered_lines": 0, "num_statements": 0, "percent_covered": 100.0, "percent_covered_display": "100", "missing_lines": 0, "excluded_lines": 0, "percent_statements_covered": 100.0, "percent_statements_covered_display": "100", "num_branches": 0, "num_partial_branches": 0, "covered_branches": 0, "missing_branches": 0, "percent_branches_covered": 100.0, "percent_branches_covered_display": "100"}, "missing_lines": [], "excluded_lines": [], "start_line": 232, "executed_branches": [], "missing_branches": []}, "ScenarioManagerScore": {"executed_lines": [252], "summary": {"covered_lines": 1, "num_statements": 1, "percent_covered": 100.0, "percent_covered_display": "100", "missing_lines": 0, "excluded_lines": 0, "percent_statements_covered": 100.0, "percent_statements_covered_display": "100", "num_branches": 0, "num_partial_branches": 0, "covered_branches": 0, "missing_branches": 0, "percent_branches_covered": 100.0, "percent_branches_covered_display": "100"}, "missing_lines": [], "excluded_lines": [], "start_line": 238, "executed_branches": [], "missing_branches": []}, "PointMass": {"executed_lines": [], "summary": {"covered_lines": 0, "num_statements": 0, "percent_covered": 100.0, "percent_covered_display": "100", "missing_lines": 0, "excluded_lines": 0, "percent_statements_covered": 100.0, "percent_statements_covered_display": "100", "num_branches": 0, "num_partial_branches": 0, "covered_branches": 0, "missing_branches": 0, "percent_branches_covered": 100.0, "percent_branches_covered_display": "100"}, "missing_lines": [], "excluded_lines": [], "start_line": 255, "executed_branches": [], "missing_branches": []}, "PointDistributionSummary": {"executed_lines": [], "summary": {"covered_lines": 0, "num_statements": 3, "percent_covered": 0.0, "percent_covered_display": "0", "missing_lines": 3, "excluded_lines": 0, "percent_statements_covered": 0.0, "percent_statements_covered_display": "0", "num_branches": 0, "num_partial_branches": 0, "covered_branches": 0, "missing_branches": 0, "percent_branches_covered": 100.0, "percent_branches_covered_display": "100"}, "missing_lines": [278, 282, 286], "excluded_lines": [], "start_line": 260, "executed_branches": [], "missing_branches": []}, "LegalityIssue": {"executed_lines": [], "summary": {"covered_lines": 0, "num_statements": 0, "percent_covered": 100.0, "percent_covered_display": "100", "missing_lines": 0, "excluded_lines": 0, "percent_statements_covered": 100.0, "percent_statements_covered_display": "100", "num_branches": 0, "num_partial_branches": 0, "covered_branches": 0, "missing_branches": 0, "percent_branches_covered": 100.0, "percent_branches_covered_display": "100"}, "missing_lines": [], "excluded_lines": [], "start_line": 289, "executed_branches": [], "missing_branches": []}, "LegalityReport": {"executed_lines": [], "summary": {"covered_lines": 0, "num_statements": 0, "percent_covered": 100.0, "percent_covered_display": "100", "missing_lines": 0, "excluded_lines": 0, "percent_statements_covered": 100.0, "percent_statements_covered_display": "100", "num_branches": 0, "num_partial_branches": 0, "covered_branches": 0, "missing_branches": 0, "percent_branches_covered": 100.0, "percent_branches_covered_display": "100"}, "missing_lines": [], "excluded_lines": [], "start_line": 296, "executed_branches": [], "missing_branches": []}, "SolverStatus": {"executed_lines": [], "summary": {"covered_lines": 0, "num_statements": 7, "percent_covered": 0.0, "percent_covered_display": "0", "missing_lines": 7, "excluded_lines": 0, "percent_statements_covered": 0.0, "percent_statements_covered_display": "0", "num_branches": 0, "num_partial_branches": 0, "covered_branches": 0, "missing_branches": 0, "percent_branches_covered": 100.0, "percent_branches_covered_display": "100"}, "missing_lines": [323, 327, 331, 335, 339, 343, 347], "excluded_lines": [], "start_line": 301, "executed_branches": [], "missing_branches": []}, "OptimisationLineage": {"executed_lines": [], "summary": {"covered_lines": 0, "num_statements": 3, "percent_covered": 0.0, "percent_covered_display": "0", "missing_lines": 3, "excluded_lines": 0, "percent_statements_covered": 0.0, "percent_statements_covered_display": "0", "num_branches": 0, "num_partial_branches": 0, "covered_branches": 0, "missing_branches": 0, "percent_branches_covered": 100.0, "percent_branches_covered_display": "100"}, "missing_lines": [365, 369, 373], "excluded_lines": [], "start_line": 350, "executed_branches": [], "missing_branches": []}, "ExplanationItem": {"executed_lines": [], "summary": {"covered_lines": 0, "num_statements": 0, "percent_covered": 100.0, "percent_covered_display": "100", "missing_lines": 0, "excluded_lines": 0, "percent_statements_covered": 100.0, "percent_statements_covered_display": "100", "num_branches": 0, "num_partial_branches": 0, "covered_branches": 0, "missing_branches": 0, "percent_branches_covered": 100.0, "percent_branches_covered_display": "100"}, "missing_lines": [], "excluded_lines": [], "start_line": 376, "executed_branches": [], "missing_branches": []}, "OneGameweekPlan": {"executed_lines": [399, 400, 413, 417, 421], "summary": {"covered_lines": 5, "num_statements": 9, "percent_covered": 45.45454545454545, "percent_covered_display": "45", "missing_lines": 4, "excluded_lines": 0, "percent_statements_covered": 55.55555555555556, "percent_statements_covered_display": "56", "num_branches": 2, "num_partial_branches": 0, "covered_branches": 0, "missing_branches": 2, "percent_branches_covered": 0.0, "percent_branches_covered_display": "0"}, "missing_lines": [425, 429, 430, 431], "excluded_lines": [], "start_line": 384, "executed_branches": [], "missing_branches": [[429, 430], [429, 431]]}, "OneGameweekOptimisationResult": {"executed_lines": [457, 458, 459, 460, 462, 471, 472, 474, 476, 478, 486, 490], "summary": {"covered_lines": 12, "num_statements": 18, "percent_covered": 65.625, "percent_covered_display": "66", "missing_lines": 6, "excluded_lines": 0, "percent_statements_covered": 66.66666666666667, "percent_statements_covered_display": "67", "num_branches": 14, "num_partial_branches": 5, "covered_branches": 9, "missing_branches": 5, "percent_branches_covered": 64.28571428571429, "percent_branches_covered_display": "64"}, "missing_lines": [461, 470, 473, 475, 477, 482], "excluded_lines": [], "start_line": 434, "executed_branches": [[457, 458], [457, 474], [458, 459], [458, 460], [460, 462], [462, 471], [472, 478], [474, 476], [476, 478]], "missing_branches": [[460, 461], [462, 470], [472, 473], [474, 475], [476, 477]]}, "": {"executed_lines": [3, 5, 6, 7, 9, 11, 13, 14, 15, 18, 19, 22, 23, 24, 25, 26, 29, 30, 31, 32, 35, 36, 37, 38, 39, 42, 43, 44, 45, 46, 49, 50, 51, 52, 53, 54, 56, 57, 69, 70, 75, 76, 80, 81, 83, 84, 92, 93, 96, 97, 98, 99, 100, 101, 102, 103, 104, 105, 106, 108, 109, 152, 153, 156, 157, 161, 162, 163, 164, 165, 166, 167, 170, 171, 172, 173, 174, 175, 176, 177, 178, 179, 180, 181, 182, 183, 184, 185, 186, 187, 188, 189, 190, 191, 193, 194, 198, 199, 200, 201, 202, 203, 205, 206, 216, 217, 221, 222, 223, 224, 225, 227, 228, 232, 233, 234, 235, 238, 239, 240, 241, 242, 243, 244, 245, 246, 247, 248, 250, 251, 255, 256, 257, 260, 261, 262, 263, 264, 265, 266, 267, 268, 269, 270, 271, 272, 273, 274, 276, 277, 280, 281, 284, 285, 289, 290, 291, 292, 293, 296, 297, 298, 301, 302, 303, 304, 305, 306, 307, 308, 309, 310, 311, 312, 313, 314, 315, 316, 317, 318, 319, 321, 322, 325, 326, 329, 330, 333, 334, 337, 338, 341, 342, 345, 346, 350, 351, 352, 353, 354, 355, 356, 357, 358, 359, 360, 361, 363, 364, 367, 368, 371, 372, 376, 377, 378, 379, 380, 381, 384, 385, 386, 387, 388, 389, 390, 391, 392, 393, 394, 395, 397, 398, 411, 412, 415, 416, 419, 420, 423, 424, 427, 428, 434, 435, 438, 439, 440, 441, 444, 445, 446, 447, 448, 449, 450, 451, 452, 453, 455, 456, 480, 481, 484, 485, 488, 489], "summary": {"covered_lines": 267, "num_statements": 267, "percent_covered": 100.0, "percent_covered_display": "100", "missing_lines": 0, "excluded_lines": 0, "percent_statements_covered": 100.0, "percent_statements_covered_display": "100", "num_branches": 0, "num_partial_branches": 0, "covered_branches": 0, "missing_branches": 0, "percent_branches_covered": 100.0, "percent_branches_covered_display": "100"}, "missing_lines": [], "excluded_lines": [], "start_line": 1, "executed_branches": [], "missing_branches": []}}}, "src\\dmf_pulse\\optimisation\\policy.py": {"executed_lines": [3, 5, 7, 9, 12, 13, 14, 15], "summary": {"covered_lines": 8, "num_statements": 8, "percent_covered": 100.0, "percent_covered_display": "100", "missing_lines": 0, "excluded_lines": 0, "percent_statements_covered": 100.0, "percent_statements_covered_display": "100", "num_branches": 0, "num_partial_branches": 0, "covered_branches": 0, "missing_branches": 0, "percent_branches_covered": 100.0, "percent_branches_covered_display": "100"}, "missing_lines": [], "excluded_lines": [], "executed_branches": [], "missing_branches": [], "functions": {"load_policy": {"executed_lines": [13, 14, 15], "summary": {"covered_lines": 3, "num_statements": 3, "percent_covered": 100.0, "percent_covered_display": "100", "missing_lines": 0, "excluded_lines": 0, "percent_statements_covered": 100.0, "percent_statements_covered_display": "100", "num_branches": 0, "num_partial_branches": 0, "covered_branches": 0, "missing_branches": 0, "percent_branches_covered": 100.0, "percent_branches_covered_display": "100"}, "missing_lines": [], "excluded_lines": [], "start_line": 12, "executed_branches": [], "missing_branches": []}, "": {"executed_lines": [3, 5, 7, 9, 12], "summary": {"covered_lines": 5, "num_statements": 5, "percent_covered": 100.0, "percent_covered_display": "100", "missing_lines": 0, "excluded_lines": 0, "percent_statements_covered": 100.0, "percent_statements_covered_display": "100", "num_branches": 0, "num_partial_branches": 0, "covered_branches": 0, "missing_branches": 0, "percent_branches_covered": 100.0, "percent_branches_covered_display": "100"}, "missing_lines": [], "excluded_lines": [], "start_line": 1, "executed_branches": [], "missing_branches": []}}, "classes": {"": {"executed_lines": [3, 5, 7, 9, 12, 13, 14, 15], "summary": {"covered_lines": 8, "num_statements": 8, "percent_covered": 100.0, "percent_covered_display": "100", "missing_lines": 0, "excluded_lines": 0, "percent_statements_covered": 100.0, "percent_statements_covered_display": "100", "num_branches": 0, "num_partial_branches": 0, "covered_branches": 0, "missing_branches": 0, "percent_branches_covered": 100.0, "percent_branches_covered_display": "100"}, "missing_lines": [], "excluded_lines": [], "start_line": 1, "executed_branches": [], "missing_branches": []}}}, "src\\dmf_pulse\\optimisation\\service.py": {"executed_lines": [3, 5, 7, 8, 9, 10, 11, 21, 22, 23, 28, 29, 30, 33, 34, 35, 36, 39, 47, 48, 49, 50, 51, 52, 53, 54, 55, 56, 70, 85, 97, 99, 100, 101, 102, 104, 105, 106, 112, 125, 138, 139, 142, 152, 153, 154, 155, 156, 159, 163, 172, 173, 182, 183, 192, 193, 194, 195, 196, 197, 200, 201, 211, 212, 222, 223, 224, 225, 226, 227, 228, 229, 258, 259, 260, 261, 274, 275, 285, 286, 287, 288], "summary": {"covered_lines": 82, "num_statements": 84, "percent_covered": 98.07692307692308, "percent_covered_display": "98", "missing_lines": 2, "excluded_lines": 0, "percent_statements_covered": 97.61904761904762, "percent_statements_covered_display": "98", "num_branches": 20, "num_partial_branches": 0, "covered_branches": 20, "missing_branches": 0, "percent_branches_covered": 100.0, "percent_branches_covered_display": "100"}, "missing_lines": [247, 248], "excluded_lines": [], "executed_branches": [[99, 100], [99, 101], [101, 102], [101, 104], [105, 106], [105, 112], [159, 163], [159, 172], [172, 173], [172, 182], [182, 183], [182, 192], [193, 194], [193, 195], [195, 196], [195, 222], [211, 195], [211, 212], [223, 224], [223, 226]], "missing_branches": [], "functions": {"_hash_without": {"executed_lines": [34, 35, 36], "summary": {"covered_lines": 3, "num_statements": 3, "percent_covered": 100.0, "percent_covered_display": "100", "missing_lines": 0, "excluded_lines": 0, "percent_statements_covered": 100.0, "percent_statements_covered_display": "100", "num_branches": 0, "num_partial_branches": 0, "covered_branches": 0, "missing_branches": 0, "percent_branches_covered": 100.0, "percent_branches_covered_display": "100"}, "missing_lines": [], "excluded_lines": [], "start_line": 33, "executed_branches": [], "missing_branches": []}, "_lineage": {"executed_lines": [47, 48, 49, 50, 51, 52, 53, 54, 55, 56, 70], "summary": {"covered_lines": 11, "num_statements": 11, "percent_covered": 100.0, "percent_covered_display": "100", "missing_lines": 0, "excluded_lines": 0, "percent_statements_covered": 100.0, "percent_statements_covered_display": "100", "num_branches": 0, "num_partial_branches": 0, "covered_branches": 0, "missing_branches": 0, "percent_branches_covered": 100.0, "percent_branches_covered_display": "100"}, "missing_lines": [], "excluded_lines": [], "start_line": 39, "e
[...]
covered_display": "99", "num_branches": 40, "num_partial_branches": 2, "covered_branches": 38, "missing_branches": 2, "percent_branches_covered": 95.0, "percent_branches_covered_display": "95"}, "missing_lines": [177], "excluded_lines": [], "start_line": 1, "executed_branches": [[38, 39], [38, 42], [40, 38], [40, 41], [64, 65], [64, 87], [66, 64], [66, 70], [70, 66], [70, 74], [74, 70], [74, 78], [78, 74], [78, 79], [97, 98], [97, 99], [107, -106], [107, 108], [109, 107], [109, 112], [112, 109], [112, 115], [116, 120], [116, 121], [121, 112], [121, 126], [130, 121], [130, 131], [131, 130], [131, 132], [139, 142], [158, 159], [158, 160], [162, 163], [162, 166], [171, 172], [171, 175], [176, 178]], "missing_branches": [[139, 131], [176, 177]]}}}, "src\\dmf_pulse\\optimisation\\validation.py": {"executed_lines": [3, 5, 7, 8, 9, 10, 11, 12, 20, 21, 22, 23, 26, 27, 28, 29, 32, 45, 49, 50, 51, 52, 53, 56, 57, 60, 61, 62, 71, 76, 80, 81, 82, 83, 87, 99, 102, 103, 104, 105, 106, 108, 115, 123, 124, 125, 126, 127, 130, 131, 140, 143, 144, 145, 146, 152, 153, 162, 163, 164, 165, 166, 167, 168, 174, 177, 187, 188, 189, 193, 197, 198, 199, 200, 201, 202, 203, 204, 218, 219, 246, 247, 251, 252, 253, 256, 257, 264, 271, 273, 280, 281, 287], "summary": {"covered_lines": 93, "num_statements": 108, "percent_covered": 80.12820512820512, "percent_covered_display": "80", "missing_lines": 15, "excluded_lines": 0, "percent_statements_covered": 86.11111111111111, "percent_statements_covered_display": "86", "num_branches": 48, "num_partial_branches": 14, "covered_branches": 32, "missing_branches": 16, "percent_branches_covered": 66.66666666666667, "percent_branches_covered_display": "67"}, "missing_lines": [46, 63, 64, 70, 72, 77, 93, 107, 109, 190, 196, 243, 248, 258, 265], "excluded_lines": [], "executed_branches": [[45, 49], [52, 53], [52, 56], [56, 57], [56, 60], [61, 62], [71, 76], [76, 80], [87, -32], [103, 104], [103, 105], [106, 108], [108, -99], [125, 126], [125, 127], [145, 146], [145, 152], [152, 153], [152, 174], [164, 165], [164, 167], [167, 168], [167, 174], [189, 193], [193, 197], [219, 246], [247, 251], [252, 253], [252, 257], [257, 264], [264, 271], [280, 281]], "missing_branches": [[45, 46], [61, 63], [63, 64], [63, 70], [71, 72], [76, 77], [87, 93], [106, 107], [108, 109], [189, 190], [193, 196], [219, 243], [247, 248], [257, 258], [264, 265], [280, 287]], "functions": {"_hash_without": {"executed_lines": [27, 28, 29], "summary": {"covered_lines": 3, "num_statements": 3, "percent_covered": 100.0, "percent_covered_display": "100", "missing_lines": 0, "excluded_lines": 0, "percent_statements_covered": 100.0, "percent_statements_covered_display": "100", "num_branches": 0, "num_partial_branches": 0, "covered_branches": 0, "missing_branches": 0, "percent_branches_covered": 100.0, "percent_branches_covered_display": "100"}, "missing_lines": [], "excluded_lines": [], "start_line": 26, "executed_branches": [], "missing_branches": []}, "validate_stage9_boundary": {"executed_lines": [45, 49, 50, 51, 52, 53, 56, 57, 60, 61, 62, 71, 76, 80, 81, 82, 83, 87], "summary": {"covered_lines": 18, "num_statements": 25, "percent_covered": 65.85365853658537, "percent_covered_display": "66", "missing_lines": 7, "excluded_lines": 0, "percent_statements_covered": 72.0, "percent_statements_covered_display": "72", "num_branches": 16, "num_partial_branches": 5, "covered_branches": 9, "missing_branches": 7, "percent_branches_covered": 56.25, "percent_branches_covered_display": "56"}, "missing_lines": [46, 63, 64, 70, 72, 77, 93], "excluded_lines": [], "start_line": 32, "executed_branches": [[45, 49], [52, 53], [52, 56], [56, 57], [56, 60], [61, 62], [71, 76], [76, 80], [87, -32]], "missing_branches": [[45, 46], [61, 63], [63, 64], [63, 70], [71, 72], [76, 77], [87, 93]]}, "validate_request_boundary": {"executed_lines": [102, 103, 104, 105, 106, 108], "summary": {"covered_lines": 6, "num_statements": 8, "percent_covered": 71.42857142857143, "percent_covered_display": "71", "missing_lines": 2, "excluded_lines": 0, "percent_statements_covered": 75.0, "percent_statements_covered_display": "75", "num_branches": 6, "num_partial_branches": 2, "covered_branches": 4, "missing_branches": 2, "percent_branches_covered": 66.66666666666667, "percent_branches_covered_display": "67"}, "missing_lines": [107, 109], "excluded_lines": [], "start_line": 99, "executed_branches": [[103, 104], [103, 105], [106, 108], [108, -99]], "missing_branches": [[106, 107], [108, 109]]}, "validate_plan_against_request": {"executed_lines": [123, 124, 125, 126, 127, 130, 131, 140, 143, 144, 145, 146, 152, 153, 162, 163, 164, 165, 166, 167, 168, 174], "summary": {"covered_lines": 22, "num_statements": 22, "percent_covered": 100.0, "percent_covered_display": "100", "missing_lines": 0, "excluded_lines": 0, "percent_statements_covered": 100.0, "percent_statements_covered_display": "100", "num_branches": 10, "num_partial_branches": 0, "covered_branches": 10, "missing_branches": 0, "percent_branches_covered": 100.0, "percent_branches_covered_display": "100"}, "missing_lines": [], "excluded_lines": [], "start_line": 115, "executed_branches": [[125, 126], [125, 127], [145, 146], [145, 152], [152, 153], [152, 174], [164, 165], [164, 167], [167, 168], [167, 174]], "missing_branches": []}, "validate_result_against_request": {"executed_lines": [187, 188, 189, 193, 197, 198, 199, 200, 201, 202, 203, 204, 218, 219, 246, 247, 251, 252, 253, 256, 257, 264, 271, 273, 280, 281, 287], "summary": {"covered_lines": 27, "num_statements": 33, "percent_covered": 73.46938775510205, "percent_covered_display": "73", "missing_lines": 6, "excluded_lines": 0, "percent_statements_covered": 81.81818181818181, "percent_statements_covered_display": "82", "num_branches": 16, "num_partial_branches": 7, "covered_branches": 9, "missing_branches": 7, "percent_branches_covered": 56.25, "percent_branches_covered_display": "56"}, "missing_lines": [190, 196, 243, 248, 258, 265], "excluded_lines": [], "start_line": 177, "executed_branches": [[189, 193], [193, 197], [219, 246], [247, 251], [252, 253], [252, 257], [257, 264], [264, 271], [280, 281]], "missing_branches": [[189, 190], [193, 196], [219, 243], [247, 248], [257, 258], [264, 265], [280, 287]]}, "": {"executed_lines": [3, 5, 7, 8, 9, 10, 11, 12, 20, 21, 22, 23, 26, 32, 99, 115, 177], "summary": {"covered_lines": 17, "num_statements": 17, "percent_covered": 100.0, "percent_covered_display": "100", "missing_lines": 0, "excluded_lines": 0, "percent_statements_covered": 100.0, "percent_statements_covered_display": "100", "num_branches": 0, "num_partial_branches": 0, "covered_branches": 0, "missing_branches": 0, "percent_branches_covered": 100.0, "percent_branches_covered_display": "100"}, "missing_lines": [], "excluded_lines": [], "start_line": 1, "executed_branches": [], "missing_branches": []}}, "classes": {"": {"executed_lines": [3, 5, 7, 8, 9, 10, 11, 12, 20, 21, 22, 23, 26, 27, 28, 29, 32, 45, 49, 50, 51, 52, 53, 56, 57, 60, 61, 62, 71, 76, 80, 81, 82, 83, 87, 99, 102, 103, 104, 105, 106, 108, 115, 123, 124, 125, 126, 127, 130, 131, 140, 143, 144, 145, 146, 152, 153, 162, 163, 164, 165, 166, 167, 168, 174, 177, 187, 188, 189, 193, 197, 198, 199, 200, 201, 202, 203, 204, 218, 219, 246, 247, 251, 252, 253, 256, 257, 264, 271, 273, 280, 281, 287], "summary": {"covered_lines": 93, "num_statements": 108, "percent_covered": 80.12820512820512, "percent_covered_display": "80", "missing_lines": 15, "excluded_lines": 0, "percent_statements_covered": 86.11111111111111, "percent_statements_covered_display": "86", "num_branches": 48, "num_partial_branches": 14, "covered_branches": 32, "missing_branches": 16, "percent_branches_covered": 66.66666666666667, "percent_branches_covered_display": "67"}, "missing_lines": [46, 63, 64, 70, 72, 77, 93, 107, 109, 190, 196, 243, 248, 258, 265], "excluded_lines": [], "start_line": 1, "executed_branches": [[45, 49], [52, 53], [52, 56], [56, 57], [56, 60], [61, 62], [71, 76], [76, 80], [87, -32], [103, 104], [103, 105], [106, 108], [108, -99], [125, 126], [125, 127], [145, 146], [145, 152], [152, 153], [152, 174], [164, 165], [164, 167], [167, 168], [167, 174], [189, 193], [193, 197], [219, 246], [247, 251], [252, 253], [252, 257], [257, 264], [264, 271], [280, 281]], "missing_branches": [[45, 46], [61, 63], [63, 64], [63, 70], [71, 72], [76, 77], [87, 93], [106, 107], [108, 109], [189, 190], [193, 196], [219, 243], [247, 248], [257, 258], [264, 265], [280, 287]]}}}, "src\\dmf_pulse\\rules\\one_gameweek.py": {"executed_lines": [8, 10, 11, 12, 14, 15, 16, 17, 18, 26, 27, 28, 29, 30, 31, 34, 35, 36, 39, 40, 41, 44, 45, 48, 49, 50, 51, 52, 55, 56, 57, 58, 59, 62, 63, 64, 65, 68, 71, 72, 73, 74, 75, 78, 79, 80, 81, 84, 87, 90, 96, 100, 101, 107, 113, 121, 122, 123, 128, 133, 134, 135, 136, 137, 138, 139, 140, 141, 142, 146, 147, 149, 152, 155, 159, 160, 162, 163, 164, 165, 166, 167, 168, 173, 178, 183, 188, 224, 241, 242, 243, 244, 245, 246, 247, 248, 249, 250, 251, 252, 253, 254, 258, 259, 260, 261, 262, 263, 264, 265, 266, 267, 268, 269, 270, 271, 272, 275, 276, 280, 284, 285, 286, 287, 288, 290, 291], "summary": {"covered_lines": 127, "num_statements": 132, "percent_covered": 96.27659574468085, "percent_covered_display": "96", "missing_lines": 5, "excluded_lines": 0, "percent_statements_covered": 96.21212121212122, "percent_statements_covered_display": "96", "num_branches": 56, "num_partial_branches": 2, "covered_branches": 54, "missing_branches": 2, "percent_branches_covered": 96.42857142857143, "percent_branches_covered_display": "96"}, "missing_lines": [143, 148, 273, 274, 289], "excluded_lines": [], "executed_branches": [[35, 36], [35, 39], [39, 40], [39, 45], [40, 41], [40, 44], [50, 51], [50, 56], [51, 52], [51, 55], [57, 58], [57, 59], [64, 65], [64, 68], [73, 74], [73, 75], [80, 81], [80, 84], [90, 96], [90, 100], [101, -87], [101, 107], [121, 122], [121, 123], [123, 128], [123, 133], [140, 141], [140, 159], [142, 146], [147, 149], [243, 244], [243, 245], [247, 248], [247, 264], [249, 250], [249, 251], [258, 259], [258, 260], [262, 247], [262, 263], [264, 265], [264, 266], [268, 269], [268, 288], [271, 272], [271, 286], [272, 275], [280, 271], [280, 284], [286, 268], [286, 287], [288, 290]], "missing_branches": [[272, 273], [288, 289]], "functions": {"_plain": {"executed_lines": [35, 36, 39, 40, 41, 44, 45], "summary": {"covered_lines": 7, "num_statements": 7, "percent_covered": 100.0, "percent_covered_display": "100", "missing_lines": 0, "excluded_lines": 0, "percent_statements_covered": 100.0, "percent_statements_covered_display": "100", "num_branches": 6, "num_partial_branches": 0, "covered_branches": 6, "missing_branches": 0, "percent_branches_covered": 100.0, "percent_branches_covered_display": "100"}, "missing_lines": [], "excluded_lines": [], "start_line": 34, "executed_branches": [[35, 36], [35, 39], [39, 40], [39, 45], [40, 41], [40, 44]], "missing_branches": []}, "_mapping": {"executed_lines": [49, 50, 51, 52, 55, 56, 57, 58, 59], "summary": {"covered_lines": 9, "num_statements": 9, "percent_covered": 100.0, "percent_covered_display": "100", "missing_lines": 0, "excluded_lines": 0, "percent_statements_covered": 100.0, "percent_statements_covered_display": "100", "num_branches": 6, "num_partial_branches": 0, "covered_branches": 6, "missing_branches": 0, "percent_branches_covered": 100.0, "percent_branches_covered_display": "100"}, "missing_lines": [], "excluded_lines": [], "start_line": 48, "executed_branches": [[50, 51], [50, 56], [51, 52], [51, 55], [57, 58], [57, 59]], "missing_branches": []}, "_int": {"executed_lines": [63, 64, 65, 68], "summary": {"covered_lines": 4, "num_statements": 4, "percent_covered": 100.0, "percent_covered_display": "100", "missing_lines": 0, "excluded_lines": 0, "percent_statements_covered": 100.0, "percent_statements_covered_display": "100", "num_branches": 2, "num_partial_branches": 0, "covered_branches": 2, "missing_branches": 0, "percent_branches_covered": 100.0, "percent_branches_covered_display": "100"}, "missing_lines": [], "excluded_lines": [], "start_line": 62, "executed_branches": [[64, 65], [64, 68]], "missing_branches": []}, "_bool": {"executed_lines": [72, 73, 74, 75], "summary": {"covered_lines": 4, "num_statements": 4, "percent_covered": 100.0, "percent_covered_display": "100", "missing_lines": 0, "excluded_lines": 0, "percent_statements_covered": 100.0, "percent_statements_covered_display": "100", "num_branches": 2, "num_partial_branches": 0, "covered_branches": 2, "missing_branches": 0, "percent_branches_covered": 100.0, "percent_branches_covered_display": "100"}, "missing_lines": [], "excluded_lines": [], "start_line": 71, "executed_branches": [[73, 74], [73, 75]], "missing_branches": []}, "_literal": {"executed_lines": [79, 80, 81, 84], "summary": {"covered_lines": 4, "num_statements": 4, "percent_covered": 100.0, "percent_covered_display": "100", "missing_lines": 0, "excluded_lines": 0, "percent_statements_covered": 100.0, "percent_statements_covered_display": "100", "num_branches": 2, "num_partial_branches": 0, "covered_branches": 2, "missing_branches": 0, "percent_branches_covered": 100.0, "percent_branches_covered_display": "100"}, "missing_lines": [], "excluded_lines": [], "start_line": 78, "executed_branches": [[80, 81], [80, 84]], "missing_branches": []}, "_capability_allows_production": {"executed_lines": [90, 96, 100, 101, 107], "summary": {"covered_lines": 5, "num_statements": 5, "percent_covered": 100.0, "percent_covered_display": "100", "missing_lines": 0, "excluded_lines": 0, "percent_statements_covered": 100.0, "percent_statements_covered_display": "100", "num_branches": 4, "num_partial_branches": 0, "covered_branches": 4, "missing_branches": 0, "percent_branches_covered": 100.0, "percent_branches_covered_display": "100"}, "missing_lines": [], "excluded_lines": [], "start_line": 87, "executed_branches": [[90, 96], [90, 100], [101, -87], [101, 107]], "missing_branches": []}, "build_one_gameweek_rules_view": {"executed_lines": [121, 122, 123, 128, 133, 134, 135, 136, 137, 138, 139, 140, 141, 142, 146, 147, 149, 152, 155, 159, 162, 163, 164, 165, 166, 167, 168, 173, 178, 183, 188], "summary": {"covered_lines": 31, "num_statements": 33, "percent_covered": 95.34883720930233, "percent_covered_display": "95", "missing_lines": 2, "excluded_lines": 0, "percent_statements_covered": 93.93939393939394, "percent_statements_covered_display": "94", "num_branches": 10, "num_partial_branches": 0, "covered_branches": 10, "missing_branches": 0, "percent_branches_covered": 100.0, "percent_branches_covered_display": "100"}, "missing_lines": [143, 148], "excluded_lines": [], "start_line": 113, "executed_branches": [[121, 122], [121, 123], [123, 128], [123, 133], [140, 141], [140, 159], [142, 146], [147, 149]], "missing_branches": []}, "build_one_gameweek_rules_view.get_int": {"executed_lines": [160], "summary": {"covered_lines": 1, "num_statements": 1, "percent_covered": 100.0, "percent_covered_display": "100", "missing_lines": 0, "excluded_lines": 0, "percent_statements_covered": 100.0, "percent_statements_covered_display": "100", "num_branches": 0, "num_partial_branches": 0, "covered_branches": 0, "missing_branches": 0, "percent_branches_covered": 100.0, "percent_branches_covered_display": "100"}, "missing_lines": [], "excluded_lines": [], "start_line": 159, "executed_branches": [], "missing_branches": []}, "resolve_outfield_substitutions": {"executed_lines": [241, 242, 243, 244, 245, 246, 247, 248, 249, 250, 251, 252, 253, 254, 258, 259, 260, 261, 262, 263, 264, 265, 266, 267, 268, 269, 270, 271, 272, 275, 276, 280, 284, 285, 286, 287, 288, 290, 291], "summary": {"covered_lines": 39, "num_statements": 42, "percent_covered": 92.42424242424242, "percent_covered_display": "92", "missing_lines": 3, "excluded_lines": 0, "percent_statements_covered": 92.85714285714286, "percent_statements_covered_display": "93", "num_branches": 24, "num_partial_branches": 2, "covered_branches": 22, "missing_branches": 2, "percent_branches_covered": 91.66666666666667, "percent_branches_covered_display": "92"}, "missing_lines": [273, 274, 289], "excluded_lines": [], "start_line": 224, "executed_branches": [[243, 244], [243, 245], [247, 248], [247, 264], [249, 250], [249, 251], [258, 259], [258, 260], [262, 247], [262, 263], [264, 265], [264, 266], [268, 269], [268, 288], [271, 272], [271, 286], [272, 275], [280, 271], [280, 284], [286, 268], [286, 287], [288, 290]], "missing_branches": [[272, 273], [288, 289]]}, "": {"executed_lines": [8, 10, 11, 12, 14, 15, 16, 17, 18, 26, 27, 28, 29, 30, 31, 34, 48, 62, 71, 78, 87, 113, 224], "summary": {"covered_lines": 23, "num_statements": 23, "percent_covered": 100.0, "percent_covered_display": "100", "missing_lines": 0, "excluded_lines": 0, "percent_statements_covered": 100.0, "percent_statements_covered_display": "100", "num_branches": 0, "num_partial_branches": 0, "covered_branches": 0, "missing_branches": 0, "percent_branches_covered": 100.0, "percent_branches_covered_display": "100"}, "missing_lines": [], "excluded_lines": [], "start_line": 1, "executed_branches": [], "missing_branches": []}}, "classes": {"AutoSubstitutionResolution": {"executed_lines": [], "summary": {"covered_lines": 0, "num_statements": 0, "percent_covered": 100.0, "percent_covered_display": "100", "missing_lines": 0, "excluded_lines": 0, "percent_statements_covered": 100.0, "percent_statements_covered_display": "100", "num_branches": 0, "num_partial_branches": 0, "covered_branches": 0, "missing_branches": 0, "percent_branches_covered": 100.0, "percent_branches_covered_display": "100"}, "missing_lines": [], "excluded_lines": [], "start_line": 27, "executed_branches": [], "missing_branches": []}, "": {"executed_lines": [8, 10, 11, 12, 14, 15, 16, 17, 18, 26, 27, 28, 29, 30, 31, 34, 35, 36, 39, 40, 41, 44, 45, 48, 49, 50, 51, 52, 55, 56, 57, 58, 59, 62, 63, 64, 65, 68, 71, 72, 73, 74, 75, 78, 79, 80, 81, 84, 87, 90, 96, 100, 101, 107, 113, 121, 122, 123, 128, 133, 134, 135, 136, 137, 138, 139, 140, 141, 142, 146, 147, 149, 152, 155, 159, 160, 162, 163, 164, 165, 166, 167, 168, 173, 178, 183, 188, 224, 241, 242, 243, 244, 245, 246, 247, 248, 249, 250, 251, 252, 253, 254, 258, 259, 260, 261, 262, 263, 264, 265, 266, 267, 268, 269, 270, 271, 272, 275, 276, 280, 284, 285, 286, 287, 288, 290, 291], "summary": {"covered_lines": 127, "num_statements": 132, "percent_covered": 96.27659574468085, "percent_covered_display": "96", "missing_lines": 5, "excluded_lines": 0, "percent_statements_covered": 96.21212121212122, "percent_statements_covered_display": "96", "num_branches": 56, "num_partial_branches": 2, "covered_branches": 54, "missing_branches": 2, "percent_branches_covered": 96.42857142857143, "percent_branches_covered_display": "96"}, "missing_lines": [143, 148, 273, 274, 289], "excluded_lines": [], "start_line": 1, "executed_branches": [[35, 36], [35, 39], [39, 40], [39, 45], [40, 41], [40, 44], [50, 51], [50, 56], [51, 52], [51, 55], [57, 58], [57, 59], [64, 65], [64, 68], [73, 74], [73, 75], [80, 81], [80, 84], [90, 96], [90, 100], [101, -87], [101, 107], [121, 122], [121, 123], [123, 128], [123, 133], [140, 141], [140, 159], [142, 146], [147, 149], [243, 244], [243, 245], [247, 248], [247, 264], [249, 250], [249, 251], [258, 259], [258, 260], [262, 247], [262, 263], [264, 265], [264, 266], [268, 269], [268, 288], [271, 272], [271, 286], [272, 275], [280, 271], [280, 284], [286, 268], [286, 287], [288, 290]], "missing_branches": [[272, 273], [288, 289]]}}}}, "totals": {"covered_lines": 1098, "num_statements": 1174, "percent_covered": 91.69859514687101, "percent_covered_display": "92", "missing_lines": 76, "excluded_lines": 0, "percent_statements_covered": 93.52640545144804, "percent_statements_covered_display": "94", "num_branches": 392, "num_partial_branches": 48, "covered_branches": 338, "missing_branches": 54, "percent_branches_covered": 86.22448979591837, "percent_branches_covered_display": "86"}}